<?xml version="1.0" encoding="UTF-8"?>
<coverage generated="1785958866805" clover="3.2.0">
  <project timestamp="1785958866805" name="All files">
    <metrics statements="409" coveredstatements="371" conditionals="268" coveredconditionals="258" methods="70" coveredmethods="62" elements="747" coveredelements="691" complexity="0" loc="409" ncloc="409" packages="1" files="4" classes="4"/>
    <file name="builder.ts" path="/media/neuronet/projekty/hooks/src/builder.ts">
      <metrics statements="16" coveredstatements="14" conditionals="0" coveredconditionals="0" methods="9" coveredmethods="8"/>
      <line num="213" count="3" type="stmt"/>
      <line num="217" count="0" type="stmt"/>
      <line num="218" count="0" type="stmt"/>
      <line num="249" count="2" type="stmt"/>
      <line num="250" count="2" type="stmt"/>
      <line num="281" count="2" type="stmt"/>
      <line num="282" count="2" type="stmt"/>
      <line num="313" count="3" type="stmt"/>
      <line num="314" count="3" type="stmt"/>
      <line num="345" count="4" type="stmt"/>
      <line num="346" count="4" type="stmt"/>
      <line num="377" count="3" type="stmt"/>
      <line num="378" count="3" type="stmt"/>
      <line num="382" count="3" type="stmt"/>
      <line num="411" count="3" type="stmt"/>
      <line num="420" count="6" type="stmt"/>
    </file>
    <file name="class-utilities.ts" path="/media/neuronet/projekty/hooks/src/class-utilities.ts">
      <metrics statements="142" coveredstatements="106" conditionals="73" coveredconditionals="63" methods="28" coveredmethods="21"/>
      <line num="12" count="6" type="stmt"/>
      <line num="30" count="79" type="cond" truecount="2" falsecount="0"/>
      <line num="31" count="39" type="stmt"/>
      <line num="34" count="40" type="stmt"/>
      <line num="35" count="40" type="stmt"/>
      <line num="37" count="30" type="stmt"/>
      <line num="38" count="30" type="stmt"/>
      <line num="39" count="30" type="stmt"/>
      <line num="40" count="28" type="stmt"/>
      <line num="42" count="30" type="stmt"/>
      <line num="47" count="40" type="stmt"/>
      <line num="53" count="40" type="stmt"/>
      <line num="54" count="40" type="stmt"/>
      <line num="56" count="40" type="stmt"/>
      <line num="77" count="30" type="stmt"/>
      <line num="78" count="30" type="stmt"/>
      <line num="79" count="30" type="cond" truecount="2" falsecount="0"/>
      <line num="80" count="7" type="stmt"/>
      <line num="87" count="23" type="stmt"/>
      <line num="88" count="23" type="cond" truecount="2" falsecount="0"/>
      <line num="89" count="20" type="stmt"/>
      <line num="96" count="3" type="stmt"/>
      <line num="121" count="26" type="stmt"/>
      <line num="123" count="6" type="stmt"/>
      <line num="191" count="16" type="stmt"/>
      <line num="192" count="16" type="stmt"/>
      <line num="195" count="29" type="stmt"/>
      <line num="198" count="16" type="stmt"/>
      <line num="199" count="16" type="cond" truecount="2" falsecount="0"/>
      <line num="201" count="16" type="cond" truecount="2" falsecount="0"/>
      <line num="202" count="3" type="stmt"/>
      <line num="207" count="3" type="stmt"/>
      <line num="213" count="12" type="stmt"/>
      <line num="218" count="16" type="stmt"/>
      <line num="221" count="12" type="cond" truecount="2" falsecount="0"/>
      <line num="224" count="16" type="stmt"/>
      <line num="226" count="6" type="stmt"/>
      <line num="294" count="7" type="stmt"/>
      <line num="295" count="7" type="stmt"/>
      <line num="298" count="12" type="stmt"/>
      <line num="301" count="7" type="stmt"/>
      <line num="302" count="7" type="cond" truecount="2" falsecount="0"/>
      <line num="304" count="7" type="stmt"/>
      <line num="315" count="7" type="stmt"/>
      <line num="317" count="6" type="stmt"/>
      <line num="385" count="7" type="stmt"/>
      <line num="386" count="7" type="stmt"/>
      <line num="389" count="12" type="stmt"/>
      <line num="392" count="7" type="stmt"/>
      <line num="393" count="7" type="cond" truecount="2" falsecount="0"/>
      <line num="395" count="7" type="stmt"/>
      <line num="406" count="7" type="stmt"/>
      <line num="408" count="6" type="stmt"/>
      <line num="422" count="14" type="stmt"/>
      <line num="423" count="14" type="stmt"/>
      <line num="424" count="14" type="cond" truecount="2" falsecount="0"/>
      <line num="425" count="4" type="cond" truecount="3" falsecount="1"/>
      <line num="426" count="0" type="stmt"/>
      <line num="429" count="4" type="stmt"/>
      <line num="432" count="10" type="stmt"/>
      <line num="433" count="10" type="cond" truecount="2" falsecount="0"/>
      <line num="434" count="5" type="cond" truecount="1" falsecount="1"/>
      <line num="439" count="5" type="stmt"/>
      <line num="443" count="5" type="stmt"/>
      <line num="518" count="14" type="stmt"/>
      <line num="519" count="14" type="stmt"/>
      <line num="520" count="14" type="stmt"/>
      <line num="521" count="14" type="cond" truecount="2" falsecount="0"/>
      <line num="522" count="14" type="stmt"/>
      <line num="529" count="14" type="cond" truecount="2" falsecount="0"/>
      <line num="530" count="4" type="stmt"/>
      <line num="531" count="4" type="stmt"/>
      <line num="532" count="4" type="stmt"/>
      <line num="534" count="5" type="stmt"/>
      <line num="535" count="8" type="stmt"/>
      <line num="538" count="5" type="stmt"/>
      <line num="540" count="6" type="stmt"/>
      <line num="611" count="9" type="stmt"/>
      <line num="612" count="9" type="stmt"/>
      <line num="613" count="9" type="cond" truecount="2" falsecount="0"/>
      <line num="614" count="9" type="stmt"/>
      <line num="615" count="9" type="stmt"/>
      <line num="617" count="9" type="cond" truecount="2" falsecount="2"/>
      <line num="618" count="0" type="stmt"/>
      <line num="619" count="0" type="stmt"/>
      <line num="620" count="0" type="stmt"/>
      <line num="628" count="0" type="stmt"/>
      <line num="630" count="0" type="cond" truecount="0" falsecount="2"/>
      <line num="631" count="0" type="stmt"/>
      <line num="634" count="0" type="stmt"/>
      <line num="635" count="0" type="stmt"/>
      <line num="636" count="0" type="stmt"/>
      <line num="637" count="0" type="stmt"/>
      <line num="640" count="0" type="stmt"/>
      <line num="643" count="0" type="stmt"/>
      <line num="644" count="0" type="stmt"/>
      <line num="647" count="0" type="stmt"/>
      <line num="648" count="0" type="stmt"/>
      <line num="652" count="0" type="stmt"/>
      <line num="653" count="0" type="stmt"/>
      <line num="656" count="9" type="cond" truecount="3" falsecount="1"/>
      <line num="657" count="0" type="stmt"/>
      <line num="658" count="0" type="stmt"/>
      <line num="659" count="0" type="stmt"/>
      <line num="660" count="0" type="stmt"/>
      <line num="662" count="0" type="cond" truecount="0" falsecount="2"/>
      <line num="663" count="0" type="stmt"/>
      <line num="666" count="0" type="stmt"/>
      <line num="667" count="0" type="stmt"/>
      <line num="668" count="0" type="stmt"/>
      <line num="669" count="0" type="stmt"/>
      <line num="672" count="0" type="stmt"/>
      <line num="675" count="0" type="stmt"/>
      <line num="676" count="0" type="stmt"/>
      <line num="679" count="0" type="stmt"/>
      <line num="680" count="0" type="stmt"/>
      <line num="684" count="0" type="stmt"/>
      <line num="685" count="0" type="stmt"/>
      <line num="688" count="0" type="stmt"/>
      <line num="691" count="9" type="cond" truecount="2" falsecount="0"/>
      <line num="696" count="1" type="stmt"/>
      <line num="701" count="8" type="cond" truecount="2" falsecount="0"/>
      <line num="703" count="9" type="stmt"/>
      <line num="705" count="19" type="stmt"/>
      <line num="708" count="21" type="stmt"/>
      <line num="710" count="9" type="stmt"/>
      <line num="711" count="9" type="stmt"/>
      <line num="712" count="9" type="cond" truecount="2" falsecount="0"/>
      <line num="714" count="9" type="stmt"/>
      <line num="718" count="19" type="stmt"/>
      <line num="721" count="9" type="stmt"/>
      <line num="725" count="9" type="cond" truecount="2" falsecount="0"/>
      <line num="726" count="4" type="stmt"/>
      <line num="727" count="4" type="stmt"/>
      <line num="728" count="4" type="stmt"/>
      <line num="731" count="4" type="stmt"/>
      <line num="732" count="8" type="stmt"/>
      <line num="733" count="8" type="stmt"/>
      <line num="734" count="8" type="stmt"/>
      <line num="735" count="8" type="stmt"/>
      <line num="738" count="4" type="stmt"/>
      <line num="740" count="6" type="stmt"/>
    </file>
    <file name="hook.ts" path="/media/neuronet/projekty/hooks/src/hook.ts">
      <metrics statements="251" coveredstatements="251" conditionals="195" coveredconditionals="195" methods="33" coveredmethods="33"/>
      <line num="1" count="6" type="stmt"/>
      <line num="3" count="6" type="stmt"/>
      <line num="8" count="6" type="stmt"/>
      <line num="10" count="6" type="stmt"/>
      <line num="12" count="6" type="stmt"/>
      <line num="17" count="92" type="stmt"/>
      <line num="30" count="80" type="stmt"/>
      <line num="41" count="80" type="stmt"/>
      <line num="52" count="6" type="stmt"/>
      <line num="60" count="22" type="cond" truecount="2" falsecount="0"/>
      <line num="73" count="22" type="cond" truecount="4" falsecount="0"/>
      <line num="76" count="6" type="stmt"/>
      <line num="113" count="6" type="stmt"/>
      <line num="122" count="101" type="stmt"/>
      <line num="342" count="654" type="cond" truecount="2" falsecount="0"/>
      <line num="343" count="11" type="stmt"/>
      <line num="345" count="643" type="cond" truecount="5" falsecount="0"/>
      <line num="346" count="67" type="stmt"/>
      <line num="348" count="576" type="cond" truecount="5" falsecount="0"/>
      <line num="349" count="21" type="stmt"/>
      <line num="351" count="555" type="cond" truecount="5" falsecount="0"/>
      <line num="352" count="22" type="stmt"/>
      <line num="356" count="533" type="stmt"/>
      <line num="357" count="533" type="stmt"/>
      <line num="360" count="533" type="cond" truecount="2" falsecount="0"/>
      <line num="362" count="10" type="stmt"/>
      <line num="363" count="10" type="stmt"/>
      <line num="364" count="10" type="stmt"/>
      <line num="365" count="10" type="cond" truecount="2" falsecount="0"/>
      <line num="366" count="523" type="cond" truecount="2" falsecount="0"/>
      <line num="368" count="371" type="cond" truecount="2" falsecount="0"/>
      <line num="369" count="6" type="cond" truecount="2" falsecount="0"/>
      <line num="370" count="1" type="stmt"/>
      <line num="372" count="5" type="stmt"/>
      <line num="373" count="5" type="stmt"/>
      <line num="374" count="5" type="stmt"/>
      <line num="375" count="5" type="cond" truecount="2" falsecount="0"/>
      <line num="377" count="365" type="stmt"/>
      <line num="378" count="365" type="cond" truecount="4" falsecount="0"/>
      <line num="379" count="362" type="stmt"/>
      <line num="380" count="362" type="cond" truecount="2" falsecount="0"/>
      <line num="382" count="3" type="stmt"/>
      <line num="383" count="3" type="cond" truecount="2" falsecount="0"/>
      <line num="386" count="152" type="cond" truecount="2" falsecount="0"/>
      <line num="388" count="147" type="cond" truecount="2" falsecount="0"/>
      <line num="389" count="134" type="cond" truecount="2" falsecount="0"/>
      <line num="390" count="1" type="stmt"/>
      <line num="392" count="133" type="stmt"/>
      <line num="393" count="133" type="stmt"/>
      <line num="394" count="133" type="cond" truecount="2" falsecount="0"/>
      <line num="395" count="13" type="cond" truecount="2" falsecount="0"/>
      <line num="396" count="3" type="stmt"/>
      <line num="397" count="3" type="cond" truecount="2" falsecount="0"/>
      <line num="398" count="3" type="cond" truecount="4" falsecount="0"/>
      <line num="399" count="1" type="stmt"/>
      <line num="401" count="2" type="stmt"/>
      <line num="403" count="10" type="stmt"/>
      <line num="404" count="10" type="cond" truecount="2" falsecount="0"/>
      <line num="408" count="5" type="cond" truecount="2" falsecount="0"/>
      <line num="409" count="5" type="stmt"/>
      <line num="412" count="530" type="stmt"/>
      <line num="420" count="719" type="stmt"/>
      <line num="421" count="719" type="stmt"/>
      <line num="425" count="719" type="stmt"/>
      <line num="426" count="214" type="stmt"/>
      <line num="428" count="719" type="stmt"/>
      <line num="430" count="719" type="stmt"/>
      <line num="432" count="719" type="cond" truecount="2" falsecount="0"/>
      <line num="433" count="629" type="cond" truecount="2" falsecount="0"/>
      <line num="434" count="4" type="cond" truecount="2" falsecount="0"/>
      <line num="435" count="4" type="stmt"/>
      <line num="436" count="4" type="stmt"/>
      <line num="437" count="4" type="stmt"/>
      <line num="438" count="4" type="stmt"/>
      <line num="440" count="625" type="stmt"/>
      <line num="441" count="625" type="stmt"/>
      <line num="442" count="625" type="stmt"/>
      <line num="443" count="625" type="stmt"/>
      <line num="444" count="1178" type="cond" truecount="2" falsecount="0"/>
      <line num="445" count="554" type="stmt"/>
      <line num="447" count="624" type="stmt"/>
      <line num="451" count="715" type="cond" truecount="2" falsecount="0"/>
      <line num="452" count="719" type="stmt"/>
      <line num="453" count="719" type="stmt"/>
      <line num="456" count="530" type="stmt"/>
      <line num="458" count="530" type="stmt"/>
      <line num="460" count="6" type="stmt"/>
      <line num="484" count="269" type="stmt"/>
      <line num="486" count="269" type="cond" truecount="2" falsecount="0"/>
      <line num="489" count="269" type="cond" truecount="2" falsecount="0"/>
      <line num="490" count="141" type="stmt"/>
      <line num="494" count="269" type="cond" truecount="4" falsecount="0"/>
      <line num="495" count="63" type="stmt"/>
      <line num="496" count="63" type="stmt"/>
      <line num="497" count="63" type="stmt"/>
      <line num="498" count="63" type="stmt"/>
      <line num="499" count="206" type="cond" truecount="2" falsecount="0"/>
      <line num="501" count="65" type="stmt"/>
      <line num="504" count="269" type="stmt"/>
      <line num="505" count="269" type="cond" truecount="2" falsecount="0"/>
      <line num="506" count="291" type="stmt"/>
      <line num="507" count="291" type="cond" truecount="4" falsecount="0"/>
      <line num="509" count="153" type="cond" truecount="2" falsecount="0"/>
      <line num="510" count="53" type="stmt"/>
      <line num="511" count="53" type="stmt"/>
      <line num="514" count="153" type="stmt"/>
      <line num="516" count="291" type="stmt"/>
      <line num="519" count="269" type="stmt"/>
      <line num="521" count="6" type="stmt"/>
      <line num="532" count="84" type="stmt"/>
      <line num="533" count="84" type="cond" truecount="2" falsecount="0"/>
      <line num="534" count="84" type="stmt"/>
      <line num="535" count="17" type="stmt"/>
      <line num="536" count="17" type="cond" truecount="4" falsecount="0"/>
      <line num="537" count="11" type="stmt"/>
      <line num="582" count="166" type="cond" truecount="2" falsecount="0"/>
      <line num="583" count="79" type="stmt"/>
      <line num="589" count="87" type="stmt"/>
      <line num="617" count="100" type="stmt"/>
      <line num="618" count="100" type="stmt"/>
      <line num="619" count="206" type="cond" truecount="2" falsecount="0"/>
      <line num="620" count="120" type="cond" truecount="2" falsecount="0"/>
      <line num="621" count="120" type="cond" truecount="2" falsecount="0"/>
      <line num="623" count="206" type="stmt"/>
      <line num="651" count="33" type="stmt"/>
      <line num="652" count="33" type="stmt"/>
      <line num="653" count="33" type="stmt"/>
      <line num="655" count="33" type="stmt"/>
      <line num="657" count="103" type="cond" truecount="2" falsecount="0"/>
      <line num="658" count="39" type="cond" truecount="2" falsecount="0"/>
      <line num="659" count="39" type="cond" truecount="2" falsecount="0"/>
      <line num="661" count="103" type="stmt"/>
      <line num="664" count="36" type="cond" truecount="2" falsecount="0"/>
      <line num="665" count="29" type="cond" truecount="2" falsecount="0"/>
      <line num="666" count="29" type="cond" truecount="2" falsecount="0"/>
      <line num="668" count="36" type="stmt"/>
      <line num="671" count="43" type="cond" truecount="2" falsecount="0"/>
      <line num="672" count="42" type="cond" truecount="2" falsecount="0"/>
      <line num="673" count="42" type="cond" truecount="2" falsecount="0"/>
      <line num="675" count="43" type="stmt"/>
      <line num="714" count="121" type="stmt"/>
      <line num="715" count="121" type="stmt"/>
      <line num="716" count="121" type="stmt"/>
      <line num="718" count="121" type="stmt"/>
      <line num="719" count="121" type="stmt"/>
      <line num="720" count="121" type="cond" truecount="2" falsecount="0"/>
      <line num="722" count="121" type="cond" truecount="4" falsecount="0"/>
      <line num="723" count="17" type="stmt"/>
      <line num="724" count="17" type="cond" truecount="2" falsecount="0"/>
      <line num="725" count="17" type="stmt"/>
      <line num="727" count="17" type="stmt"/>
      <line num="732" count="18" type="cond" truecount="2" falsecount="0"/>
      <line num="733" count="6" type="cond" truecount="2" falsecount="0"/>
      <line num="736" count="12" type="cond" truecount="2" falsecount="0"/>
      <line num="740" count="17" type="stmt"/>
      <line num="743" count="104" type="cond" truecount="2" falsecount="0"/>
      <line num="744" count="25" type="stmt"/>
      <line num="745" count="25" type="stmt"/>
      <line num="748" count="79" type="cond" truecount="2" falsecount="0"/>
      <line num="749" count="23" type="stmt"/>
      <line num="750" count="23" type="stmt"/>
      <line num="751" count="23" type="stmt"/>
      <line num="752" count="56" type="cond" truecount="2" falsecount="0"/>
      <line num="753" count="22" type="stmt"/>
      <line num="754" count="22" type="stmt"/>
      <line num="755" count="34" type="cond" truecount="2" falsecount="0"/>
      <line num="756" count="22" type="stmt"/>
      <line num="757" count="22" type="stmt"/>
      <line num="760" count="79" type="stmt"/>
      <line num="860" count="6" type="stmt"/>
      <line num="1033" count="350" type="stmt"/>
      <line num="1036" count="350" type="stmt"/>
      <line num="1038" count="350" type="cond" truecount="2" falsecount="0"/>
      <line num="1039" count="20" type="stmt"/>
      <line num="1040" count="20" type="stmt"/>
      <line num="1042" count="330" type="stmt"/>
      <line num="1045" count="350" type="cond" truecount="2" falsecount="0"/>
      <line num="1047" count="324" type="stmt"/>
      <line num="1048" count="324" type="stmt"/>
      <line num="1049" count="26" type="cond" truecount="2" falsecount="0"/>
      <line num="1051" count="25" type="stmt"/>
      <line num="1053" count="1" type="stmt"/>
      <line num="1056" count="349" type="cond" truecount="2" falsecount="0"/>
      <line num="1057" count="3" type="stmt"/>
      <line num="1062" count="346" type="cond" truecount="2" falsecount="0"/>
      <line num="1066" count="9" type="cond" truecount="2" falsecount="0"/>
      <line num="1067" count="2" type="stmt"/>
      <line num="1069" count="7" type="stmt"/>
      <line num="1071" count="344" type="stmt"/>
      <line num="1072" count="344" type="stmt"/>
      <line num="1074" count="344" type="cond" truecount="2" falsecount="0"/>
      <line num="1075" count="325" type="stmt"/>
      <line num="1076" count="325" type="stmt"/>
      <line num="1079" count="344" type="stmt"/>
      <line num="1080" count="344" type="stmt"/>
      <line num="1082" count="6" type="stmt"/>
      <line num="1099" count="5" type="stmt"/>
      <line num="1100" count="5" type="cond" truecount="2" falsecount="0"/>
      <line num="1101" count="1" type="stmt"/>
      <line num="1104" count="4" type="stmt"/>
      <line num="1105" count="4" type="cond" truecount="2" falsecount="0"/>
      <line num="1106" count="5" type="stmt"/>
      <line num="1107" count="3" type="cond" truecount="2" falsecount="0"/>
      <line num="1110" count="5" type="stmt"/>
      <line num="1119" count="3" type="stmt"/>
      <line num="1120" count="3" type="cond" truecount="2" falsecount="0"/>
      <line num="1121" count="1" type="stmt"/>
      <line num="1124" count="2" type="stmt"/>
      <line num="1125" count="2" type="cond" truecount="2" falsecount="0"/>
      <line num="1126" count="1" type="stmt"/>
      <line num="1129" count="1" type="stmt"/>
      <line num="1140" count="33" type="stmt"/>
      <line num="1141" count="33" type="cond" truecount="2" falsecount="0"/>
      <line num="1142" count="1" type="stmt"/>
      <line num="1145" count="32" type="stmt"/>
      <line num="1146" count="32" type="cond" truecount="2" falsecount="0"/>
      <line num="1147" count="1" type="stmt"/>
      <line num="1150" count="31" type="stmt"/>
      <line num="1151" count="31" type="cond" truecount="2" falsecount="0"/>
      <line num="1152" count="30" type="stmt"/>
      <line num="1153" count="30" type="cond" truecount="2" falsecount="0"/>
      <line num="1154" count="27" type="stmt"/>
      <line num="1155" count="27" type="cond" truecount="2" falsecount="0"/>
      <line num="1156" count="15" type="stmt"/>
      <line num="1164" count="6" type="stmt"/>
      <line num="1175" count="1" type="stmt"/>
      <line num="1176" count="1" type="stmt"/>
      <line num="1177" count="1" type="stmt"/>
      <line num="1178" count="1" type="stmt"/>
      <line num="1180" count="1" type="stmt"/>
      <line num="1201" count="1269" type="cond" truecount="2" falsecount="0"/>
      <line num="1202" count="1" type="stmt"/>
      <line num="1204" count="1268" type="cond" truecount="2" falsecount="0"/>
      <line num="1205" count="1269" type="stmt"/>
      <line num="1206" count="1269" type="stmt"/>
      <line num="1207" count="1269" type="cond" truecount="2" falsecount="0"/>
      <line num="1208" count="618" type="stmt"/>
      <line num="1209" count="618" type="stmt"/>
      <line num="1212" count="650" type="stmt"/>
      <line num="1213" count="650" type="cond" truecount="2" falsecount="0"/>
      <line num="1214" count="124" type="stmt"/>
      <line num="1215" count="124" type="stmt"/>
      <line num="1220" count="526" type="stmt"/>
      <line num="1222" count="526" type="stmt"/>
      <line num="1223" count="526" type="stmt"/>
      <line num="1224" count="1074" type="cond" truecount="2" falsecount="0"/>
      <line num="1225" count="549" type="stmt"/>
      <line num="1226" count="549" type="stmt"/>
      <line num="1228" count="525" type="stmt"/>
      <line num="1229" count="525" type="stmt"/>
      <line num="1233" count="526" type="stmt"/>
    </file>
    <file name="index.ts" path="/media/neuronet/projekty/hooks/src/index.ts">
      <metrics statements="0" coveredstatements="0" conditionals="0" coveredconditionals="0" methods="0" coveredmethods="0"/>
    </file>
  </project>
</coverage>
