<?xml version="1.0" encoding="UTF-8"?>
<coverage generated="1785439907817" clover="3.2.0">
  <project timestamp="1785439907817" name="All files">
    <metrics statements="396" coveredstatements="396" conditionals="241" coveredconditionals="241" methods="73" coveredmethods="73" elements="710" coveredelements="710" complexity="0" loc="396" ncloc="396" packages="1" files="3" classes="3"/>
    <file name="builder.ts" path="/media/neuronet/projekty/hooks/src/builder.ts">
      <metrics statements="13" coveredstatements="13" conditionals="0" coveredconditionals="0" methods="8" coveredmethods="8"/>
      <line num="205" count="2" type="stmt"/>
      <line num="236" count="2" type="stmt"/>
      <line num="237" count="2" type="stmt"/>
      <line num="268" count="2" type="stmt"/>
      <line num="269" count="2" type="stmt"/>
      <line num="300" count="3" type="stmt"/>
      <line num="301" count="3" type="stmt"/>
      <line num="332" count="3" type="stmt"/>
      <line num="333" count="3" type="stmt"/>
      <line num="364" count="3" type="stmt"/>
      <line num="365" count="3" type="stmt"/>
      <line num="369" count="2" type="stmt"/>
      <line num="398" count="2" type="stmt"/>
    </file>
    <file name="hook.ts" path="/media/neuronet/projekty/hooks/src/hook.ts">
      <metrics statements="383" coveredstatements="383" conditionals="241" coveredconditionals="241" methods="65" coveredmethods="65"/>
      <line num="1" count="5" type="stmt"/>
      <line num="3" count="5" type="stmt"/>
      <line num="8" count="5" type="stmt"/>
      <line num="10" count="5" type="stmt"/>
      <line num="11" count="90" type="stmt"/>
      <line num="21" count="394" type="stmt"/>
      <line num="30" count="534" type="stmt"/>
      <line num="31" count="534" type="stmt"/>
      <line num="32" count="996" type="cond" truecount="2" falsecount="0"/>
      <line num="33" count="1" type="stmt"/>
      <line num="35" count="995" type="stmt"/>
      <line num="38" count="534" type="stmt"/>
      <line num="45" count="88" type="stmt"/>
      <line num="46" count="176" type="cond" truecount="2" falsecount="0"/>
      <line num="47" count="1" type="stmt"/>
      <line num="49" count="175" type="stmt"/>
      <line num="64" count="394" type="stmt"/>
      <line num="77" count="5" type="stmt"/>
      <line num="90" count="77" type="stmt"/>
      <line num="101" count="77" type="stmt"/>
      <line num="112" count="5" type="stmt"/>
      <line num="152" count="5" type="stmt"/>
      <line num="161" count="101" type="stmt"/>
      <line num="264" count="610" type="cond" truecount="2" falsecount="0"/>
      <line num="265" count="11" type="stmt"/>
      <line num="267" count="599" type="cond" truecount="5" falsecount="0"/>
      <line num="268" count="67" type="stmt"/>
      <line num="270" count="532" type="cond" truecount="5" falsecount="0"/>
      <line num="271" count="21" type="stmt"/>
      <line num="273" count="511" type="cond" truecount="5" falsecount="0"/>
      <line num="274" count="22" type="stmt"/>
      <line num="278" count="489" type="stmt"/>
      <line num="279" count="489" type="stmt"/>
      <line num="282" count="489" type="cond" truecount="2" falsecount="0"/>
      <line num="284" count="8" type="stmt"/>
      <line num="285" count="8" type="stmt"/>
      <line num="286" count="8" type="stmt"/>
      <line num="287" count="8" type="cond" truecount="2" falsecount="0"/>
      <line num="288" count="481" type="cond" truecount="2" falsecount="0"/>
      <line num="290" count="331" type="cond" truecount="2" falsecount="0"/>
      <line num="291" count="6" type="cond" truecount="2" falsecount="0"/>
      <line num="292" count="1" type="stmt"/>
      <line num="294" count="5" type="stmt"/>
      <line num="295" count="5" type="stmt"/>
      <line num="296" count="5" type="stmt"/>
      <line num="297" count="5" type="cond" truecount="2" falsecount="0"/>
      <line num="299" count="325" type="stmt"/>
      <line num="300" count="325" type="cond" truecount="4" falsecount="0"/>
      <line num="301" count="322" type="stmt"/>
      <line num="302" count="322" type="cond" truecount="2" falsecount="0"/>
      <line num="304" count="3" type="stmt"/>
      <line num="305" count="3" type="cond" truecount="2" falsecount="0"/>
      <line num="308" count="150" type="cond" truecount="2" falsecount="0"/>
      <line num="310" count="146" type="cond" truecount="2" falsecount="0"/>
      <line num="311" count="134" type="cond" truecount="2" falsecount="0"/>
      <line num="312" count="1" type="stmt"/>
      <line num="314" count="133" type="stmt"/>
      <line num="315" count="133" type="stmt"/>
      <line num="316" count="133" type="cond" truecount="2" falsecount="0"/>
      <line num="317" count="12" type="cond" truecount="2" falsecount="0"/>
      <line num="318" count="3" type="stmt"/>
      <line num="319" count="3" type="cond" truecount="2" falsecount="0"/>
      <line num="320" count="3" type="stmt"/>
      <line num="322" count="9" type="stmt"/>
      <line num="323" count="9" type="cond" truecount="2" falsecount="0"/>
      <line num="327" count="4" type="cond" truecount="2" falsecount="0"/>
      <line num="328" count="4" type="stmt"/>
      <line num="331" count="487" type="stmt"/>
      <line num="339" count="669" type="stmt"/>
      <line num="340" count="669" type="stmt"/>
      <line num="344" count="669" type="stmt"/>
      <line num="345" count="205" type="stmt"/>
      <line num="347" count="669" type="stmt"/>
      <line num="349" count="669" type="stmt"/>
      <line num="351" count="669" type="cond" truecount="2" falsecount="0"/>
      <line num="352" count="530" type="stmt"/>
      <line num="353" count="530" type="cond" truecount="2" falsecount="0"/>
      <line num="354" count="2" type="cond" truecount="2" falsecount="0"/>
      <line num="355" count="2" type="stmt"/>
      <line num="356" count="2" type="stmt"/>
      <line num="357" count="2" type="stmt"/>
      <line num="358" count="2" type="stmt"/>
      <line num="360" count="528" type="stmt"/>
      <line num="361" count="528" type="stmt"/>
      <line num="362" count="528" type="stmt"/>
      <line num="363" count="528" type="stmt"/>
      <line num="364" count="984" type="cond" truecount="2" falsecount="0"/>
      <line num="365" count="456" type="stmt"/>
      <line num="367" count="528" type="stmt"/>
      <line num="371" count="667" type="cond" truecount="2" falsecount="0"/>
      <line num="372" count="669" type="stmt"/>
      <line num="373" count="669" type="stmt"/>
      <line num="376" count="487" type="stmt"/>
      <line num="378" count="487" type="stmt"/>
      <line num="390" count="84" type="stmt"/>
      <line num="391" count="84" type="cond" truecount="2" falsecount="0"/>
      <line num="392" count="84" type="stmt"/>
      <line num="393" count="17" type="stmt"/>
      <line num="394" count="17" type="cond" truecount="4" falsecount="0"/>
      <line num="395" count="11" type="stmt"/>
      <line num="430" count="5" type="stmt"/>
      <line num="446" count="170" type="cond" truecount="2" falsecount="0"/>
      <line num="447" count="80" type="stmt"/>
      <line num="453" count="90" type="stmt"/>
      <line num="479" count="96" type="stmt"/>
      <line num="480" count="96" type="stmt"/>
      <line num="481" count="202" type="cond" truecount="2" falsecount="0"/>
      <line num="482" count="116" type="cond" truecount="2" falsecount="0"/>
      <line num="483" count="116" type="cond" truecount="2" falsecount="0"/>
      <line num="485" count="202" type="stmt"/>
      <line num="510" count="34" type="stmt"/>
      <line num="511" count="34" type="stmt"/>
      <line num="512" count="34" type="stmt"/>
      <line num="514" count="34" type="stmt"/>
      <line num="516" count="107" type="cond" truecount="2" falsecount="0"/>
      <line num="517" count="42" type="cond" truecount="2" falsecount="0"/>
      <line num="518" count="42" type="stmt"/>
      <line num="524" count="107" type="stmt"/>
      <line num="527" count="37" type="cond" truecount="2" falsecount="0"/>
      <line num="528" count="31" type="cond" truecount="2" falsecount="0"/>
      <line num="529" count="31" type="stmt"/>
      <line num="535" count="37" type="stmt"/>
      <line num="538" count="45" type="cond" truecount="2" falsecount="0"/>
      <line num="539" count="44" type="cond" truecount="2" falsecount="0"/>
      <line num="540" count="44" type="stmt"/>
      <line num="546" count="45" type="stmt"/>
      <line num="569" count="9" type="stmt"/>
      <line num="570" count="9" type="stmt"/>
      <line num="579" count="9" type="stmt"/>
      <line num="595" count="49" type="stmt"/>
      <line num="596" count="49" type="cond" truecount="2" falsecount="0"/>
      <line num="597" count="25" type="stmt"/>
      <line num="600" count="24" type="stmt"/>
      <line num="601" count="24" type="stmt"/>
      <line num="603" count="21" type="stmt"/>
      <line num="604" count="21" type="stmt"/>
      <line num="605" count="26" type="stmt"/>
      <line num="607" count="21" type="stmt"/>
      <line num="611" count="24" type="stmt"/>
      <line num="617" count="24" type="stmt"/>
      <line num="618" count="24" type="stmt"/>
      <line num="619" count="24" type="stmt"/>
      <line num="621" count="24" type="stmt"/>
      <line num="642" count="27" type="stmt"/>
      <line num="643" count="27" type="cond" truecount="2" falsecount="0"/>
      <line num="644" count="7" type="stmt"/>
      <line num="651" count="20" type="stmt"/>
      <line num="652" count="20" type="cond" truecount="2" falsecount="0"/>
      <line num="653" count="17" type="stmt"/>
      <line num="660" count="3" type="stmt"/>
      <line num="677" count="7" type="stmt"/>
      <line num="678" count="7" type="cond" truecount="2" falsecount="0"/>
      <line num="679" count="2" type="cond" truecount="2" falsecount="0"/>
      <line num="684" count="1" type="stmt"/>
      <line num="687" count="1" type="stmt"/>
      <line num="690" count="5" type="stmt"/>
      <line num="691" count="5" type="cond" truecount="2" falsecount="0"/>
      <line num="692" count="1" type="stmt"/>
      <line num="695" count="4" type="stmt"/>
      <line num="708" count="6" type="cond" truecount="3" falsecount="0"/>
      <line num="745" count="130" type="stmt"/>
      <line num="746" count="130" type="stmt"/>
      <line num="747" count="130" type="stmt"/>
      <line num="748" count="130" type="stmt"/>
      <line num="749" count="130" type="stmt"/>
      <line num="750" count="130" type="cond" truecount="2" falsecount="0"/>
      <line num="752" count="130" type="cond" truecount="4" falsecount="0"/>
      <line num="753" count="26" type="stmt"/>
      <line num="754" count="26" type="cond" truecount="2" falsecount="0"/>
      <line num="755" count="26" type="stmt"/>
      <line num="757" count="26" type="stmt"/>
      <line num="762" count="28" type="cond" truecount="2" falsecount="0"/>
      <line num="763" count="6" type="cond" truecount="2" falsecount="0"/>
      <line num="766" count="22" type="cond" truecount="2" falsecount="0"/>
      <line num="770" count="26" type="stmt"/>
      <line num="773" count="104" type="cond" truecount="2" falsecount="0"/>
      <line num="774" count="25" type="stmt"/>
      <line num="775" count="25" type="stmt"/>
      <line num="778" count="79" type="cond" truecount="2" falsecount="0"/>
      <line num="779" count="23" type="stmt"/>
      <line num="780" count="23" type="stmt"/>
      <line num="781" count="23" type="stmt"/>
      <line num="782" count="56" type="cond" truecount="2" falsecount="0"/>
      <line num="783" count="22" type="stmt"/>
      <line num="784" count="22" type="stmt"/>
      <line num="785" count="34" type="cond" truecount="2" falsecount="0"/>
      <line num="786" count="22" type="stmt"/>
      <line num="787" count="22" type="stmt"/>
      <line num="790" count="79" type="stmt"/>
      <line num="810" count="4" type="stmt"/>
      <line num="877" count="13" type="stmt"/>
      <line num="878" count="13" type="stmt"/>
      <line num="881" count="23" type="stmt"/>
      <line num="884" count="13" type="stmt"/>
      <line num="885" count="13" type="cond" truecount="2" falsecount="0"/>
      <line num="887" count="13" type="cond" truecount="2" falsecount="0"/>
      <line num="888" count="3" type="cond" truecount="2" falsecount="0"/>
      <line num="890" count="3" type="stmt"/>
      <line num="895" count="3" type="stmt"/>
      <line num="898" count="9" type="stmt"/>
      <line num="899" count="9" type="stmt"/>
      <line num="900" count="9" type="stmt"/>
      <line num="901" count="9" type="stmt"/>
      <line num="902" count="9" type="stmt"/>
      <line num="903" count="10" type="stmt"/>
      <line num="904" count="10" type="stmt"/>
      <line num="908" count="9" type="stmt"/>
      <line num="912" count="6" type="cond" truecount="2" falsecount="0"/>
      <line num="913" count="3" type="stmt"/>
      <line num="916" count="3" type="cond" truecount="2" falsecount="0"/>
      <line num="917" count="2" type="stmt"/>
      <line num="920" count="3" type="stmt"/>
      <line num="923" count="10" type="stmt"/>
      <line num="932" count="9" type="stmt"/>
      <line num="933" count="9" type="cond" truecount="2" falsecount="0"/>
      <line num="934" count="8" type="stmt"/>
      <line num="938" count="9" type="stmt"/>
      <line num="996" count="7" type="stmt"/>
      <line num="997" count="7" type="stmt"/>
      <line num="1000" count="12" type="stmt"/>
      <line num="1003" count="7" type="stmt"/>
      <line num="1004" count="7" type="cond" truecount="2" falsecount="0"/>
      <line num="1005" count="7" type="stmt"/>
      <line num="1016" count="7" type="stmt"/>
      <line num="1074" count="7" type="stmt"/>
      <line num="1075" count="7" type="stmt"/>
      <line num="1078" count="12" type="stmt"/>
      <line num="1081" count="7" type="stmt"/>
      <line num="1082" count="7" type="cond" truecount="2" falsecount="0"/>
      <line num="1084" count="7" type="stmt"/>
      <line num="1095" count="7" type="stmt"/>
      <line num="1156" count="7" type="stmt"/>
      <line num="1157" count="7" type="stmt"/>
      <line num="1158" count="7" type="stmt"/>
      <line num="1159" count="7" type="cond" truecount="2" falsecount="0"/>
      <line num="1160" count="7" type="stmt"/>
      <line num="1167" count="7" type="cond" truecount="2" falsecount="0"/>
      <line num="1168" count="1" type="stmt"/>
      <line num="1169" count="1" type="stmt"/>
      <line num="1172" count="4" type="stmt"/>
      <line num="1173" count="7" type="stmt"/>
      <line num="1176" count="4" type="stmt"/>
      <line num="1232" count="11" type="stmt"/>
      <line num="1233" count="11" type="stmt"/>
      <line num="1234" count="11" type="cond" truecount="2" falsecount="0"/>
      <line num="1235" count="11" type="stmt"/>
      <line num="1236" count="11" type="stmt"/>
      <line num="1238" count="11" type="cond" truecount="4" falsecount="0"/>
      <line num="1239" count="1" type="stmt"/>
      <line num="1240" count="1" type="stmt"/>
      <line num="1241" count="1" type="stmt"/>
      <line num="1249" count="1" type="stmt"/>
      <line num="1250" count="1" type="stmt"/>
      <line num="1251" count="4" type="cond" truecount="2" falsecount="0"/>
      <line num="1252" count="3" type="stmt"/>
      <line num="1255" count="1" type="stmt"/>
      <line num="1256" count="1" type="stmt"/>
      <line num="1257" count="1" type="stmt"/>
      <line num="1258" count="1" type="stmt"/>
      <line num="1261" count="1" type="stmt"/>
      <line num="1264" count="2" type="stmt"/>
      <line num="1265" count="2" type="stmt"/>
      <line num="1268" count="1" type="stmt"/>
      <line num="1269" count="1" type="stmt"/>
      <line num="1273" count="1" type="stmt"/>
      <line num="1274" count="1" type="stmt"/>
      <line num="1277" count="10" type="cond" truecount="4" falsecount="0"/>
      <line num="1278" count="2" type="stmt"/>
      <line num="1279" count="2" type="stmt"/>
      <line num="1280" count="2" type="stmt"/>
      <line num="1281" count="2" type="stmt"/>
      <line num="1282" count="2" type="stmt"/>
      <line num="1283" count="18" type="cond" truecount="2" falsecount="0"/>
      <line num="1284" count="13" type="stmt"/>
      <line num="1287" count="5" type="stmt"/>
      <line num="1288" count="5" type="stmt"/>
      <line num="1289" count="5" type="stmt"/>
      <line num="1290" count="5" type="stmt"/>
      <line num="1293" count="2" type="stmt"/>
      <line num="1296" count="9" type="stmt"/>
      <line num="1297" count="9" type="stmt"/>
      <line num="1300" count="4" type="stmt"/>
      <line num="1301" count="4" type="stmt"/>
      <line num="1305" count="2" type="stmt"/>
      <line num="1306" count="5" type="stmt"/>
      <line num="1309" count="2" type="stmt"/>
      <line num="1312" count="8" type="cond" truecount="2" falsecount="0"/>
      <line num="1313" count="1" type="stmt"/>
      <line num="1318" count="7" type="cond" truecount="2" falsecount="0"/>
      <line num="1324" count="1" type="stmt"/>
      <line num="1329" count="6" type="stmt"/>
      <line num="1330" count="6" type="stmt"/>
      <line num="1331" count="12" type="stmt"/>
      <line num="1333" count="6" type="stmt"/>
      <line num="1334" count="13" type="stmt"/>
      <line num="1336" count="6" type="stmt"/>
      <line num="1337" count="6" type="stmt"/>
      <line num="1338" count="6" type="cond" truecount="2" falsecount="0"/>
      <line num="1340" count="11" type="stmt"/>
      <line num="1344" count="12" type="stmt"/>
      <line num="1347" count="5" type="stmt"/>
      <line num="1351" count="11" type="cond" truecount="2" falsecount="0"/>
      <line num="1352" count="3" type="stmt"/>
      <line num="1353" count="3" type="stmt"/>
      <line num="1354" count="3" type="stmt"/>
      <line num="1357" count="3" type="stmt"/>
      <line num="1358" count="5" type="stmt"/>
      <line num="1359" count="5" type="stmt"/>
      <line num="1360" count="5" type="stmt"/>
      <line num="1361" count="5" type="stmt"/>
      <line num="1364" count="3" type="stmt"/>
      <line num="1463" count="5" type="stmt"/>
      <line num="1498" count="328" type="stmt"/>
      <line num="1501" count="328" type="stmt"/>
      <line num="1502" count="328" type="cond" truecount="2" falsecount="0"/>
      <line num="1503" count="19" type="stmt"/>
      <line num="1504" count="19" type="stmt"/>
      <line num="1506" count="309" type="stmt"/>
      <line num="1509" count="328" type="cond" truecount="2" falsecount="0"/>
      <line num="1511" count="304" type="stmt"/>
      <line num="1512" count="304" type="stmt"/>
      <line num="1513" count="24" type="cond" truecount="2" falsecount="0"/>
      <line num="1515" count="23" type="stmt"/>
      <line num="1517" count="1" type="stmt"/>
      <line num="1520" count="327" type="cond" truecount="2" falsecount="0"/>
      <line num="1521" count="2" type="stmt"/>
      <line num="1526" count="325" type="cond" truecount="2" falsecount="0"/>
      <line num="1530" count="4" type="stmt"/>
      <line num="1531" count="4" type="stmt"/>
      <line num="1534" count="325" type="stmt"/>
      <line num="1535" count="325" type="stmt"/>
      <line num="1537" count="325" type="cond" truecount="2" falsecount="0"/>
      <line num="1538" count="307" type="stmt"/>
      <line num="1539" count="307" type="stmt"/>
      <line num="1542" count="325" type="stmt"/>
      <line num="1543" count="325" type="stmt"/>
      <line num="1561" count="5" type="stmt"/>
      <line num="1562" count="5" type="cond" truecount="2" falsecount="0"/>
      <line num="1563" count="1" type="stmt"/>
      <line num="1566" count="4" type="stmt"/>
      <line num="1567" count="4" type="cond" truecount="2" falsecount="0"/>
      <line num="1568" count="5" type="stmt"/>
      <line num="1569" count="3" type="cond" truecount="2" falsecount="0"/>
      <line num="1572" count="5" type="stmt"/>
      <line num="1581" count="3" type="stmt"/>
      <line num="1582" count="3" type="cond" truecount="2" falsecount="0"/>
      <line num="1583" count="1" type="stmt"/>
      <line num="1586" count="2" type="stmt"/>
      <line num="1587" count="2" type="cond" truecount="2" falsecount="0"/>
      <line num="1588" count="1" type="stmt"/>
      <line num="1591" count="1" type="stmt"/>
      <line num="1602" count="33" type="stmt"/>
      <line num="1603" count="33" type="cond" truecount="2" falsecount="0"/>
      <line num="1604" count="1" type="stmt"/>
      <line num="1607" count="32" type="stmt"/>
      <line num="1608" count="32" type="cond" truecount="2" falsecount="0"/>
      <line num="1609" count="1" type="stmt"/>
      <line num="1612" count="31" type="stmt"/>
      <line num="1613" count="31" type="cond" truecount="2" falsecount="0"/>
      <line num="1614" count="30" type="stmt"/>
      <line num="1615" count="30" type="cond" truecount="2" falsecount="0"/>
      <line num="1616" count="27" type="stmt"/>
      <line num="1617" count="27" type="cond" truecount="2" falsecount="0"/>
      <line num="1618" count="15" type="stmt"/>
      <line num="1643" count="1123" type="cond" truecount="2" falsecount="0"/>
      <line num="1644" count="1123" type="stmt"/>
      <line num="1645" count="1123" type="stmt"/>
      <line num="1646" count="1123" type="cond" truecount="2" falsecount="0"/>
      <line num="1647" count="509" type="stmt"/>
      <line num="1648" count="509" type="stmt"/>
      <line num="1651" count="614" type="stmt"/>
      <line num="1652" count="614" type="cond" truecount="2" falsecount="0"/>
      <line num="1653" count="113" type="stmt"/>
      <line num="1654" count="113" type="stmt"/>
      <line num="1659" count="501" type="stmt"/>
      <line num="1661" count="501" type="stmt"/>
      <line num="1662" count="501" type="stmt"/>
      <line num="1663" count="1024" type="cond" truecount="2" falsecount="0"/>
      <line num="1664" count="523" type="stmt"/>
      <line num="1665" count="523" type="stmt"/>
      <line num="1667" count="501" type="stmt"/>
      <line num="1668" count="501" type="stmt"/>
      <line num="1672" count="501" type="stmt"/>
    </file>
    <file name="index.ts" path="/media/neuronet/projekty/hooks/src/index.ts">
      <metrics statements="0" coveredstatements="0" conditionals="0" coveredconditionals="0" methods="0" coveredmethods="0"/>
    </file>
  </project>
</coverage>
