{"/media/neuronet/projekty/hooks/src/builder.ts": {"path":"/media/neuronet/projekty/hooks/src/builder.ts","statementMap":{"0":{"start":{"line":213,"column":4},"end":{"line":213,"column":null}},"1":{"start":{"line":217,"column":4},"end":{"line":217,"column":null}},"2":{"start":{"line":218,"column":4},"end":{"line":218,"column":null}},"3":{"start":{"line":249,"column":4},"end":{"line":249,"column":null}},"4":{"start":{"line":250,"column":4},"end":{"line":250,"column":null}},"5":{"start":{"line":278,"column":4},"end":{"line":278,"column":null}},"6":{"start":{"line":279,"column":4},"end":{"line":279,"column":null}},"7":{"start":{"line":310,"column":4},"end":{"line":310,"column":null}},"8":{"start":{"line":311,"column":4},"end":{"line":311,"column":null}},"9":{"start":{"line":342,"column":4},"end":{"line":342,"column":null}},"10":{"start":{"line":343,"column":4},"end":{"line":343,"column":null}},"11":{"start":{"line":374,"column":4},"end":{"line":374,"column":null}},"12":{"start":{"line":375,"column":4},"end":{"line":375,"column":null}},"13":{"start":{"line":379,"column":4},"end":{"line":379,"column":null}},"14":{"start":{"line":408,"column":2},"end":{"line":408,"column":null}},"15":{"start":{"line":417,"column":0},"end":{"line":417,"column":null}}},"fnMap":{"0":{"name":"constructor","decl":{"start":{"line":212,"column":2},"end":{"line":212,"column":14}},"loc":{"start":{"line":212,"column":29},"end":{"line":214,"column":null}},"line":212},"1":{"name":"run","decl":{"start":{"line":216,"column":2},"end":{"line":216,"column":6}},"loc":{"start":{"line":216,"column":66},"end":{"line":219,"column":null}},"line":216},"2":{"name":"accessor","decl":{"start":{"line":244,"column":2},"end":{"line":244,"column":null}},"loc":{"start":{"line":248,"column":10},"end":{"line":251,"column":null}},"line":248},"3":{"name":"field","decl":{"start":{"line":273,"column":2},"end":{"line":273,"column":null}},"loc":{"start":{"line":277,"column":10},"end":{"line":280,"column":null}},"line":277},"4":{"name":"getter","decl":{"start":{"line":305,"column":2},"end":{"line":305,"column":null}},"loc":{"start":{"line":309,"column":10},"end":{"line":312,"column":null}},"line":309},"5":{"name":"method","decl":{"start":{"line":337,"column":2},"end":{"line":337,"column":null}},"loc":{"start":{"line":341,"column":10},"end":{"line":344,"column":null}},"line":341},"6":{"name":"setter","decl":{"start":{"line":369,"column":2},"end":{"line":369,"column":null}},"loc":{"start":{"line":373,"column":10},"end":{"line":376,"column":null}},"line":373},"7":{"name":"get","decl":{"start":{"line":378,"column":2},"end":{"line":378,"column":16}},"loc":{"start":{"line":378,"column":16},"end":{"line":380,"column":null}},"line":378},"8":{"name":"Hooks","decl":{"start":{"line":407,"column":16},"end":{"line":407,"column":57}},"loc":{"start":{"line":407,"column":103},"end":{"line":409,"column":null}},"line":407}},"branchMap":{},"s":{"0":3,"1":1,"2":1,"3":2,"4":2,"5":2,"6":2,"7":3,"8":3,"9":4,"10":4,"11":3,"12":3,"13":2,"14":3,"15":6},"f":{"0":3,"1":1,"2":2,"3":2,"4":3,"5":4,"6":3,"7":2,"8":3},"b":{},"meta":{"lastBranch":0,"lastFunction":9,"lastStatement":16,"seen":{"f:212:2:212:14":0,"s:213:4:213:Infinity":0,"f:216:2:216:6":1,"s:217:4:217:Infinity":1,"s:218:4:218:Infinity":2,"f:244:2:244:Infinity":2,"s:249:4:249:Infinity":3,"s:250:4:250:Infinity":4,"f:273:2:273:Infinity":3,"s:278:4:278:Infinity":5,"s:279:4:279:Infinity":6,"f:305:2:305:Infinity":4,"s:310:4:310:Infinity":7,"s:311:4:311:Infinity":8,"f:337:2:337:Infinity":5,"s:342:4:342:Infinity":9,"s:343:4:343:Infinity":10,"f:369:2:369:Infinity":6,"s:374:4:374:Infinity":11,"s:375:4:375:Infinity":12,"f:378:2:378:16":7,"s:379:4:379:Infinity":13,"f:407:16:407:57":8,"s:408:2:408:Infinity":14,"s:417:0:417:Infinity":15},"fnNames":{}}}
,"/media/neuronet/projekty/hooks/src/class-utilities.ts": {"path":"/media/neuronet/projekty/hooks/src/class-utilities.ts","statementMap":{"0":{"start":{"line":14,"column":19},"end":{"line":14,"column":null}},"1":{"start":{"line":66,"column":2},"end":{"line":68,"column":null}},"2":{"start":{"line":67,"column":4},"end":{"line":67,"column":null}},"3":{"start":{"line":69,"column":81},"end":{"line":69,"column":null}},"4":{"start":{"line":70,"column":42},"end":{"line":72,"column":null}},"5":{"start":{"line":73,"column":2},"end":{"line":73,"column":null}},"6":{"start":{"line":74,"column":2},"end":{"line":74,"column":null}},"7":{"start":{"line":88,"column":2},"end":{"line":90,"column":null}},"8":{"start":{"line":89,"column":4},"end":{"line":89,"column":null}},"9":{"start":{"line":91,"column":2},"end":{"line":91,"column":null}},"10":{"start":{"line":113,"column":39},"end":{"line":113,"column":null}},"11":{"start":{"line":114,"column":2},"end":{"line":122,"column":null}},"12":{"start":{"line":115,"column":23},"end":{"line":115,"column":null}},"13":{"start":{"line":116,"column":4},"end":{"line":120,"column":null}},"14":{"start":{"line":117,"column":6},"end":{"line":119,"column":null}},"15":{"start":{"line":121,"column":4},"end":{"line":121,"column":null}},"16":{"start":{"line":123,"column":29},"end":{"line":123,"column":null}},"17":{"start":{"line":124,"column":2},"end":{"line":131,"column":null}},"18":{"start":{"line":125,"column":4},"end":{"line":130,"column":null}},"19":{"start":{"line":133,"column":2},"end":{"line":135,"column":null}},"20":{"start":{"line":147,"column":42},"end":{"line":147,"column":null}},"21":{"start":{"line":148,"column":18},"end":{"line":150,"column":null}},"22":{"start":{"line":149,"column":4},"end":{"line":149,"column":null}},"23":{"start":{"line":151,"column":2},"end":{"line":151,"column":null}},"24":{"start":{"line":151,"column":14},"end":{"line":151,"column":null}},"25":{"start":{"line":152,"column":2},"end":{"line":154,"column":null}},"26":{"start":{"line":153,"column":4},"end":{"line":153,"column":null}},"27":{"start":{"line":155,"column":2},"end":{"line":155,"column":null}},"28":{"start":{"line":157,"column":0},"end":{"line":157,"column":null}},"29":{"start":{"line":225,"column":2},"end":{"line":225,"column":null}},"30":{"start":{"line":226,"column":40},"end":{"line":231,"column":null}},"31":{"start":{"line":229,"column":19},"end":{"line":229,"column":null}},"32":{"start":{"line":232,"column":42},"end":{"line":232,"column":null}},"33":{"start":{"line":233,"column":20},"end":{"line":233,"column":null}},"34":{"start":{"line":235,"column":2},"end":{"line":242,"column":null}},"35":{"start":{"line":236,"column":4},"end":{"line":240,"column":null}},"36":{"start":{"line":241,"column":4},"end":{"line":241,"column":null}},"37":{"start":{"line":245,"column":4},"end":{"line":245,"column":null}},"38":{"start":{"line":248,"column":2},"end":{"line":248,"column":null}},"39":{"start":{"line":250,"column":2},"end":{"line":250,"column":null}},"40":{"start":{"line":252,"column":0},"end":{"line":252,"column":null}},"41":{"start":{"line":320,"column":2},"end":{"line":320,"column":null}},"42":{"start":{"line":321,"column":48},"end":{"line":326,"column":null}},"43":{"start":{"line":324,"column":19},"end":{"line":324,"column":null}},"44":{"start":{"line":327,"column":42},"end":{"line":327,"column":null}},"45":{"start":{"line":328,"column":20},"end":{"line":328,"column":null}},"46":{"start":{"line":329,"column":17},"end":{"line":329,"column":null}},"47":{"start":{"line":331,"column":2},"end":{"line":340,"column":null}},"48":{"start":{"line":342,"column":2},"end":{"line":342,"column":null}},"49":{"start":{"line":344,"column":0},"end":{"line":344,"column":null}},"50":{"start":{"line":412,"column":2},"end":{"line":412,"column":null}},"51":{"start":{"line":413,"column":48},"end":{"line":418,"column":null}},"52":{"start":{"line":416,"column":19},"end":{"line":416,"column":null}},"53":{"start":{"line":419,"column":42},"end":{"line":419,"column":null}},"54":{"start":{"line":420,"column":20},"end":{"line":420,"column":null}},"55":{"start":{"line":421,"column":17},"end":{"line":421,"column":null}},"56":{"start":{"line":423,"column":2},"end":{"line":432,"column":null}},"57":{"start":{"line":434,"column":2},"end":{"line":434,"column":null}},"58":{"start":{"line":436,"column":0},"end":{"line":436,"column":null}},"59":{"start":{"line":450,"column":36},"end":{"line":450,"column":null}},"60":{"start":{"line":451,"column":2},"end":{"line":466,"column":null}},"61":{"start":{"line":452,"column":29},"end":{"line":452,"column":null}},"62":{"start":{"line":453,"column":4},"end":{"line":465,"column":null}},"63":{"start":{"line":454,"column":6},"end":{"line":460,"column":null}},"64":{"start":{"line":459,"column":8},"end":{"line":459,"column":null}},"65":{"start":{"line":462,"column":6},"end":{"line":462,"column":null}},"66":{"start":{"line":464,"column":6},"end":{"line":464,"column":null}},"67":{"start":{"line":468,"column":29},"end":{"line":468,"column":null}},"68":{"start":{"line":469,"column":2},"end":{"line":477,"column":null}},"69":{"start":{"line":470,"column":4},"end":{"line":476,"column":null}},"70":{"start":{"line":475,"column":6},"end":{"line":475,"column":null}},"71":{"start":{"line":479,"column":2},"end":{"line":479,"column":null}},"72":{"start":{"line":554,"column":28},"end":{"line":554,"column":null}},"73":{"start":{"line":555,"column":42},"end":{"line":555,"column":null}},"74":{"start":{"line":556,"column":20},"end":{"line":556,"column":null}},"75":{"start":{"line":557,"column":17},"end":{"line":557,"column":null}},"76":{"start":{"line":559,"column":25},"end":{"line":559,"column":null}},"77":{"start":{"line":561,"column":2},"end":{"line":564,"column":null}},"78":{"start":{"line":562,"column":4},"end":{"line":562,"column":null}},"79":{"start":{"line":563,"column":4},"end":{"line":563,"column":null}},"80":{"start":{"line":566,"column":16},"end":{"line":566,"column":null}},"81":{"start":{"line":567,"column":2},"end":{"line":569,"column":null}},"82":{"start":{"line":568,"column":4},"end":{"line":568,"column":null}},"83":{"start":{"line":571,"column":2},"end":{"line":571,"column":null}},"84":{"start":{"line":573,"column":0},"end":{"line":573,"column":null}},"85":{"start":{"line":644,"column":16},"end":{"line":644,"column":null}},"86":{"start":{"line":645,"column":36},"end":{"line":645,"column":null}},"87":{"start":{"line":646,"column":42},"end":{"line":646,"column":null}},"88":{"start":{"line":647,"column":20},"end":{"line":647,"column":null}},"89":{"start":{"line":649,"column":27},"end":{"line":649,"column":null}},"90":{"start":{"line":650,"column":2},"end":{"line":688,"column":null}},"91":{"start":{"line":651,"column":24},"end":{"line":651,"column":null}},"92":{"start":{"line":652,"column":24},"end":{"line":652,"column":null}},"93":{"start":{"line":653,"column":30},"end":{"line":661,"column":null}},"94":{"start":{"line":662,"column":27},"end":{"line":662,"column":null}},"95":{"start":{"line":664,"column":6},"end":{"line":666,"column":null}},"96":{"start":{"line":665,"column":8},"end":{"line":665,"column":null}},"97":{"start":{"line":668,"column":27},"end":{"line":668,"column":null}},"98":{"start":{"line":669,"column":24},"end":{"line":669,"column":null}},"99":{"start":{"line":670,"column":6},"end":{"line":670,"column":null}},"100":{"start":{"line":671,"column":6},"end":{"line":671,"column":null}},"101":{"start":{"line":674,"column":4},"end":{"line":684,"column":null}},"102":{"start":{"line":677,"column":8},"end":{"line":677,"column":null}},"103":{"start":{"line":678,"column":8},"end":{"line":678,"column":null}},"104":{"start":{"line":681,"column":8},"end":{"line":681,"column":null}},"105":{"start":{"line":682,"column":8},"end":{"line":682,"column":null}},"106":{"start":{"line":686,"column":4},"end":{"line":686,"column":null}},"107":{"start":{"line":687,"column":4},"end":{"line":687,"column":null}},"108":{"start":{"line":690,"column":29},"end":{"line":690,"column":null}},"109":{"start":{"line":691,"column":2},"end":{"line":724,"column":null}},"110":{"start":{"line":692,"column":24},"end":{"line":692,"column":null}},"111":{"start":{"line":693,"column":24},"end":{"line":693,"column":null}},"112":{"start":{"line":694,"column":30},"end":{"line":694,"column":null}},"113":{"start":{"line":695,"column":27},"end":{"line":695,"column":null}},"114":{"start":{"line":697,"column":6},"end":{"line":699,"column":null}},"115":{"start":{"line":698,"column":8},"end":{"line":698,"column":null}},"116":{"start":{"line":701,"column":27},"end":{"line":701,"column":null}},"117":{"start":{"line":702,"column":24},"end":{"line":702,"column":null}},"118":{"start":{"line":703,"column":6},"end":{"line":703,"column":null}},"119":{"start":{"line":704,"column":6},"end":{"line":704,"column":null}},"120":{"start":{"line":707,"column":4},"end":{"line":717,"column":null}},"121":{"start":{"line":710,"column":8},"end":{"line":710,"column":null}},"122":{"start":{"line":711,"column":8},"end":{"line":711,"column":null}},"123":{"start":{"line":714,"column":8},"end":{"line":714,"column":null}},"124":{"start":{"line":715,"column":8},"end":{"line":715,"column":null}},"125":{"start":{"line":719,"column":4},"end":{"line":721,"column":null}},"126":{"start":{"line":720,"column":6},"end":{"line":720,"column":null}},"127":{"start":{"line":723,"column":4},"end":{"line":723,"column":null}},"128":{"start":{"line":727,"column":2},"end":{"line":739,"column":null}},"129":{"start":{"line":736,"column":4},"end":{"line":738,"column":null}},"130":{"start":{"line":741,"column":21},"end":{"line":741,"column":null}},"131":{"start":{"line":743,"column":19},"end":{"line":743,"column":null}},"132":{"start":{"line":745,"column":4},"end":{"line":745,"column":null}},"133":{"start":{"line":748,"column":4},"end":{"line":748,"column":null}},"134":{"start":{"line":750,"column":28},"end":{"line":750,"column":null}},"135":{"start":{"line":751,"column":17},"end":{"line":751,"column":null}},"136":{"start":{"line":753,"column":2},"end":{"line":762,"column":null}},"137":{"start":{"line":757,"column":6},"end":{"line":757,"column":null}},"138":{"start":{"line":760,"column":6},"end":{"line":760,"column":null}},"139":{"start":{"line":764,"column":2},"end":{"line":768,"column":null}},"140":{"start":{"line":765,"column":22},"end":{"line":765,"column":null}},"141":{"start":{"line":766,"column":4},"end":{"line":766,"column":null}},"142":{"start":{"line":767,"column":4},"end":{"line":767,"column":null}},"143":{"start":{"line":770,"column":2},"end":{"line":775,"column":null}},"144":{"start":{"line":771,"column":25},"end":{"line":771,"column":null}},"145":{"start":{"line":772,"column":4},"end":{"line":772,"column":null}},"146":{"start":{"line":773,"column":22},"end":{"line":773,"column":null}},"147":{"start":{"line":774,"column":4},"end":{"line":774,"column":null}},"148":{"start":{"line":777,"column":2},"end":{"line":777,"column":null}},"149":{"start":{"line":779,"column":0},"end":{"line":779,"column":null}},"150":{"start":{"line":793,"column":2},"end":{"line":796,"column":null}},"151":{"start":{"line":794,"column":4},"end":{"line":794,"column":null}},"152":{"start":{"line":795,"column":4},"end":{"line":795,"column":null}},"153":{"start":{"line":797,"column":2},"end":{"line":799,"column":null}},"154":{"start":{"line":798,"column":4},"end":{"line":798,"column":null}},"155":{"start":{"line":800,"column":16},"end":{"line":800,"column":null}},"156":{"start":{"line":801,"column":17},"end":{"line":801,"column":null}},"157":{"start":{"line":802,"column":38},"end":{"line":802,"column":null}},"158":{"start":{"line":803,"column":38},"end":{"line":803,"column":null}},"159":{"start":{"line":804,"column":2},"end":{"line":833,"column":null}},"160":{"start":{"line":806,"column":21},"end":{"line":806,"column":null}},"161":{"start":{"line":807,"column":6},"end":{"line":813,"column":null}},"162":{"start":{"line":808,"column":8},"end":{"line":808,"column":null}},"163":{"start":{"line":809,"column":8},"end":{"line":809,"column":null}},"164":{"start":{"line":810,"column":8},"end":{"line":810,"column":null}},"165":{"start":{"line":812,"column":8},"end":{"line":812,"column":null}},"166":{"start":{"line":814,"column":6},"end":{"line":814,"column":null}},"167":{"start":{"line":817,"column":6},"end":{"line":819,"column":null}},"168":{"start":{"line":818,"column":8},"end":{"line":818,"column":null}},"169":{"start":{"line":820,"column":6},"end":{"line":820,"column":null}},"170":{"start":{"line":821,"column":21},"end":{"line":821,"column":null}},"171":{"start":{"line":822,"column":6},"end":{"line":827,"column":null}},"172":{"start":{"line":823,"column":8},"end":{"line":823,"column":null}},"173":{"start":{"line":824,"column":8},"end":{"line":824,"column":null}},"174":{"start":{"line":826,"column":8},"end":{"line":826,"column":null}},"175":{"start":{"line":828,"column":6},"end":{"line":828,"column":null}},"176":{"start":{"line":831,"column":6},"end":{"line":831,"column":null}},"177":{"start":{"line":834,"column":2},"end":{"line":850,"column":null}},"178":{"start":{"line":836,"column":6},"end":{"line":836,"column":null}},"179":{"start":{"line":839,"column":6},"end":{"line":839,"column":null}},"180":{"start":{"line":842,"column":6},"end":{"line":842,"column":null}},"181":{"start":{"line":845,"column":6},"end":{"line":845,"column":null}},"182":{"start":{"line":848,"column":6},"end":{"line":848,"column":null}},"183":{"start":{"line":854,"column":0},"end":{"line":854,"column":null}}},"fnMap":{"0":{"name":"classUtilitiesState","decl":{"start":{"line":65,"column":9},"end":{"line":65,"column":64}},"loc":{"start":{"line":65,"column":105},"end":{"line":75,"column":null}},"line":65},"1":{"name":"parseStaticPrefix","decl":{"start":{"line":87,"column":9},"end":{"line":87,"column":27}},"loc":{"start":{"line":87,"column":92},"end":{"line":92,"column":null}},"line":87},"2":{"name":"resolveMemberDescriptorWithStatic","decl":{"start":{"line":107,"column":9},"end":{"line":107,"column":null}},"loc":{"start":{"line":112,"column":2},"end":{"line":136,"column":null}},"line":112},"3":{"name":"hookInit","decl":{"start":{"line":143,"column":16},"end":{"line":143,"column":null}},"loc":{"start":{"line":146,"column":7},"end":{"line":156,"column":null}},"line":146},"4":{"name":"(anonymous_4)","decl":{"start":{"line":148,"column":57},"end":{"line":148,"column":78}},"loc":{"start":{"line":148,"column":95},"end":{"line":150,"column":3}},"line":148},"5":{"name":"hookMethod","decl":{"start":{"line":219,"column":16},"end":{"line":219,"column":null}},"loc":{"start":{"line":224,"column":10},"end":{"line":251,"column":null}},"line":224},"6":{"name":"(anonymous_6)","decl":{"start":{"line":228,"column":4},"end":{"line":228,"column":null}},"loc":{"start":{"line":229,"column":19},"end":{"line":229,"column":null}},"line":229},"7":{"name":"defaultKey","decl":{"start":{"line":244,"column":11},"end":{"line":244,"column":33}},"loc":{"start":{"line":244,"column":33},"end":{"line":246,"column":null}},"line":244},"8":{"name":"hookGetter","decl":{"start":{"line":314,"column":16},"end":{"line":314,"column":null}},"loc":{"start":{"line":319,"column":10},"end":{"line":343,"column":null}},"line":319},"9":{"name":"(anonymous_9)","decl":{"start":{"line":323,"column":4},"end":{"line":323,"column":null}},"loc":{"start":{"line":324,"column":19},"end":{"line":324,"column":null}},"line":324},"10":{"name":"hookSetter","decl":{"start":{"line":406,"column":16},"end":{"line":406,"column":null}},"loc":{"start":{"line":411,"column":10},"end":{"line":435,"column":null}},"line":411},"11":{"name":"(anonymous_11)","decl":{"start":{"line":415,"column":4},"end":{"line":415,"column":null}},"loc":{"start":{"line":416,"column":19},"end":{"line":416,"column":null}},"line":416},"12":{"name":"isStaticField","decl":{"start":{"line":449,"column":9},"end":{"line":449,"column":23}},"loc":{"start":{"line":449,"column":76},"end":{"line":480,"column":null}},"line":449},"13":{"name":"hookField","decl":{"start":{"line":548,"column":16},"end":{"line":548,"column":null}},"loc":{"start":{"line":553,"column":10},"end":{"line":572,"column":null}},"line":553},"14":{"name":"(anonymous_14)","decl":{"start":{"line":567,"column":29},"end":{"line":567,"column":35}},"loc":{"start":{"line":567,"column":48},"end":{"line":569,"column":3}},"line":567},"15":{"name":"hookAccessor","decl":{"start":{"line":638,"column":16},"end":{"line":638,"column":null}},"loc":{"start":{"line":643,"column":10},"end":{"line":778,"column":null}},"line":643},"16":{"name":"ensureInitialized","decl":{"start":{"line":663,"column":13},"end":{"line":663,"column":42}},"loc":{"start":{"line":663,"column":42},"end":{"line":672,"column":null}},"line":663},"17":{"name":"get","decl":{"start":{"line":676,"column":6},"end":{"line":676,"column":11}},"loc":{"start":{"line":676,"column":65},"end":{"line":679,"column":null}},"line":676},"18":{"name":"set","decl":{"start":{"line":680,"column":6},"end":{"line":680,"column":11}},"loc":{"start":{"line":680,"column":65},"end":{"line":683,"column":null}},"line":680},"19":{"name":"ensureInitialized_2","decl":{"start":{"line":696,"column":13},"end":{"line":696,"column":42}},"loc":{"start":{"line":696,"column":42},"end":{"line":705,"column":null}},"line":696},"20":{"name":"get_2","decl":{"start":{"line":709,"column":6},"end":{"line":709,"column":11}},"loc":{"start":{"line":709,"column":65},"end":{"line":712,"column":null}},"line":709},"21":{"name":"set_2","decl":{"start":{"line":713,"column":6},"end":{"line":713,"column":11}},"loc":{"start":{"line":713,"column":65},"end":{"line":716,"column":null}},"line":713},"22":{"name":"(anonymous_22)","decl":{"start":{"line":719,"column":31},"end":{"line":719,"column":37}},"loc":{"start":{"line":719,"column":50},"end":{"line":721,"column":5}},"line":719},"23":{"name":"originalGet","decl":{"start":{"line":744,"column":11},"end":{"line":744,"column":34}},"loc":{"start":{"line":744,"column":34},"end":{"line":746,"column":null}},"line":744},"24":{"name":"originalSet","decl":{"start":{"line":747,"column":11},"end":{"line":747,"column":34}},"loc":{"start":{"line":747,"column":46},"end":{"line":749,"column":null}},"line":747},"25":{"name":"get_3","decl":{"start":{"line":756,"column":4},"end":{"line":756,"column":9}},"loc":{"start":{"line":756,"column":68},"end":{"line":758,"column":null}},"line":756},"26":{"name":"set_3","decl":{"start":{"line":759,"column":4},"end":{"line":759,"column":9}},"loc":{"start":{"line":759,"column":68},"end":{"line":761,"column":null}},"line":759},"27":{"name":"(anonymous_27)","decl":{"start":{"line":770,"column":29},"end":{"line":770,"column":35}},"loc":{"start":{"line":770,"column":48},"end":{"line":775,"column":3}},"line":770},"28":{"name":"hookClass","decl":{"start":{"line":789,"column":16},"end":{"line":789,"column":null}},"loc":{"start":{"line":792,"column":10},"end":{"line":853,"column":null}},"line":792}},"branchMap":{"0":{"loc":{"start":{"line":66,"column":2},"end":{"line":68,"column":null}},"type":"if","locations":[{"start":{"line":66,"column":2},"end":{"line":68,"column":null}},{"start":{},"end":{}}],"line":66},"1":{"loc":{"start":{"line":88,"column":2},"end":{"line":90,"column":null}},"type":"if","locations":[{"start":{"line":88,"column":2},"end":{"line":90,"column":null}},{"start":{},"end":{}}],"line":88},"2":{"loc":{"start":{"line":88,"column":6},"end":{"line":88,"column":76}},"type":"binary-expr","locations":[{"start":{"line":88,"column":6},"end":{"line":88,"column":41}},{"start":{"line":88,"column":41},"end":{"line":88,"column":76}}],"line":88},"3":{"loc":{"start":{"line":114,"column":2},"end":{"line":122,"column":null}},"type":"if","locations":[{"start":{"line":114,"column":2},"end":{"line":122,"column":null}},{"start":{},"end":{}}],"line":114},"4":{"loc":{"start":{"line":116,"column":4},"end":{"line":120,"column":null}},"type":"if","locations":[{"start":{"line":116,"column":4},"end":{"line":120,"column":null}},{"start":{},"end":{}}],"line":116},"5":{"loc":{"start":{"line":124,"column":2},"end":{"line":131,"column":null}},"type":"if","locations":[{"start":{"line":124,"column":2},"end":{"line":131,"column":null}},{"start":{},"end":{}}],"line":124},"6":{"loc":{"start":{"line":151,"column":2},"end":{"line":151,"column":null}},"type":"if","locations":[{"start":{"line":151,"column":2},"end":{"line":151,"column":null}},{"start":{},"end":{}}],"line":151},"7":{"loc":{"start":{"line":233,"column":20},"end":{"line":233,"column":null}},"type":"binary-expr","locations":[{"start":{"line":233,"column":20},"end":{"line":233,"column":39}},{"start":{"line":233,"column":39},"end":{"line":233,"column":null}}],"line":233},"8":{"loc":{"start":{"line":235,"column":2},"end":{"line":242,"column":null}},"type":"if","locations":[{"start":{"line":235,"column":2},"end":{"line":242,"column":null}},{"start":{},"end":{}}],"line":235},"9":{"loc":{"start":{"line":237,"column":6},"end":{"line":237,"column":null}},"type":"binary-expr","locations":[{"start":{"line":237,"column":6},"end":{"line":237,"column":20}},{"start":{"line":237,"column":20},"end":{"line":237,"column":null}}],"line":237},"10":{"loc":{"start":{"line":248,"column":30},"end":{"line":248,"column":61}},"type":"binary-expr","locations":[{"start":{"line":248,"column":30},"end":{"line":248,"column":44}},{"start":{"line":248,"column":44},"end":{"line":248,"column":61}}],"line":248},"11":{"loc":{"start":{"line":328,"column":20},"end":{"line":328,"column":null}},"type":"binary-expr","locations":[{"start":{"line":328,"column":20},"end":{"line":328,"column":39}},{"start":{"line":328,"column":39},"end":{"line":328,"column":null}}],"line":328},"12":{"loc":{"start":{"line":329,"column":17},"end":{"line":329,"column":null}},"type":"cond-expr","locations":[{"start":{"line":329,"column":28},"end":{"line":329,"column":44}},{"start":{"line":329,"column":44},"end":{"line":329,"column":null}}],"line":329},"13":{"loc":{"start":{"line":338,"column":6},"end":{"line":338,"column":null}},"type":"cond-expr","locations":[{"start":{"line":338,"column":17},"end":{"line":338,"column":25}},{"start":{"line":338,"column":25},"end":{"line":338,"column":null}}],"line":338},"14":{"loc":{"start":{"line":420,"column":20},"end":{"line":420,"column":null}},"type":"binary-expr","locations":[{"start":{"line":420,"column":20},"end":{"line":420,"column":39}},{"start":{"line":420,"column":39},"end":{"line":420,"column":null}}],"line":420},"15":{"loc":{"start":{"line":421,"column":17},"end":{"line":421,"column":null}},"type":"cond-expr","locations":[{"start":{"line":421,"column":28},"end":{"line":421,"column":44}},{"start":{"line":421,"column":44},"end":{"line":421,"column":null}}],"line":421},"16":{"loc":{"start":{"line":430,"column":6},"end":{"line":430,"column":null}},"type":"cond-expr","locations":[{"start":{"line":430,"column":17},"end":{"line":430,"column":25}},{"start":{"line":430,"column":25},"end":{"line":430,"column":null}}],"line":430},"17":{"loc":{"start":{"line":451,"column":2},"end":{"line":466,"column":null}},"type":"if","locations":[{"start":{"line":451,"column":2},"end":{"line":466,"column":null}},{"start":{},"end":{}}],"line":451},"18":{"loc":{"start":{"line":453,"column":4},"end":{"line":465,"column":null}},"type":"if","locations":[{"start":{"line":453,"column":4},"end":{"line":465,"column":null}},{"start":{"line":463,"column":11},"end":{"line":465,"column":null}}],"line":453},"19":{"loc":{"start":{"line":454,"column":6},"end":{"line":460,"column":null}},"type":"if","locations":[{"start":{"line":454,"column":6},"end":{"line":460,"column":null}},{"start":{},"end":{}}],"line":454},"20":{"loc":{"start":{"line":455,"column":8},"end":{"line":457,"column":null}},"type":"binary-expr","locations":[{"start":{"line":455,"column":8},"end":{"line":455,"column":null}},{"start":{"line":456,"column":8},"end":{"line":456,"column":null}},{"start":{"line":457,"column":8},"end":{"line":457,"column":null}}],"line":455},"21":{"loc":{"start":{"line":469,"column":2},"end":{"line":477,"column":null}},"type":"if","locations":[{"start":{"line":469,"column":2},"end":{"line":477,"column":null}},{"start":{},"end":{}}],"line":469},"22":{"loc":{"start":{"line":470,"column":4},"end":{"line":476,"column":null}},"type":"if","locations":[{"start":{"line":470,"column":4},"end":{"line":476,"column":null}},{"start":{},"end":{}}],"line":470},"23":{"loc":{"start":{"line":471,"column":6},"end":{"line":473,"column":null}},"type":"binary-expr","locations":[{"start":{"line":471,"column":6},"end":{"line":471,"column":null}},{"start":{"line":472,"column":6},"end":{"line":472,"column":null}},{"start":{"line":473,"column":6},"end":{"line":473,"column":null}}],"line":471},"24":{"loc":{"start":{"line":556,"column":20},"end":{"line":556,"column":null}},"type":"binary-expr","locations":[{"start":{"line":556,"column":20},"end":{"line":556,"column":39}},{"start":{"line":556,"column":39},"end":{"line":556,"column":null}}],"line":556},"25":{"loc":{"start":{"line":557,"column":17},"end":{"line":557,"column":null}},"type":"cond-expr","locations":[{"start":{"line":557,"column":28},"end":{"line":557,"column":45}},{"start":{"line":557,"column":45},"end":{"line":557,"column":null}}],"line":557},"26":{"loc":{"start":{"line":561,"column":2},"end":{"line":564,"column":null}},"type":"if","locations":[{"start":{"line":561,"column":2},"end":{"line":564,"column":null}},{"start":{},"end":{}}],"line":561},"27":{"loc":{"start":{"line":647,"column":20},"end":{"line":647,"column":null}},"type":"binary-expr","locations":[{"start":{"line":647,"column":20},"end":{"line":647,"column":39}},{"start":{"line":647,"column":39},"end":{"line":647,"column":null}}],"line":647},"28":{"loc":{"start":{"line":650,"column":2},"end":{"line":688,"column":null}},"type":"if","locations":[{"start":{"line":650,"column":2},"end":{"line":688,"column":null}},{"start":{},"end":{}}],"line":650},"29":{"loc":{"start":{"line":650,"column":6},"end":{"line":650,"column":110}},"type":"binary-expr","locations":[{"start":{"line":650,"column":6},"end":{"line":650,"column":18}},{"start":{"line":650,"column":18},"end":{"line":650,"column":65}},{"start":{"line":650,"column":65},"end":{"line":650,"column":110}}],"line":650},"30":{"loc":{"start":{"line":664,"column":6},"end":{"line":666,"column":null}},"type":"if","locations":[{"start":{"line":664,"column":6},"end":{"line":666,"column":null}},{"start":{},"end":{}}],"line":664},"31":{"loc":{"start":{"line":691,"column":2},"end":{"line":724,"column":null}},"type":"if","locations":[{"start":{"line":691,"column":2},"end":{"line":724,"column":null}},{"start":{},"end":{}}],"line":691},"32":{"loc":{"start":{"line":691,"column":6},"end":{"line":691,"column":115}},"type":"binary-expr","locations":[{"start":{"line":691,"column":6},"end":{"line":691,"column":19}},{"start":{"line":691,"column":19},"end":{"line":691,"column":68}},{"start":{"line":691,"column":68},"end":{"line":691,"column":115}}],"line":691},"33":{"loc":{"start":{"line":697,"column":6},"end":{"line":699,"column":null}},"type":"if","locations":[{"start":{"line":697,"column":6},"end":{"line":699,"column":null}},{"start":{},"end":{}}],"line":697},"34":{"loc":{"start":{"line":727,"column":2},"end":{"line":739,"column":null}},"type":"if","locations":[{"start":{"line":727,"column":2},"end":{"line":739,"column":null}},{"start":{},"end":{}}],"line":727},"35":{"loc":{"start":{"line":728,"column":5},"end":{"line":734,"column":null}},"type":"binary-expr","locations":[{"start":{"line":728,"column":5},"end":{"line":728,"column":17}},{"start":{"line":728,"column":17},"end":{"line":728,"column":null}},{"start":{"line":729,"column":5},"end":{"line":729,"column":null}},{"start":{"line":730,"column":6},"end":{"line":730,"column":null}},{"start":{"line":731,"column":7},"end":{"line":731,"column":53}},{"start":{"line":731,"column":53},"end":{"line":731,"column":null}},{"start":{"line":732,"column":5},"end":{"line":732,"column":null}},{"start":{"line":733,"column":6},"end":{"line":733,"column":null}},{"start":{"line":734,"column":7},"end":{"line":734,"column":55}},{"start":{"line":734,"column":55},"end":{"line":734,"column":null}}],"line":728},"36":{"loc":{"start":{"line":741,"column":21},"end":{"line":741,"column":null}},"type":"binary-expr","locations":[{"start":{"line":741,"column":21},"end":{"line":741,"column":41}},{"start":{"line":741,"column":41},"end":{"line":741,"column":null}}],"line":741},"37":{"loc":{"start":{"line":751,"column":17},"end":{"line":751,"column":null}},"type":"cond-expr","locations":[{"start":{"line":751,"column":28},"end":{"line":751,"column":36}},{"start":{"line":751,"column":36},"end":{"line":751,"column":null}}],"line":751},"38":{"loc":{"start":{"line":754,"column":18},"end":{"line":754,"column":null}},"type":"binary-expr","locations":[{"start":{"line":754,"column":18},"end":{"line":754,"column":46}},{"start":{"line":754,"column":46},"end":{"line":754,"column":null}}],"line":754},"39":{"loc":{"start":{"line":755,"column":16},"end":{"line":755,"column":null}},"type":"binary-expr","locations":[{"start":{"line":755,"column":16},"end":{"line":755,"column":42}},{"start":{"line":755,"column":42},"end":{"line":755,"column":null}}],"line":755},"40":{"loc":{"start":{"line":764,"column":2},"end":{"line":768,"column":null}},"type":"if","locations":[{"start":{"line":764,"column":2},"end":{"line":768,"column":null}},{"start":{},"end":{}}],"line":764},"41":{"loc":{"start":{"line":793,"column":2},"end":{"line":796,"column":null}},"type":"if","locations":[{"start":{"line":793,"column":2},"end":{"line":796,"column":null}},{"start":{},"end":{}}],"line":793},"42":{"loc":{"start":{"line":797,"column":2},"end":{"line":799,"column":null}},"type":"if","locations":[{"start":{"line":797,"column":2},"end":{"line":799,"column":null}},{"start":{},"end":{}}],"line":797},"43":{"loc":{"start":{"line":804,"column":2},"end":{"line":833,"column":null}},"type":"switch","locations":[{"start":{"line":805,"column":4},"end":{"line":815,"column":null}},{"start":{"line":816,"column":4},"end":{"line":829,"column":null}},{"start":{"line":830,"column":4},"end":{"line":832,"column":null}}],"line":804},"44":{"loc":{"start":{"line":807,"column":6},"end":{"line":813,"column":null}},"type":"if","locations":[{"start":{"line":807,"column":6},"end":{"line":813,"column":null}},{"start":{"line":811,"column":13},"end":{"line":813,"column":null}}],"line":807},"45":{"loc":{"start":{"line":807,"column":10},"end":{"line":807,"column":117}},"type":"binary-expr","locations":[{"start":{"line":807,"column":10},"end":{"line":807,"column":33}},{"start":{"line":807,"column":33},"end":{"line":807,"column":54}},{"start":{"line":807,"column":54},"end":{"line":807,"column":74}},{"start":{"line":807,"column":74},"end":{"line":807,"column":94}},{"start":{"line":807,"column":94},"end":{"line":807,"column":117}}],"line":807},"46":{"loc":{"start":{"line":817,"column":6},"end":{"line":819,"column":null}},"type":"if","locations":[{"start":{"line":817,"column":6},"end":{"line":819,"column":null}},{"start":{},"end":{}}],"line":817},"47":{"loc":{"start":{"line":822,"column":6},"end":{"line":827,"column":null}},"type":"if","locations":[{"start":{"line":822,"column":6},"end":{"line":827,"column":null}},{"start":{"line":825,"column":13},"end":{"line":827,"column":null}}],"line":822},"48":{"loc":{"start":{"line":822,"column":10},"end":{"line":822,"column":117}},"type":"binary-expr","locations":[{"start":{"line":822,"column":10},"end":{"line":822,"column":33}},{"start":{"line":822,"column":33},"end":{"line":822,"column":54}},{"start":{"line":822,"column":54},"end":{"line":822,"column":74}},{"start":{"line":822,"column":74},"end":{"line":822,"column":94}},{"start":{"line":822,"column":94},"end":{"line":822,"column":117}}],"line":822},"49":{"loc":{"start":{"line":834,"column":2},"end":{"line":850,"column":null}},"type":"switch","locations":[{"start":{"line":835,"column":4},"end":{"line":837,"column":null}},{"start":{"line":838,"column":4},"end":{"line":840,"column":null}},{"start":{"line":841,"column":4},"end":{"line":843,"column":null}},{"start":{"line":844,"column":4},"end":{"line":846,"column":null}},{"start":{"line":847,"column":4},"end":{"line":849,"column":null}}],"line":834},"50":{"loc":{"start":{"line":836,"column":32},"end":{"line":836,"column":61}},"type":"cond-expr","locations":[{"start":{"line":836,"column":43},"end":{"line":836,"column":55}},{"start":{"line":836,"column":55},"end":{"line":836,"column":61}}],"line":836},"51":{"loc":{"start":{"line":839,"column":33},"end":{"line":839,"column":62}},"type":"cond-expr","locations":[{"start":{"line":839,"column":44},"end":{"line":839,"column":56}},{"start":{"line":839,"column":56},"end":{"line":839,"column":62}}],"line":839},"52":{"loc":{"start":{"line":842,"column":33},"end":{"line":842,"column":62}},"type":"cond-expr","locations":[{"start":{"line":842,"column":44},"end":{"line":842,"column":56}},{"start":{"line":842,"column":56},"end":{"line":842,"column":62}}],"line":842},"53":{"loc":{"start":{"line":845,"column":35},"end":{"line":845,"column":64}},"type":"cond-expr","locations":[{"start":{"line":845,"column":46},"end":{"line":845,"column":58}},{"start":{"line":845,"column":58},"end":{"line":845,"column":64}}],"line":845},"54":{"loc":{"start":{"line":848,"column":33},"end":{"line":848,"column":62}},"type":"cond-expr","locations":[{"start":{"line":848,"column":44},"end":{"line":848,"column":56}},{"start":{"line":848,"column":56},"end":{"line":848,"column":62}}],"line":848}},"s":{"0":6,"1":90,"2":34,"3":56,"4":56,"5":56,"6":56,"7":78,"8":29,"9":49,"10":43,"11":43,"12":16,"13":16,"14":3,"15":13,"16":27,"17":27,"18":23,"19":4,"20":17,"21":17,"22":17,"23":17,"24":2,"25":15,"26":18,"27":15,"28":6,"29":22,"30":22,"31":22,"32":22,"33":22,"34":22,"35":6,"36":6,"37":21,"38":13,"39":22,"40":6,"41":11,"42":11,"43":11,"44":11,"45":11,"46":11,"47":11,"48":11,"49":6,"50":10,"51":10,"52":10,"53":10,"54":10,"55":10,"56":10,"57":10,"58":6,"59":20,"60":20,"61":7,"62":7,"63":6,"64":2,"65":4,"66":1,"67":13,"68":13,"69":6,"70":5,"71":8,"72":20,"73":20,"74":20,"75":20,"76":20,"77":20,"78":4,"79":4,"80":8,"81":8,"82":9,"83":8,"84":6,"85":15,"86":15,"87":15,"88":15,"89":15,"90":15,"91":1,"92":1,"93":1,"94":1,"95":4,"96":3,"97":1,"98":1,"99":1,"100":1,"101":1,"102":2,"103":2,"104":1,"105":1,"106":1,"107":1,"108":14,"109":14,"110":1,"111":1,"112":1,"113":1,"114":5,"115":4,"116":1,"117":1,"118":1,"119":1,"120":1,"121":3,"122":3,"123":1,"124":1,"125":1,"126":1,"127":1,"128":13,"129":2,"130":11,"131":15,"132":25,"133":25,"134":15,"135":15,"136":15,"137":25,"138":12,"139":15,"140":5,"141":5,"142":5,"143":6,"144":8,"145":8,"146":8,"147":8,"148":6,"149":6,"150":43,"151":24,"152":24,"153":19,"154":1,"155":19,"156":19,"157":19,"158":19,"159":19,"160":7,"161":7,"162":6,"163":6,"164":6,"165":1,"166":6,"167":9,"168":1,"169":8,"170":8,"171":8,"172":7,"173":7,"174":1,"175":7,"176":3,"177":13,"178":2,"179":3,"180":2,"181":2,"182":4,"183":6},"f":{"0":90,"1":78,"2":43,"3":17,"4":17,"5":22,"6":22,"7":21,"8":11,"9":11,"10":10,"11":10,"12":20,"13":20,"14":9,"15":15,"16":4,"17":1,"18":1,"19":5,"20":1,"21":1,"22":1,"23":25,"24":25,"25":15,"26":15,"27":8,"28":43},"b":{"0":[34,56],"1":[29,49],"2":[78,78],"3":[16,27],"4":[3,13],"5":[23,4],"6":[2,15],"7":[22,16],"8":[6,16],"9":[6,6],"10":[13,11],"11":[11,6],"12":[4,5],"13":[4,5],"14":[10,5],"15":[3,5],"16":[3,5],"17":[7,13],"18":[6,1],"19":[2,4],"20":[6,6,5],"21":[6,7],"22":[5,1],"23":[6,3,2],"24":[20,7],"25":[4,8],"26":[4,16],"27":[15,12],"28":[1,14],"29":[15,6,1],"30":[3,1],"31":[1,13],"32":[14,9,2],"33":[4,1],"34":[2,11],"35":[13,5,13,5,5,5,13,8,2,1],"36":[11,5],"37":[5,6],"38":[15,5],"39":[15,5],"40":[5,10],"41":[24,19],"42":[1,18],"43":[7,9,3],"44":[6,1],"45":[7,5,4,3,2],"46":[1,8],"47":[7,1],"48":[8,6,5,3,2],"49":[2,3,2,2,4],"50":[1,1],"51":[2,1],"52":[1,1],"53":[1,1],"54":[2,2]},"meta":{"lastBranch":55,"lastFunction":29,"lastStatement":184,"seen":{"s:14:19:14:Infinity":0,"f:65:9:65:64":0,"b:66:2:68:Infinity:undefined:undefined:undefined:undefined":0,"s:66:2:68:Infinity":1,"s:67:4:67:Infinity":2,"s:69:81:69:Infinity":3,"s:70:42:72:Infinity":4,"s:73:2:73:Infinity":5,"s:74:2:74:Infinity":6,"f:87:9:87:27":1,"b:88:2:90:Infinity:undefined:undefined:undefined:undefined":1,"s:88:2:90:Infinity":7,"b:88:6:88:41:88:41:88:76":2,"s:89:4:89:Infinity":8,"s:91:2:91:Infinity":9,"f:107:9:107:Infinity":2,"s:113:39:113:Infinity":10,"b:114:2:122:Infinity:undefined:undefined:undefined:undefined":3,"s:114:2:122:Infinity":11,"s:115:23:115:Infinity":12,"b:116:4:120:Infinity:undefined:undefined:undefined:undefined":4,"s:116:4:120:Infinity":13,"s:117:6:119:Infinity":14,"s:121:4:121:Infinity":15,"s:123:29:123:Infinity":16,"b:124:2:131:Infinity:undefined:undefined:undefined:undefined":5,"s:124:2:131:Infinity":17,"s:125:4:130:Infinity":18,"s:133:2:135:Infinity":19,"f:143:16:143:Infinity":3,"s:147:42:147:Infinity":20,"s:148:18:150:Infinity":21,"f:148:57:148:78":4,"s:149:4:149:Infinity":22,"b:151:2:151:Infinity:undefined:undefined:undefined:undefined":6,"s:151:2:151:Infinity":23,"s:151:14:151:Infinity":24,"s:152:2:154:Infinity":25,"s:153:4:153:Infinity":26,"s:155:2:155:Infinity":27,"s:157:0:157:Infinity":28,"f:219:16:219:Infinity":5,"s:225:2:225:Infinity":29,"s:226:40:231:Infinity":30,"f:228:4:228:Infinity":6,"s:229:19:229:Infinity":31,"s:232:42:232:Infinity":32,"s:233:20:233:Infinity":33,"b:233:20:233:39:233:39:233:Infinity":7,"b:235:2:242:Infinity:undefined:undefined:undefined:undefined":8,"s:235:2:242:Infinity":34,"s:236:4:240:Infinity":35,"b:237:6:237:20:237:20:237:Infinity":9,"s:241:4:241:Infinity":36,"f:244:11:244:33":7,"s:245:4:245:Infinity":37,"s:248:2:248:Infinity":38,"b:248:30:248:44:248:44:248:61":10,"s:250:2:250:Infinity":39,"s:252:0:252:Infinity":40,"f:314:16:314:Infinity":8,"s:320:2:320:Infinity":41,"s:321:48:326:Infinity":42,"f:323:4:323:Infinity":9,"s:324:19:324:Infinity":43,"s:327:42:327:Infinity":44,"s:328:20:328:Infinity":45,"b:328:20:328:39:328:39:328:Infinity":11,"s:329:17:329:Infinity":46,"b:329:28:329:44:329:44:329:Infinity":12,"s:331:2:340:Infinity":47,"b:338:17:338:25:338:25:338:Infinity":13,"s:342:2:342:Infinity":48,"s:344:0:344:Infinity":49,"f:406:16:406:Infinity":10,"s:412:2:412:Infinity":50,"s:413:48:418:Infinity":51,"f:415:4:415:Infinity":11,"s:416:19:416:Infinity":52,"s:419:42:419:Infinity":53,"s:420:20:420:Infinity":54,"b:420:20:420:39:420:39:420:Infinity":14,"s:421:17:421:Infinity":55,"b:421:28:421:44:421:44:421:Infinity":15,"s:423:2:432:Infinity":56,"b:430:17:430:25:430:25:430:Infinity":16,"s:434:2:434:Infinity":57,"s:436:0:436:Infinity":58,"f:449:9:449:23":12,"s:450:36:450:Infinity":59,"b:451:2:466:Infinity:undefined:undefined:undefined:undefined":17,"s:451:2:466:Infinity":60,"s:452:29:452:Infinity":61,"b:453:4:465:Infinity:463:11:465:Infinity":18,"s:453:4:465:Infinity":62,"b:454:6:460:Infinity:undefined:undefined:undefined:undefined":19,"s:454:6:460:Infinity":63,"b:455:8:455:Infinity:456:8:456:Infinity:457:8:457:Infinity":20,"s:459:8:459:Infinity":64,"s:462:6:462:Infinity":65,"s:464:6:464:Infinity":66,"s:468:29:468:Infinity":67,"b:469:2:477:Infinity:undefined:undefined:undefined:undefined":21,"s:469:2:477:Infinity":68,"b:470:4:476:Infinity:undefined:undefined:undefined:undefined":22,"s:470:4:476:Infinity":69,"b:471:6:471:Infinity:472:6:472:Infinity:473:6:473:Infinity":23,"s:475:6:475:Infinity":70,"s:479:2:479:Infinity":71,"f:548:16:548:Infinity":13,"s:554:28:554:Infinity":72,"s:555:42:555:Infinity":73,"s:556:20:556:Infinity":74,"b:556:20:556:39:556:39:556:Infinity":24,"s:557:17:557:Infinity":75,"b:557:28:557:45:557:45:557:Infinity":25,"s:559:25:559:Infinity":76,"b:561:2:564:Infinity:undefined:undefined:undefined:undefined":26,"s:561:2:564:Infinity":77,"s:562:4:562:Infinity":78,"s:563:4:563:Infinity":79,"s:566:16:566:Infinity":80,"s:567:2:569:Infinity":81,"f:567:29:567:35":14,"s:568:4:568:Infinity":82,"s:571:2:571:Infinity":83,"s:573:0:573:Infinity":84,"f:638:16:638:Infinity":15,"s:644:16:644:Infinity":85,"s:645:36:645:Infinity":86,"s:646:42:646:Infinity":87,"s:647:20:647:Infinity":88,"b:647:20:647:39:647:39:647:Infinity":27,"s:649:27:649:Infinity":89,"b:650:2:688:Infinity:undefined:undefined:undefined:undefined":28,"s:650:2:688:Infinity":90,"b:650:6:650:18:650:18:650:65:650:65:650:110":29,"s:651:24:651:Infinity":91,"s:652:24:652:Infinity":92,"s:653:30:661:Infinity":93,"s:662:27:662:Infinity":94,"f:663:13:663:42":16,"b:664:6:666:Infinity:undefined:undefined:undefined:undefined":30,"s:664:6:666:Infinity":95,"s:665:8:665:Infinity":96,"s:668:27:668:Infinity":97,"s:669:24:669:Infinity":98,"s:670:6:670:Infinity":99,"s:671:6:671:Infinity":100,"s:674:4:684:Infinity":101,"f:676:6:676:11":17,"s:677:8:677:Infinity":102,"s:678:8:678:Infinity":103,"f:680:6:680:11":18,"s:681:8:681:Infinity":104,"s:682:8:682:Infinity":105,"s:686:4:686:Infinity":106,"s:687:4:687:Infinity":107,"s:690:29:690:Infinity":108,"b:691:2:724:Infinity:undefined:undefined:undefined:undefined":31,"s:691:2:724:Infinity":109,"b:691:6:691:19:691:19:691:68:691:68:691:115":32,"s:692:24:692:Infinity":110,"s:693:24:693:Infinity":111,"s:694:30:694:Infinity":112,"s:695:27:695:Infinity":113,"f:696:13:696:42":19,"b:697:6:699:Infinity:undefined:undefined:undefined:undefined":33,"s:697:6:699:Infinity":114,"s:698:8:698:Infinity":115,"s:701:27:701:Infinity":116,"s:702:24:702:Infinity":117,"s:703:6:703:Infinity":118,"s:704:6:704:Infinity":119,"s:707:4:717:Infinity":120,"f:709:6:709:11":20,"s:710:8:710:Infinity":121,"s:711:8:711:Infinity":122,"f:713:6:713:11":21,"s:714:8:714:Infinity":123,"s:715:8:715:Infinity":124,"s:719:4:721:Infinity":125,"f:719:31:719:37":22,"s:720:6:720:Infinity":126,"s:723:4:723:Infinity":127,"b:727:2:739:Infinity:undefined:undefined:undefined:undefined":34,"s:727:2:739:Infinity":128,"b:728:5:728:17:728:17:728:Infinity:729:5:729:Infinity:730:6:730:Infinity:731:7:731:53:731:53:731:Infinity:732:5:732:Infinity:733:6:733:Infinity:734:7:734:55:734:55:734:Infinity":35,"s:736:4:738:Infinity":129,"s:741:21:741:Infinity":130,"b:741:21:741:41:741:41:741:Infinity":36,"s:743:19:743:Infinity":131,"f:744:11:744:34":23,"s:745:4:745:Infinity":132,"f:747:11:747:34":24,"s:748:4:748:Infinity":133,"s:750:28:750:Infinity":134,"s:751:17:751:Infinity":135,"b:751:28:751:36:751:36:751:Infinity":37,"s:753:2:762:Infinity":136,"b:754:18:754:46:754:46:754:Infinity":38,"b:755:16:755:42:755:42:755:Infinity":39,"f:756:4:756:9":25,"s:757:6:757:Infinity":137,"f:759:4:759:9":26,"s:760:6:760:Infinity":138,"b:764:2:768:Infinity:undefined:undefined:undefined:undefined":40,"s:764:2:768:Infinity":139,"s:765:22:765:Infinity":140,"s:766:4:766:Infinity":141,"s:767:4:767:Infinity":142,"s:770:2:775:Infinity":143,"f:770:29:770:35":27,"s:771:25:771:Infinity":144,"s:772:4:772:Infinity":145,"s:773:22:773:Infinity":146,"s:774:4:774:Infinity":147,"s:777:2:777:Infinity":148,"s:779:0:779:Infinity":149,"f:789:16:789:Infinity":28,"b:793:2:796:Infinity:undefined:undefined:undefined:undefined":41,"s:793:2:796:Infinity":150,"s:794:4:794:Infinity":151,"s:795:4:795:Infinity":152,"b:797:2:799:Infinity:undefined:undefined:undefined:undefined":42,"s:797:2:799:Infinity":153,"s:798:4:798:Infinity":154,"s:800:16:800:Infinity":155,"s:801:17:801:Infinity":156,"s:802:38:802:Infinity":157,"s:803:38:803:Infinity":158,"b:805:4:815:Infinity:816:4:829:Infinity:830:4:832:Infinity":43,"s:804:2:833:Infinity":159,"s:806:21:806:Infinity":160,"b:807:6:813:Infinity:811:13:813:Infinity":44,"s:807:6:813:Infinity":161,"b:807:10:807:33:807:33:807:54:807:54:807:74:807:74:807:94:807:94:807:117":45,"s:808:8:808:Infinity":162,"s:809:8:809:Infinity":163,"s:810:8:810:Infinity":164,"s:812:8:812:Infinity":165,"s:814:6:814:Infinity":166,"b:817:6:819:Infinity:undefined:undefined:undefined:undefined":46,"s:817:6:819:Infinity":167,"s:818:8:818:Infinity":168,"s:820:6:820:Infinity":169,"s:821:21:821:Infinity":170,"b:822:6:827:Infinity:825:13:827:Infinity":47,"s:822:6:827:Infinity":171,"b:822:10:822:33:822:33:822:54:822:54:822:74:822:74:822:94:822:94:822:117":48,"s:823:8:823:Infinity":172,"s:824:8:824:Infinity":173,"s:826:8:826:Infinity":174,"s:828:6:828:Infinity":175,"s:831:6:831:Infinity":176,"b:835:4:837:Infinity:838:4:840:Infinity:841:4:843:Infinity:844:4:846:Infinity:847:4:849:Infinity":49,"s:834:2:850:Infinity":177,"s:836:6:836:Infinity":178,"b:836:43:836:55:836:55:836:61":50,"s:839:6:839:Infinity":179,"b:839:44:839:56:839:56:839:62":51,"s:842:6:842:Infinity":180,"b:842:44:842:56:842:56:842:62":52,"s:845:6:845:Infinity":181,"b:845:46:845:58:845:58:845:64":53,"s:848:6:848:Infinity":182,"b:848:44:848:56:848:56:848:62":54,"s:854:0:854:Infinity":183},"fnNames":{}}}
,"/media/neuronet/projekty/hooks/src/hook.ts": {"path":"/media/neuronet/projekty/hooks/src/hook.ts","statementMap":{"0":{"start":{"line":1,"column":22},"end":{"line":1,"column":null}},"1":{"start":{"line":3,"column":33},"end":{"line":3,"column":null}},"2":{"start":{"line":8,"column":25},"end":{"line":8,"column":null}},"3":{"start":{"line":10,"column":32},"end":{"line":10,"column":null}},"4":{"start":{"line":12,"column":13},"end":{"line":12,"column":null}},"5":{"start":{"line":17,"column":13},"end":{"line":17,"column":null}},"6":{"start":{"line":17,"column":45},"end":{"line":17,"column":null}},"7":{"start":{"line":30,"column":4},"end":{"line":30,"column":null}},"8":{"start":{"line":41,"column":2},"end":{"line":41,"column":null}},"9":{"start":{"line":52,"column":19},"end":{"line":52,"column":null}},"10":{"start":{"line":60,"column":4},"end":{"line":60,"column":null}},"11":{"start":{"line":60,"column":58},"end":{"line":60,"column":null}},"12":{"start":{"line":73,"column":2},"end":{"line":73,"column":null}},"13":{"start":{"line":76,"column":20},"end":{"line":76,"column":null}},"14":{"start":{"line":113,"column":43},"end":{"line":113,"column":null}},"15":{"start":{"line":122,"column":2},"end":{"line":122,"column":null}},"16":{"start":{"line":342,"column":2},"end":{"line":344,"column":null}},"17":{"start":{"line":343,"column":4},"end":{"line":343,"column":null}},"18":{"start":{"line":345,"column":2},"end":{"line":347,"column":null}},"19":{"start":{"line":346,"column":4},"end":{"line":346,"column":null}},"20":{"start":{"line":348,"column":2},"end":{"line":350,"column":null}},"21":{"start":{"line":349,"column":4},"end":{"line":349,"column":null}},"22":{"start":{"line":351,"column":2},"end":{"line":353,"column":null}},"23":{"start":{"line":352,"column":4},"end":{"line":352,"column":null}},"24":{"start":{"line":356,"column":23},"end":{"line":356,"column":null}},"25":{"start":{"line":357,"column":33},"end":{"line":357,"column":null}},"26":{"start":{"line":360,"column":2},"end":{"line":410,"column":null}},"27":{"start":{"line":362,"column":4},"end":{"line":362,"column":null}},"28":{"start":{"line":363,"column":4},"end":{"line":363,"column":null}},"29":{"start":{"line":364,"column":4},"end":{"line":364,"column":null}},"30":{"start":{"line":365,"column":4},"end":{"line":365,"column":null}},"31":{"start":{"line":366,"column":9},"end":{"line":410,"column":null}},"32":{"start":{"line":368,"column":4},"end":{"line":385,"column":null}},"33":{"start":{"line":369,"column":6},"end":{"line":371,"column":null}},"34":{"start":{"line":370,"column":8},"end":{"line":370,"column":null}},"35":{"start":{"line":372,"column":6},"end":{"line":372,"column":null}},"36":{"start":{"line":373,"column":6},"end":{"line":373,"column":null}},"37":{"start":{"line":374,"column":6},"end":{"line":374,"column":null}},"38":{"start":{"line":375,"column":6},"end":{"line":375,"column":null}},"39":{"start":{"line":377,"column":6},"end":{"line":377,"column":null}},"40":{"start":{"line":378,"column":6},"end":{"line":384,"column":null}},"41":{"start":{"line":379,"column":8},"end":{"line":379,"column":null}},"42":{"start":{"line":380,"column":8},"end":{"line":380,"column":null}},"43":{"start":{"line":382,"column":8},"end":{"line":382,"column":null}},"44":{"start":{"line":383,"column":8},"end":{"line":383,"column":null}},"45":{"start":{"line":386,"column":9},"end":{"line":410,"column":null}},"46":{"start":{"line":388,"column":4},"end":{"line":405,"column":null}},"47":{"start":{"line":389,"column":6},"end":{"line":391,"column":null}},"48":{"start":{"line":390,"column":8},"end":{"line":390,"column":null}},"49":{"start":{"line":392,"column":6},"end":{"line":392,"column":null}},"50":{"start":{"line":393,"column":6},"end":{"line":393,"column":null}},"51":{"start":{"line":394,"column":6},"end":{"line":394,"column":null}},"52":{"start":{"line":395,"column":11},"end":{"line":405,"column":null}},"53":{"start":{"line":396,"column":6},"end":{"line":396,"column":null}},"54":{"start":{"line":397,"column":6},"end":{"line":397,"column":null}},"55":{"start":{"line":398,"column":6},"end":{"line":400,"column":null}},"56":{"start":{"line":399,"column":8},"end":{"line":399,"column":null}},"57":{"start":{"line":401,"column":6},"end":{"line":401,"column":null}},"58":{"start":{"line":403,"column":6},"end":{"line":403,"column":null}},"59":{"start":{"line":404,"column":6},"end":{"line":404,"column":null}},"60":{"start":{"line":408,"column":4},"end":{"line":408,"column":null}},"61":{"start":{"line":409,"column":4},"end":{"line":409,"column":null}},"62":{"start":{"line":412,"column":37},"end":{"line":417,"column":null}},"63":{"start":{"line":420,"column":14},"end":{"line":420,"column":null}},"64":{"start":{"line":421,"column":23},"end":{"line":421,"column":null}},"65":{"start":{"line":425,"column":4},"end":{"line":427,"column":null}},"66":{"start":{"line":426,"column":6},"end":{"line":426,"column":null}},"67":{"start":{"line":428,"column":4},"end":{"line":428,"column":null}},"68":{"start":{"line":430,"column":37},"end":{"line":430,"column":null}},"69":{"start":{"line":432,"column":4},"end":{"line":450,"column":null}},"70":{"start":{"line":433,"column":6},"end":{"line":439,"column":null}},"71":{"start":{"line":434,"column":26},"end":{"line":434,"column":null}},"72":{"start":{"line":435,"column":27},"end":{"line":435,"column":null}},"73":{"start":{"line":436,"column":23},"end":{"line":436,"column":null}},"74":{"start":{"line":437,"column":8},"end":{"line":437,"column":null}},"75":{"start":{"line":438,"column":8},"end":{"line":438,"column":null}},"76":{"start":{"line":440,"column":14},"end":{"line":440,"column":null}},"77":{"start":{"line":441,"column":20},"end":{"line":441,"column":null}},"78":{"start":{"line":442,"column":6},"end":{"line":442,"column":null}},"79":{"start":{"line":443,"column":6},"end":{"line":449,"column":null}},"80":{"start":{"line":444,"column":8},"end":{"line":448,"column":null}},"81":{"start":{"line":445,"column":10},"end":{"line":445,"column":null}},"82":{"start":{"line":447,"column":10},"end":{"line":447,"column":null}},"83":{"start":{"line":451,"column":19},"end":{"line":451,"column":null}},"84":{"start":{"line":452,"column":4},"end":{"line":452,"column":null}},"85":{"start":{"line":453,"column":4},"end":{"line":453,"column":null}},"86":{"start":{"line":456,"column":2},"end":{"line":456,"column":null}},"87":{"start":{"line":458,"column":2},"end":{"line":458,"column":null}},"88":{"start":{"line":460,"column":20},"end":{"line":460,"column":null}},"89":{"start":{"line":484,"column":33},"end":{"line":484,"column":null}},"90":{"start":{"line":485,"column":18},"end":{"line":485,"column":null}},"91":{"start":{"line":488,"column":2},"end":{"line":490,"column":null}},"92":{"start":{"line":489,"column":4},"end":{"line":489,"column":null}},"93":{"start":{"line":492,"column":15},"end":{"line":492,"column":null}},"94":{"start":{"line":493,"column":2},"end":{"line":496,"column":null}},"95":{"start":{"line":494,"column":4},"end":{"line":494,"column":null}},"96":{"start":{"line":495,"column":4},"end":{"line":495,"column":null}},"97":{"start":{"line":498,"column":2},"end":{"line":498,"column":null}},"98":{"start":{"line":500,"column":0},"end":{"line":500,"column":null}},"99":{"start":{"line":508,"column":2},"end":{"line":522,"column":null}},"100":{"start":{"line":509,"column":4},"end":{"line":521,"column":null}},"101":{"start":{"line":510,"column":36},"end":{"line":510,"column":null}},"102":{"start":{"line":511,"column":6},"end":{"line":520,"column":null}},"103":{"start":{"line":512,"column":23},"end":{"line":512,"column":null}},"104":{"start":{"line":513,"column":8},"end":{"line":519,"column":null}},"105":{"start":{"line":514,"column":10},"end":{"line":518,"column":null}},"106":{"start":{"line":555,"column":2},"end":{"line":560,"column":null}},"107":{"start":{"line":556,"column":4},"end":{"line":559,"column":null}},"108":{"start":{"line":562,"column":2},"end":{"line":565,"column":null}},"109":{"start":{"line":595,"column":18},"end":{"line":595,"column":null}},"110":{"start":{"line":596,"column":2},"end":{"line":601,"column":null}},"111":{"start":{"line":597,"column":4},"end":{"line":599,"column":null}},"112":{"start":{"line":598,"column":6},"end":{"line":598,"column":null}},"113":{"start":{"line":600,"column":4},"end":{"line":600,"column":null}},"114":{"start":{"line":629,"column":21},"end":{"line":629,"column":null}},"115":{"start":{"line":630,"column":21},"end":{"line":630,"column":null}},"116":{"start":{"line":631,"column":22},"end":{"line":631,"column":null}},"117":{"start":{"line":632,"column":17},"end":{"line":632,"column":null}},"118":{"start":{"line":634,"column":2},"end":{"line":664,"column":null}},"119":{"start":{"line":636,"column":6},"end":{"line":643,"column":null}},"120":{"start":{"line":637,"column":25},"end":{"line":637,"column":null}},"121":{"start":{"line":638,"column":8},"end":{"line":642,"column":null}},"122":{"start":{"line":644,"column":6},"end":{"line":644,"column":null}},"123":{"start":{"line":647,"column":6},"end":{"line":654,"column":null}},"124":{"start":{"line":648,"column":25},"end":{"line":648,"column":null}},"125":{"start":{"line":649,"column":8},"end":{"line":653,"column":null}},"126":{"start":{"line":655,"column":6},"end":{"line":655,"column":null}},"127":{"start":{"line":658,"column":6},"end":{"line":661,"column":null}},"128":{"start":{"line":659,"column":25},"end":{"line":659,"column":null}},"129":{"start":{"line":660,"column":8},"end":{"line":660,"column":null}},"130":{"start":{"line":662,"column":6},"end":{"line":662,"column":null}},"131":{"start":{"line":701,"column":26},"end":{"line":701,"column":null}},"132":{"start":{"line":702,"column":2},"end":{"line":702,"column":null}},"133":{"start":{"line":703,"column":2},"end":{"line":703,"column":null}},"134":{"start":{"line":705,"column":2},"end":{"line":753,"column":null}},"135":{"start":{"line":706,"column":22},"end":{"line":706,"column":null}},"136":{"start":{"line":707,"column":20},"end":{"line":707,"column":null}},"137":{"start":{"line":709,"column":4},"end":{"line":728,"column":null}},"138":{"start":{"line":710,"column":48},"end":{"line":710,"column":null}},"139":{"start":{"line":711,"column":36},"end":{"line":711,"column":null}},"140":{"start":{"line":712,"column":6},"end":{"line":712,"column":null}},"141":{"start":{"line":714,"column":6},"end":{"line":725,"column":null}},"142":{"start":{"line":719,"column":8},"end":{"line":724,"column":null}},"143":{"start":{"line":720,"column":10},"end":{"line":720,"column":null}},"144":{"start":{"line":723,"column":10},"end":{"line":723,"column":null}},"145":{"start":{"line":727,"column":6},"end":{"line":727,"column":null}},"146":{"start":{"line":730,"column":4},"end":{"line":733,"column":null}},"147":{"start":{"line":731,"column":27},"end":{"line":731,"column":null}},"148":{"start":{"line":732,"column":6},"end":{"line":732,"column":null}},"149":{"start":{"line":735,"column":4},"end":{"line":745,"column":null}},"150":{"start":{"line":736,"column":6},"end":{"line":736,"column":null}},"151":{"start":{"line":737,"column":6},"end":{"line":737,"column":null}},"152":{"start":{"line":738,"column":6},"end":{"line":738,"column":null}},"153":{"start":{"line":739,"column":11},"end":{"line":745,"column":null}},"154":{"start":{"line":740,"column":6},"end":{"line":740,"column":null}},"155":{"start":{"line":741,"column":6},"end":{"line":741,"column":null}},"156":{"start":{"line":742,"column":11},"end":{"line":745,"column":null}},"157":{"start":{"line":743,"column":6},"end":{"line":743,"column":null}},"158":{"start":{"line":744,"column":6},"end":{"line":744,"column":null}},"159":{"start":{"line":747,"column":4},"end":{"line":750,"column":null}},"160":{"start":{"line":748,"column":6},"end":{"line":748,"column":null}},"161":{"start":{"line":749,"column":6},"end":{"line":749,"column":null}},"162":{"start":{"line":752,"column":4},"end":{"line":752,"column":null}},"163":{"start":{"line":913,"column":70},"end":{"line":913,"column":null}},"164":{"start":{"line":1086,"column":23},"end":{"line":1086,"column":null}},"165":{"start":{"line":1089,"column":2},"end":{"line":1091,"column":null}},"166":{"start":{"line":1090,"column":4},"end":{"line":1090,"column":null}},"167":{"start":{"line":1093,"column":2},"end":{"line":1095,"column":null}},"168":{"start":{"line":1094,"column":4},"end":{"line":1094,"column":null}},"169":{"start":{"line":1097,"column":21},"end":{"line":1097,"column":null}},"170":{"start":{"line":1099,"column":2},"end":{"line":1104,"column":null}},"171":{"start":{"line":1100,"column":4},"end":{"line":1100,"column":null}},"172":{"start":{"line":1101,"column":4},"end":{"line":1101,"column":null}},"173":{"start":{"line":1103,"column":4},"end":{"line":1103,"column":null}},"174":{"start":{"line":1106,"column":2},"end":{"line":1115,"column":null}},"175":{"start":{"line":1108,"column":4},"end":{"line":1108,"column":null}},"176":{"start":{"line":1109,"column":4},"end":{"line":1109,"column":null}},"177":{"start":{"line":1110,"column":9},"end":{"line":1115,"column":null}},"178":{"start":{"line":1112,"column":4},"end":{"line":1112,"column":null}},"179":{"start":{"line":1114,"column":4},"end":{"line":1114,"column":null}},"180":{"start":{"line":1117,"column":2},"end":{"line":1125,"column":null}},"181":{"start":{"line":1121,"column":4},"end":{"line":1123,"column":null}},"182":{"start":{"line":1122,"column":6},"end":{"line":1122,"column":null}},"183":{"start":{"line":1124,"column":4},"end":{"line":1124,"column":null}},"184":{"start":{"line":1127,"column":2},"end":{"line":1131,"column":null}},"185":{"start":{"line":1128,"column":4},"end":{"line":1130,"column":null}},"186":{"start":{"line":1133,"column":2},"end":{"line":1135,"column":null}},"187":{"start":{"line":1134,"column":4},"end":{"line":1134,"column":null}},"188":{"start":{"line":1137,"column":2},"end":{"line":1139,"column":null}},"189":{"start":{"line":1138,"column":4},"end":{"line":1138,"column":null}},"190":{"start":{"line":1141,"column":16},"end":{"line":1141,"column":null}},"191":{"start":{"line":1142,"column":2},"end":{"line":1145,"column":null}},"192":{"start":{"line":1143,"column":4},"end":{"line":1143,"column":null}},"193":{"start":{"line":1144,"column":4},"end":{"line":1144,"column":null}},"194":{"start":{"line":1148,"column":15},"end":{"line":1148,"column":null}},"195":{"start":{"line":1150,"column":2},"end":{"line":1153,"column":null}},"196":{"start":{"line":1151,"column":4},"end":{"line":1151,"column":null}},"197":{"start":{"line":1152,"column":4},"end":{"line":1152,"column":null}},"198":{"start":{"line":1155,"column":2},"end":{"line":1155,"column":null}},"199":{"start":{"line":1156,"column":2},"end":{"line":1156,"column":null}},"200":{"start":{"line":1156,"column":15},"end":{"line":1156,"column":null}},"201":{"start":{"line":1158,"column":0},"end":{"line":1158,"column":null}},"202":{"start":{"line":1175,"column":21},"end":{"line":1175,"column":null}},"203":{"start":{"line":1176,"column":2},"end":{"line":1178,"column":null}},"204":{"start":{"line":1177,"column":4},"end":{"line":1177,"column":null}},"205":{"start":{"line":1180,"column":18},"end":{"line":1180,"column":null}},"206":{"start":{"line":1181,"column":26},"end":{"line":1181,"column":null}},"207":{"start":{"line":1182,"column":26},"end":{"line":1184,"column":null}},"208":{"start":{"line":1183,"column":4},"end":{"line":1183,"column":null}},"209":{"start":{"line":1186,"column":2},"end":{"line":1191,"column":null}},"210":{"start":{"line":1195,"column":18},"end":{"line":1195,"column":null}},"211":{"start":{"line":1196,"column":2},"end":{"line":1198,"column":null}},"212":{"start":{"line":1197,"column":4},"end":{"line":1197,"column":null}},"213":{"start":{"line":1200,"column":17},"end":{"line":1200,"column":null}},"214":{"start":{"line":1201,"column":2},"end":{"line":1203,"column":null}},"215":{"start":{"line":1202,"column":4},"end":{"line":1202,"column":null}},"216":{"start":{"line":1205,"column":2},"end":{"line":1205,"column":null}},"217":{"start":{"line":1216,"column":18},"end":{"line":1216,"column":null}},"218":{"start":{"line":1217,"column":2},"end":{"line":1219,"column":null}},"219":{"start":{"line":1218,"column":4},"end":{"line":1218,"column":null}},"220":{"start":{"line":1221,"column":17},"end":{"line":1221,"column":null}},"221":{"start":{"line":1222,"column":2},"end":{"line":1224,"column":null}},"222":{"start":{"line":1223,"column":4},"end":{"line":1223,"column":null}},"223":{"start":{"line":1226,"column":16},"end":{"line":1226,"column":null}},"224":{"start":{"line":1227,"column":2},"end":{"line":1235,"column":null}},"225":{"start":{"line":1228,"column":4},"end":{"line":1228,"column":null}},"226":{"start":{"line":1229,"column":4},"end":{"line":1234,"column":null}},"227":{"start":{"line":1230,"column":6},"end":{"line":1230,"column":null}},"228":{"start":{"line":1231,"column":6},"end":{"line":1233,"column":null}},"229":{"start":{"line":1232,"column":8},"end":{"line":1232,"column":null}},"230":{"start":{"line":1240,"column":24},"end":{"line":1240,"column":null}},"231":{"start":{"line":1251,"column":31},"end":{"line":1251,"column":null}},"232":{"start":{"line":1252,"column":2},"end":{"line":1252,"column":null}},"233":{"start":{"line":1253,"column":2},"end":{"line":1257,"column":null}},"234":{"start":{"line":1254,"column":4},"end":{"line":1254,"column":null}},"235":{"start":{"line":1256,"column":4},"end":{"line":1256,"column":null}},"236":{"start":{"line":1277,"column":2},"end":{"line":1279,"column":null}},"237":{"start":{"line":1278,"column":4},"end":{"line":1278,"column":null}},"238":{"start":{"line":1280,"column":21},"end":{"line":1280,"column":null}},"239":{"start":{"line":1281,"column":21},"end":{"line":1281,"column":null}},"240":{"start":{"line":1283,"column":18},"end":{"line":1283,"column":null}},"241":{"start":{"line":1284,"column":2},"end":{"line":1286,"column":null}},"242":{"start":{"line":1285,"column":4},"end":{"line":1285,"column":null}},"243":{"start":{"line":1288,"column":17},"end":{"line":1288,"column":null}},"244":{"start":{"line":1289,"column":2},"end":{"line":1291,"column":null}},"245":{"start":{"line":1290,"column":4},"end":{"line":1290,"column":null}},"246":{"start":{"line":1295,"column":2},"end":{"line":1295,"column":null}},"247":{"start":{"line":1297,"column":14},"end":{"line":1297,"column":null}},"248":{"start":{"line":1298,"column":8},"end":{"line":1306,"column":null}},"249":{"start":{"line":1299,"column":4},"end":{"line":1305,"column":null}},"250":{"start":{"line":1300,"column":17},"end":{"line":1300,"column":null}},"251":{"start":{"line":1301,"column":6},"end":{"line":1301,"column":null}},"252":{"start":{"line":1303,"column":6},"end":{"line":1303,"column":null}},"253":{"start":{"line":1304,"column":6},"end":{"line":1304,"column":null}},"254":{"start":{"line":1308,"column":2},"end":{"line":1308,"column":null}}},"fnMap":{"0":{"name":"(anonymous_0)","decl":{"start":{"line":12,"column":13},"end":{"line":12,"column":21}},"loc":{"start":{"line":12,"column":46},"end":{"line":12,"column":null}},"line":12},"1":{"name":"(anonymous_1)","decl":{"start":{"line":17,"column":13},"end":{"line":17,"column":29}},"loc":{"start":{"line":17,"column":45},"end":{"line":17,"column":null}},"line":17},"2":{"name":"constructor","decl":{"start":{"line":29,"column":2},"end":{"line":29,"column":14}},"loc":{"start":{"line":29,"column":36},"end":{"line":31,"column":null}},"line":29},"3":{"name":"dynamicHookKey","decl":{"start":{"line":40,"column":16},"end":{"line":40,"column":31}},"loc":{"start":{"line":40,"column":69},"end":{"line":42,"column":null}},"line":40},"4":{"name":"constructor_2","decl":{"start":{"line":59,"column":2},"end":{"line":59,"column":14}},"loc":{"start":{"line":59,"column":35},"end":{"line":61,"column":null}},"line":59},"5":{"name":"(anonymous_5)","decl":{"start":{"line":60,"column":45},"end":{"line":60,"column":58}},"loc":{"start":{"line":60,"column":58},"end":{"line":60,"column":null}},"line":60},"6":{"name":"argsProvider","decl":{"start":{"line":72,"column":16},"end":{"line":72,"column":46}},"loc":{"start":{"line":72,"column":84},"end":{"line":74,"column":null}},"line":72},"7":{"name":"getCurrentHookKeyContext","decl":{"start":{"line":121,"column":16},"end":{"line":121,"column":65}},"loc":{"start":{"line":121,"column":65},"end":{"line":123,"column":null}},"line":121},"8":{"name":"hookBase","decl":{"start":{"line":330,"column":9},"end":{"line":330,"column":null}},"loc":{"start":{"line":341,"column":57},"end":{"line":459,"column":null}},"line":341},"9":{"name":"runHook","decl":{"start":{"line":419,"column":11},"end":{"line":419,"column":30}},"loc":{"start":{"line":419,"column":42},"end":{"line":454,"column":null}},"line":419},"10":{"name":"(anonymous_10)","decl":{"start":{"line":443,"column":6},"end":{"line":443,"column":14}},"loc":{"start":{"line":443,"column":29},"end":{"line":449,"column":null}},"line":443},"11":{"name":"inherit","decl":{"start":{"line":483,"column":16},"end":{"line":483,"column":24}},"loc":{"start":{"line":483,"column":59},"end":{"line":499,"column":null}},"line":483},"12":{"name":"Hook","decl":{"start":{"line":507,"column":16},"end":{"line":507,"column":23}},"loc":{"start":{"line":507,"column":23},"end":{"line":523,"column":null}},"line":507},"13":{"name":"HookClass","decl":{"start":{"line":508,"column":18},"end":{"line":508,"column":28}},"loc":{"start":{"line":508,"column":73},"end":{"line":522,"column":null}},"line":508},"14":{"name":"(anonymous_14)","decl":{"start":{"line":509,"column":27},"end":{"line":509,"column":48}},"loc":{"start":{"line":509,"column":48},"end":{"line":521,"column":5}},"line":509},"15":{"name":"_resolveHookDecoratorOptions","decl":{"start":{"line":551,"column":16},"end":{"line":551,"column":null}},"loc":{"start":{"line":554,"column":25},"end":{"line":566,"column":null}},"line":554},"16":{"name":"_createHookInvoker","decl":{"start":{"line":587,"column":16},"end":{"line":587,"column":null}},"loc":{"start":{"line":594,"column":2},"end":{"line":602,"column":null}},"line":594},"17":{"name":"runHook_2","decl":{"start":{"line":596,"column":18},"end":{"line":596,"column":37}},"loc":{"start":{"line":596,"column":53},"end":{"line":601,"column":null}},"line":596},"18":{"name":"_createAccessorDecorator","decl":{"start":{"line":620,"column":16},"end":{"line":620,"column":null}},"loc":{"start":{"line":628,"column":27},"end":{"line":665,"column":null}},"line":628},"19":{"name":"get","decl":{"start":{"line":635,"column":4},"end":{"line":635,"column":9}},"loc":{"start":{"line":635,"column":53},"end":{"line":645,"column":null}},"line":635},"20":{"name":"set","decl":{"start":{"line":646,"column":4},"end":{"line":646,"column":9}},"loc":{"start":{"line":646,"column":53},"end":{"line":656,"column":null}},"line":646},"21":{"name":"init","decl":{"start":{"line":657,"column":4},"end":{"line":657,"column":10}},"loc":{"start":{"line":657,"column":57},"end":{"line":663,"column":null}},"line":657},"22":{"name":"hookDecorator","decl":{"start":{"line":697,"column":16},"end":{"line":697,"column":null}},"loc":{"start":{"line":700,"column":19},"end":{"line":754,"column":null}},"line":700},"23":{"name":"decorate","decl":{"start":{"line":705,"column":18},"end":{"line":705,"column":38}},"loc":{"start":{"line":705,"column":86},"end":{"line":753,"column":null}},"line":705},"24":{"name":"(anonymous_24)","decl":{"start":{"line":714,"column":29},"end":{"line":714,"column":50}},"loc":{"start":{"line":714,"column":50},"end":{"line":725,"column":7}},"line":714},"25":{"name":"attach","decl":{"start":{"line":1080,"column":16},"end":{"line":1080,"column":null}},"loc":{"start":{"line":1084,"column":2},"end":{"line":1157,"column":null}},"line":1084},"26":{"name":"(anonymous_26)","decl":{"start":{"line":1156,"column":2},"end":{"line":1156,"column":15}},"loc":{"start":{"line":1156,"column":15},"end":{"line":1156,"column":null}},"line":1156},"27":{"name":"inspectHook","decl":{"start":{"line":1174,"column":16},"end":{"line":1174,"column":28}},"loc":{"start":{"line":1174,"column":72},"end":{"line":1192,"column":null}},"line":1174},"28":{"name":"(anonymous_28)","decl":{"start":{"line":1182,"column":42},"end":{"line":1182,"column":50}},"loc":{"start":{"line":1182,"column":72},"end":{"line":1184,"column":5}},"line":1182},"29":{"name":"getMiddleware","decl":{"start":{"line":1194,"column":16},"end":{"line":1194,"column":30}},"loc":{"start":{"line":1194,"column":86},"end":{"line":1206,"column":null}},"line":1194},"30":{"name":"detach","decl":{"start":{"line":1215,"column":16},"end":{"line":1215,"column":23}},"loc":{"start":{"line":1215,"column":87},"end":{"line":1236,"column":null}},"line":1215},"31":{"name":"bypassMiddleware","decl":{"start":{"line":1250,"column":16},"end":{"line":1250,"column":36}},"loc":{"start":{"line":1250,"column":52},"end":{"line":1258,"column":null}},"line":1250},"32":{"name":"runMiddleware","decl":{"start":{"line":1270,"column":9},"end":{"line":1270,"column":null}},"loc":{"start":{"line":1276,"column":5},"end":{"line":1309,"column":null}},"line":1276},"33":{"name":"(anonymous_33)","decl":{"start":{"line":1298,"column":8},"end":{"line":1298,"column":18}},"loc":{"start":{"line":1298,"column":42},"end":{"line":1306,"column":null}},"line":1298}},"branchMap":{"0":{"loc":{"start":{"line":60,"column":16},"end":{"line":60,"column":null}},"type":"cond-expr","locations":[{"start":{"line":60,"column":45},"end":{"line":60,"column":58}},{"start":{"line":60,"column":45},"end":{"line":60,"column":null}}],"line":60},"1":{"loc":{"start":{"line":73,"column":31},"end":{"line":73,"column":98}},"type":"cond-expr","locations":[{"start":{"line":73,"column":84},"end":{"line":73,"column":94}},{"start":{"line":73,"column":94},"end":{"line":73,"column":98}}],"line":73},"2":{"loc":{"start":{"line":73,"column":31},"end":{"line":73,"column":84}},"type":"binary-expr","locations":[{"start":{"line":73,"column":31},"end":{"line":73,"column":52}},{"start":{"line":73,"column":52},"end":{"line":73,"column":84}}],"line":73},"3":{"loc":{"start":{"line":342,"column":2},"end":{"line":344,"column":null}},"type":"if","locations":[{"start":{"line":342,"column":2},"end":{"line":344,"column":null}},{"start":{},"end":{}}],"line":342},"4":{"loc":{"start":{"line":345,"column":2},"end":{"line":347,"column":null}},"type":"if","locations":[{"start":{"line":345,"column":2},"end":{"line":347,"column":null}},{"start":{},"end":{}}],"line":345},"5":{"loc":{"start":{"line":345,"column":2},"end":{"line":345,"column":90}},"type":"binary-expr","locations":[{"start":{"line":345,"column":7},"end":{"line":345,"column":41}},{"start":{"line":345,"column":41},"end":{"line":345,"column":70}},{"start":{"line":345,"column":70},"end":{"line":345,"column":90}}],"line":345},"6":{"loc":{"start":{"line":348,"column":2},"end":{"line":350,"column":null}},"type":"if","locations":[{"start":{"line":348,"column":2},"end":{"line":350,"column":null}},{"start":{},"end":{}}],"line":348},"7":{"loc":{"start":{"line":348,"column":6},"end":{"line":348,"column":88}},"type":"binary-expr","locations":[{"start":{"line":348,"column":6},"end":{"line":348,"column":34}},{"start":{"line":348,"column":34},"end":{"line":348,"column":68}},{"start":{"line":348,"column":68},"end":{"line":348,"column":88}}],"line":348},"8":{"loc":{"start":{"line":351,"column":2},"end":{"line":353,"column":null}},"type":"if","locations":[{"start":{"line":351,"column":2},"end":{"line":353,"column":null}},{"start":{},"end":{}}],"line":351},"9":{"loc":{"start":{"line":351,"column":6},"end":{"line":351,"column":88}},"type":"binary-expr","locations":[{"start":{"line":351,"column":6},"end":{"line":351,"column":40}},{"start":{"line":351,"column":40},"end":{"line":351,"column":68}},{"start":{"line":351,"column":68},"end":{"line":351,"column":88}}],"line":351},"10":{"loc":{"start":{"line":360,"column":2},"end":{"line":410,"column":null}},"type":"if","locations":[{"start":{"line":360,"column":2},"end":{"line":410,"column":null}},{"start":{"line":366,"column":9},"end":{"line":410,"column":null}}],"line":360},"11":{"loc":{"start":{"line":365,"column":10},"end":{"line":365,"column":null}},"type":"binary-expr","locations":[{"start":{"line":365,"column":10},"end":{"line":365,"column":18}},{"start":{"line":365,"column":18},"end":{"line":365,"column":null}}],"line":365},"12":{"loc":{"start":{"line":366,"column":9},"end":{"line":410,"column":null}},"type":"if","locations":[{"start":{"line":366,"column":9},"end":{"line":410,"column":null}},{"start":{"line":386,"column":9},"end":{"line":410,"column":null}}],"line":366},"13":{"loc":{"start":{"line":368,"column":4},"end":{"line":385,"column":null}},"type":"if","locations":[{"start":{"line":368,"column":4},"end":{"line":385,"column":null}},{"start":{"line":376,"column":11},"end":{"line":385,"column":null}}],"line":368},"14":{"loc":{"start":{"line":369,"column":6},"end":{"line":371,"column":null}},"type":"if","locations":[{"start":{"line":369,"column":6},"end":{"line":371,"column":null}},{"start":{},"end":{}}],"line":369},"15":{"loc":{"start":{"line":375,"column":12},"end":{"line":375,"column":null}},"type":"binary-expr","locations":[{"start":{"line":375,"column":12},"end":{"line":375,"column":20}},{"start":{"line":375,"column":20},"end":{"line":375,"column":null}}],"line":375},"16":{"loc":{"start":{"line":378,"column":6},"end":{"line":384,"column":null}},"type":"if","locations":[{"start":{"line":378,"column":6},"end":{"line":384,"column":null}},{"start":{"line":381,"column":13},"end":{"line":384,"column":null}}],"line":378},"17":{"loc":{"start":{"line":378,"column":10},"end":{"line":378,"column":64}},"type":"binary-expr","locations":[{"start":{"line":378,"column":10},"end":{"line":378,"column":38}},{"start":{"line":378,"column":38},"end":{"line":378,"column":64}}],"line":378},"18":{"loc":{"start":{"line":380,"column":14},"end":{"line":380,"column":null}},"type":"binary-expr","locations":[{"start":{"line":380,"column":14},"end":{"line":380,"column":22}},{"start":{"line":380,"column":22},"end":{"line":380,"column":null}}],"line":380},"19":{"loc":{"start":{"line":383,"column":14},"end":{"line":383,"column":null}},"type":"binary-expr","locations":[{"start":{"line":383,"column":14},"end":{"line":383,"column":22}},{"start":{"line":383,"column":22},"end":{"line":383,"column":null}}],"line":383},"20":{"loc":{"start":{"line":386,"column":9},"end":{"line":410,"column":null}},"type":"if","locations":[{"start":{"line":386,"column":9},"end":{"line":410,"column":null}},{"start":{"line":406,"column":9},"end":{"line":410,"column":null}}],"line":386},"21":{"loc":{"start":{"line":388,"column":4},"end":{"line":405,"column":null}},"type":"if","locations":[{"start":{"line":388,"column":4},"end":{"line":405,"column":null}},{"start":{"line":395,"column":11},"end":{"line":405,"column":null}}],"line":388},"22":{"loc":{"start":{"line":389,"column":6},"end":{"line":391,"column":null}},"type":"if","locations":[{"start":{"line":389,"column":6},"end":{"line":391,"column":null}},{"start":{},"end":{}}],"line":389},"23":{"loc":{"start":{"line":394,"column":12},"end":{"line":394,"column":null}},"type":"binary-expr","locations":[{"start":{"line":394,"column":12},"end":{"line":394,"column":20}},{"start":{"line":394,"column":20},"end":{"line":394,"column":null}}],"line":394},"24":{"loc":{"start":{"line":395,"column":11},"end":{"line":405,"column":null}},"type":"if","locations":[{"start":{"line":395,"column":11},"end":{"line":405,"column":null}},{"start":{"line":402,"column":11},"end":{"line":405,"column":null}}],"line":395},"25":{"loc":{"start":{"line":397,"column":12},"end":{"line":397,"column":null}},"type":"binary-expr","locations":[{"start":{"line":397,"column":12},"end":{"line":397,"column":20}},{"start":{"line":397,"column":20},"end"
[...]
tart":{"line":1196,"column":2},"end":{"line":1198,"column":null}},{"start":{},"end":{}}],"line":1196},"90":{"loc":{"start":{"line":1201,"column":2},"end":{"line":1203,"column":null}},"type":"if","locations":[{"start":{"line":1201,"column":2},"end":{"line":1203,"column":null}},{"start":{},"end":{}}],"line":1201},"91":{"loc":{"start":{"line":1217,"column":2},"end":{"line":1219,"column":null}},"type":"if","locations":[{"start":{"line":1217,"column":2},"end":{"line":1219,"column":null}},{"start":{},"end":{}}],"line":1217},"92":{"loc":{"start":{"line":1222,"column":2},"end":{"line":1224,"column":null}},"type":"if","locations":[{"start":{"line":1222,"column":2},"end":{"line":1224,"column":null}},{"start":{},"end":{}}],"line":1222},"93":{"loc":{"start":{"line":1227,"column":2},"end":{"line":1235,"column":null}},"type":"if","locations":[{"start":{"line":1227,"column":2},"end":{"line":1235,"column":null}},{"start":{},"end":{}}],"line":1227},"94":{"loc":{"start":{"line":1229,"column":4},"end":{"line":1234,"column":null}},"type":"if","locations":[{"start":{"line":1229,"column":4},"end":{"line":1234,"column":null}},{"start":{},"end":{}}],"line":1229},"95":{"loc":{"start":{"line":1231,"column":6},"end":{"line":1233,"column":null}},"type":"if","locations":[{"start":{"line":1231,"column":6},"end":{"line":1233,"column":null}},{"start":{},"end":{}}],"line":1231},"96":{"loc":{"start":{"line":1277,"column":2},"end":{"line":1279,"column":null}},"type":"if","locations":[{"start":{"line":1277,"column":2},"end":{"line":1279,"column":null}},{"start":{},"end":{}}],"line":1277},"97":{"loc":{"start":{"line":1277,"column":6},"end":{"line":1277,"column":42}},"type":"binary-expr","locations":[{"start":{"line":1277,"column":6},"end":{"line":1277,"column":28}},{"start":{"line":1277,"column":28},"end":{"line":1277,"column":42}}],"line":1277},"98":{"loc":{"start":{"line":1280,"column":21},"end":{"line":1280,"column":null}},"type":"binary-expr","locations":[{"start":{"line":1280,"column":21},"end":{"line":1280,"column":29}},{"start":{"line":1280,"column":29},"end":{"line":1280,"column":null}}],"line":1280},"99":{"loc":{"start":{"line":1284,"column":2},"end":{"line":1286,"column":null}},"type":"if","locations":[{"start":{"line":1284,"column":2},"end":{"line":1286,"column":null}},{"start":{},"end":{}}],"line":1284},"100":{"loc":{"start":{"line":1289,"column":2},"end":{"line":1291,"column":null}},"type":"if","locations":[{"start":{"line":1289,"column":2},"end":{"line":1291,"column":null}},{"start":{},"end":{}}],"line":1289},"101":{"loc":{"start":{"line":1299,"column":4},"end":{"line":1305,"column":null}},"type":"if","locations":[{"start":{"line":1299,"column":4},"end":{"line":1305,"column":null}},{"start":{"line":1302,"column":11},"end":{"line":1305,"column":null}}],"line":1299}},"s":{"0":6,"1":6,"2":6,"3":6,"4":6,"5":6,"6":96,"7":93,"8":93,"9":6,"10":22,"11":19,"12":22,"13":6,"14":6,"15":101,"16":657,"17":11,"18":646,"19":67,"20":579,"21":21,"22":558,"23":22,"24":536,"25":536,"26":536,"27":10,"28":10,"29":10,"30":10,"31":526,"32":373,"33":6,"34":1,"35":5,"36":5,"37":5,"38":5,"39":367,"40":367,"41":364,"42":364,"43":3,"44":3,"45":153,"46":148,"47":134,"48":1,"49":133,"50":133,"51":133,"52":14,"53":3,"54":3,"55":3,"56":1,"57":2,"58":11,"59":11,"60":5,"61":5,"62":533,"63":742,"64":742,"65":742,"66":237,"67":742,"68":742,"69":742,"70":652,"71":4,"72":4,"73":4,"74":4,"75":4,"76":648,"77":648,"78":648,"79":648,"80":1093,"81":446,"82":647,"83":738,"84":742,"85":742,"86":533,"87":533,"88":6,"89":287,"90":287,"91":287,"92":183,"93":287,"94":287,"95":308,"96":308,"97":287,"98":6,"99":84,"100":84,"101":84,"102":84,"103":17,"104":17,"105":11,"106":184,"107":79,"108":105,"109":108,"110":108,"111":213,"112":126,"113":213,"114":38,"115":38,"116":38,"117":38,"118":38,"119":114,"120":44,"121":44,"122":114,"123":41,"124":34,"125":34,"126":41,"127":46,"128":45,"129":45,"130":46,"131":121,"132":121,"133":121,"134":121,"135":121,"136":121,"137":121,"138":17,"139":17,"140":17,"141":17,"142":18,"143":6,"144":12,"145":17,"146":104,"147":25,"148":25,"149":79,"150":23,"151":23,"152":23,"153":56,"154":22,"155":22,"156":34,"157":22,"158":22,"159":79,"160":35,"161":35,"162":79,"163":6,"164":384,"165":384,"166":1,"167":383,"168":2,"169":381,"170":381,"171":18,"172":18,"173":363,"174":381,"175":356,"176":356,"177":25,"178":24,"179":1,"180":380,"181":6,"182":2,"183":4,"184":378,"185":3,"186":375,"187":1,"188":374,"189":109,"190":374,"191":374,"192":193,"193":193,"194":374,"195":374,"196":353,"197":353,"198":374,"199":374,"200":26,"201":6,"202":5,"203":5,"204":1,"205":4,"206":4,"207":5,"208":3,"209":5,"210":3,"211":3,"212":1,"213":2,"214":2,"215":1,"216":1,"217":33,"218":33,"219":1,"220":32,"221":32,"222":1,"223":31,"224":31,"225":30,"226":30,"227":27,"228":27,"229":15,"230":6,"231":1,"232":1,"233":1,"234":1,"235":1,"236":1184,"237":1,"238":1183,"239":1184,"240":1184,"241":1184,"242":497,"243":686,"244":686,"245":121,"246":565,"247":565,"248":565,"249":1156,"250":592,"251":592,"252":564,"253":564,"254":565},"f":{"0":79,"1":96,"2":93,"3":93,"4":22,"5":19,"6":22,"7":101,"8":657,"9":742,"10":1093,"11":287,"12":84,"13":84,"14":84,"15":184,"16":108,"17":213,"18":38,"19":38,"20":38,"21":38,"22":121,"23":121,"24":18,"25":384,"26":26,"27":5,"28":3,"29":3,"30":33,"31":1,"32":1184,"33":1156},"b":{"0":[2,19],"1":[2,20],"2":[22,21],"3":[11,646],"4":[67,579],"5":[646,458,389],"6":[21,558],"7":[579,161,21],"8":[22,536],"9":[558,161,161],"10":[10,526],"11":[10,1],"12":[373,153],"13":[6,367],"14":[1,5],"15":[5,1],"16":[364,3],"17":[367,3],"18":[364,1],"19":[3,1],"20":[148,5],"21":[134,14],"22":[1,133],"23":[133,70],"24":[3,11],"25":[3,1],"26":[1,2],"27":[3,1],"28":[11,3],"29":[5,1],"30":[652,90],"31":[4,648],"32":[4,2],"33":[446,647],"34":[738,720],"35":[287,104],"36":[183,104],"37":[287,183],"38":[287,595],"39":[84,68],"40":[11,6],"41":[17,11],"42":[79,105],"43":[24,55],"44":[53,52],"45":[21,84],"46":[126,87],"47":[126,64],"48":[64,64],"49":[126,119],"50":[17,21],"51":[44,70],"52":[44,43],"53":[44,27],"54":[34,7],"55":[34,33],"56":[34,19],"57":[45,1],"58":[45,44],"59":[45,28],"60":[121,38],"61":[17,104],"62":[121,68],"63":[17,16],"64":[6,12],"65":[6,3],"66":[12,6],"67":[25,79],"68":[23,56],"69":[22,34],"70":[22,12],"71":[35,44],"72":[1,383],"73":[384,165,34,1],"74":[2,381],"75":[18,363],"76":[356,25],"77":[24,1],"78":[6,374],"79":[2,4],"80":[3,375],"81":[1,374],"82":[109,265],"83":[374,365],"84":[193,181],"85":[353,21],"86":[1,4],"87":[4,1],"88":[3,1],"89":[1,2],"90":[1,1],"91":[1,32],"92":[1,31],"93":[30,1],"94":[27,3],"95":[15,12],"96":[1,1183],"97":[1184,1183],"98":[1183,1],"99":[497,687],"100":[121,565],"101":[592,564]},"meta":{"lastBranch":102,"lastFunction":34,"lastStatement":255,"seen":{"s:1:22:1:Infinity":0,"s:3:33:3:Infinity":1,"s:8:25:8:Infinity":2,"s:10:32:10:Infinity":3,"s:12:13:12:Infinity":4,"f:12:13:12:21":0,"s:17:13:17:Infinity":5,"f:17:13:17:29":1,"s:17:45:17:Infinity":6,"f:29:2:29:14":2,"s:30:4:30:Infinity":7,"f:40:16:40:31":3,"s:41:2:41:Infinity":8,"s:52:19:52:Infinity":9,"f:59:2:59:14":4,"s:60:4:60:Infinity":10,"b:60:45:60:58:60:45:60:Infinity":0,"f:60:45:60:58":5,"s:60:58:60:Infinity":11,"f:72:16:72:46":6,"s:73:2:73:Infinity":12,"b:73:84:73:94:73:94:73:98":1,"b:73:31:73:52:73:52:73:84":2,"s:76:20:76:Infinity":13,"s:113:43:113:Infinity":14,"f:121:16:121:65":7,"s:122:2:122:Infinity":15,"f:330:9:330:Infinity":8,"b:342:2:344:Infinity:undefined:undefined:undefined:undefined":3,"s:342:2:344:Infinity":16,"s:343:4:343:Infinity":17,"b:345:2:347:Infinity:undefined:undefined:undefined:undefined":4,"s:345:2:347:Infinity":18,"b:345:7:345:41:345:41:345:70:345:70:345:90":5,"s:346:4:346:Infinity":19,"b:348:2:350:Infinity:undefined:undefined:undefined:undefined":6,"s:348:2:350:Infinity":20,"b:348:6:348:34:348:34:348:68:348:68:348:88":7,"s:349:4:349:Infinity":21,"b:351:2:353:Infinity:undefined:undefined:undefined:undefined":8,"s:351:2:353:Infinity":22,"b:351:6:351:40:351:40:351:68:351:68:351:88":9,"s:352:4:352:Infinity":23,"s:356:23:356:Infinity":24,"s:357:33:357:Infinity":25,"b:360:2:410:Infinity:366:9:410:Infinity":10,"s:360:2:410:Infinity":26,"s:362:4:362:Infinity":27,"s:363:4:363:Infinity":28,"s:364:4:364:Infinity":29,"s:365:4:365:Infinity":30,"b:365:10:365:18:365:18:365:Infinity":11,"b:366:9:410:Infinity:386:9:410:Infinity":12,"s:366:9:410:Infinity":31,"b:368:4:385:Infinity:376:11:385:Infinity":13,"s:368:4:385:Infinity":32,"b:369:6:371:Infinity:undefined:undefined:undefined:undefined":14,"s:369:6:371:Infinity":33,"s:370:8:370:Infinity":34,"s:372:6:372:Infinity":35,"s:373:6:373:Infinity":36,"s:374:6:374:Infinity":37,"s:375:6:375:Infinity":38,"b:375:12:375:20:375:20:375:Infinity":15,"s:377:6:377:Infinity":39,"b:378:6:384:Infinity:381:13:384:Infinity":16,"s:378:6:384:Infinity":40,"b:378:10:378:38:378:38:378:64":17,"s:379:8:379:Infinity":41,"s:380:8:380:Infinity":42,"b:380:14:380:22:380:22:380:Infinity":18,"s:382:8:382:Infinity":43,"s:383:8:383:Infinity":44,"b:383:14:383:22:383:22:383:Infinity":19,"b:386:9:410:Infinity:406:9:410:Infinity":20,"s:386:9:410:Infinity":45,"b:388:4:405:Infinity:395:11:405:Infinity":21,"s:388:4:405:Infinity":46,"b:389:6:391:Infinity:undefined:undefined:undefined:undefined":22,"s:389:6:391:Infinity":47,"s:390:8:390:Infinity":48,"s:392:6:392:Infinity":49,"s:393:6:393:Infinity":50,"s:394:6:394:Infinity":51,"b:394:12:394:20:394:20:394:Infinity":23,"b:395:11:405:Infinity:402:11:405:Infinity":24,"s:395:11:405:Infinity":52,"s:396:6:396:Infinity":53,"s:397:6:397:Infinity":54,"b:397:12:397:20:397:20:397:Infinity":25,"b:398:6:400:Infinity:undefined:undefined:undefined:undefined":26,"s:398:6:400:Infinity":55,"b:398:10:398:25:398:25:398:42":27,"s:399:8:399:Infinity":56,"s:401:6:401:Infinity":57,"s:403:6:403:Infinity":58,"s:404:6:404:Infinity":59,"b:404:12:404:20:404:20:404:Infinity":28,"s:408:4:408:Infinity":60,"b:408:10:408:18:408:18:408:Infinity":29,"s:409:4:409:Infinity":61,"s:412:37:417:Infinity":62,"f:419:11:419:30":9,"s:420:14:420:Infinity":63,"s:421:23:421:Infinity":64,"s:425:4:427:Infinity":65,"s:426:6:426:Infinity":66,"s:428:4:428:Infinity":67,"s:430:37:430:Infinity":68,"b:432:4:450:Infinity:undefined:undefined:undefined:undefined":30,"s:432:4:450:Infinity":69,"b:433:6:439:Infinity:undefined:undefined:undefined:undefined":31,"s:433:6:439:Infinity":70,"s:434:26:434:Infinity":71,"b:434:26:434:56:434:56:434:Infinity":32,"s:435:27:435:Infinity":72,"s:436:23:436:Infinity":73,"s:437:8:437:Infinity":74,"s:438:8:438:Infinity":75,"s:440:14:440:Infinity":76,"s:441:20:441:Infinity":77,"s:442:6:442:Infinity":78,"s:443:6:449:Infinity":79,"f:443:6:443:14":10,"b:444:8:448:Infinity:446:15:448:Infinity":33,"s:444:8:448:Infinity":80,"s:445:10:445:Infinity":81,"s:447:10:447:Infinity":82,"s:451:19:451:Infinity":83,"b:451:70:451:99:451:99:451:104":34,"s:452:4:452:Infinity":84,"s:453:4:453:Infinity":85,"s:456:2:456:Infinity":86,"s:458:2:458:Infinity":87,"s:460:20:460:Infinity":88,"f:483:16:483:24":11,"s:484:33:484:Infinity":89,"s:485:18:485:Infinity":90,"b:485:18:485:60:485:60:485:Infinity":35,"b:488:2:490:Infinity:undefined:undefined:undefined:undefined":36,"s:488:2:490:Infinity":91,"s:489:4:489:Infinity":92,"s:492:15:492:Infinity":93,"b:492:15:492:65:492:65:492:Infinity":37,"s:493:2:496:Infinity":94,"b:493:9:493:18:493:18:493:49":38,"s:494:4:494:Infinity":95,"s:495:4:495:Infinity":96,"s:498:2:498:Infinity":97,"s:500:0:500:Infinity":98,"f:507:16:507:23":12,"s:508:2:522:Infinity":99,"f:508:18:508:28":13,"s:509:4:521:Infinity":100,"f:509:27:509:48":14,"s:510:36:510:Infinity":101,"b:510:36:510:80:510:80:510:Infinity":39,"s:511:6:520:Infinity":102,"s:512:23:512:Infinity":103,"b:513:8:519:Infinity:undefined:undefined:undefined:undefined":40,"s:513:8:519:Infinity":104,"b:513:12:513:23:513:23:513:64":41,"s:514:10:518:Infinity":105,"f:551:16:551:Infinity":15,"b:555:2:560:Infinity:undefined:undefined:undefined:undefined":42,"s:555:2:560:Infinity":106,"s:556:4:559:Infinity":107,"b:558:51:558:58:558:58:558:Infinity":43,"s:562:2:565:Infinity":108,"b:563:49:563:56:563:56:563:Infinity":44,"b:564:48:564:55:564:55:564:Infinity":45,"f:587:16:587:Infinity":16,"s:595:18:595:Infinity":109,"s:596:2:601:Infinity":110,"f:596:18:596:37":17,"b:597:4:599:Infinity:undefined:undefined:undefined:undefined":46,"s:597:4:599:Infinity":111,"s:598:6:598:Infinity":112,"b:598:27:598:41:598:41:598:71":47,"b:598:49:598:64:598:64:598:68":48,"b:598:92:598:102:598:102:598:106":49,"s:600:4:600:Infinity":113,"f:620:16:620:Infinity":18,"s:629:21:629:Infinity":114,"s:630:21:630:Infinity":115,"s:631:22:631:Infinity":116,"s:632:17:632:Infinity":117,"b:632:28:632:40:632:40:632:Infinity":50,"s:634:2:664:Infinity":118,"f:635:4:635:9":19,"b:636:6:643:Infinity:undefined:undefined:undefined:undefined":51,"s:636:6:643:Infinity":119,"s:637:25:637:Infinity":120,"b:637:25:637:34:637:34:637:Infinity":52,"s:638:8:642:Infinity":121,"b:639:10:639:24:639:24:639:Infinity":53,"s:644:6:644:Infinity":122,"f:646:4:646:9":20,"b:647:6:654:Infinity:undefined:undefined:undefined:undefined":54,"s:647:6:654:Infinity":123,"s:648:25:648:Infinity":124,"b:648:25:648:34:648:34:648:Infinity":55,"s:649:8:653:Infinity":125,"b:650:10:650:24:650:24:650:Infinity":56,"s:655:6:655:Infinity":126,"f:657:4:657:10":21,"b:658:6:661:Infinity:undefined:undefined:undefined:undefined":57,"s:658:6:661:Infinity":127,"s:659:25:659:Infinity":128,"b:659:25:659:34:659:34:659:Infinity":58,"s:660:8:660:Infinity":129,"b:660:33:660:47:660:47:660:66":59,"s:662:6:662:Infinity":130,"f:697:16:697:Infinity":22,"s:701:26:701:Infinity":131,"s:702:2:702:Infinity":132,"s:703:2:703:Infinity":133,"s:705:2:753:Infinity":134,"f:705:18:705:38":23,"s:706:22:706:Infinity":135,"s:707:20:707:Infinity":136,"b:707:20:707:39:707:39:707:Infinity":60,"b:709:4:728:Infinity:undefined:undefined:undefined:undefined":61,"s:709:4:728:Infinity":137,"b:709:8:709:28:709:28:709:55":62,"s:710:48:710:Infinity":138,"s:711:36:711:Infinity":139,"b:711:36:711:73:711:73:711:Infinity":63,"s:712:6:712:Infinity":140,"s:714:6:725:Infinity":141,"f:714:29:714:50":24,"b:719:8:724:Infinity:721:15:724:Infinity":64,"s:719:8:724:Infinity":142,"s:720:10:720:Infinity":143,"b:720:35:720:49:720:49:720:64":65,"s:723:10:723:Infinity":144,"b:723:35:723:49:723:49:723:64":66,"s:727:6:727:Infinity":145,"b:730:4:733:Infinity:undefined:undefined:undefined:undefined":67,"s:730:4:733:Infinity":146,"s:731:27:731:Infinity":147,"s:732:6:732:Infinity":148,"b:735:4:745:Infinity:739:11:745:Infinity":68,"s:735:4:745:Infinity":149,"s:736:6:736:Infinity":150,"s:737:6:737:Infinity":151,"s:738:6:738:Infinity":152,"b:739:11:745:Infinity:742:11:745:Infinity":69,"s:739:11:745:Infinity":153,"s:740:6:740:Infinity":154,"s:741:6:741:Infinity":155,"b:742:11:745:Infinity:undefined:undefined:undefined:undefined":70,"s:742:11:745:Infinity":156,"s:743:6:743:Infinity":157,"s:744:6:744:Infinity":158,"b:747:4:750:Infinity:undefined:undefined:undefined:undefined":71,"s:747:4:750:Infinity":159,"s:748:6:748:Infinity":160,"s:749:6:749:Infinity":161,"s:752:4:752:Infinity":162,"s:913:70:913:Infinity":163,"f:1080:16:1080:Infinity":25,"s:1086:23:1086:Infinity":164,"b:1089:2:1091:Infinity:undefined:undefined:undefined:undefined":72,"s:1089:2:1091:Infinity":165,"b:1089:6:1089:36:1089:36:1089:64:1089:64:1089:92:1089:92:1089:114":73,"s:1090:4:1090:Infinity":166,"b:1093:2:1095:Infinity:undefined:undefined:undefined:undefined":74,"s:1093:2:1095:Infinity":167,"s:1094:4:1094:Infinity":168,"s:1097:21:1097:Infinity":169,"b:1099:2:1104:Infinity:1102:9:1104:Infinity":75,"s:1099:2:1104:Infinity":170,"s:1100:4:1100:Infinity":171,"s:1101:4:1101:Infinity":172,"s:1103:4:1103:Infinity":173,"b:1106:2:1115:Infinity:1110:9:1115:Infinity":76,"s:1106:2:1115:Infinity":174,"s:1108:4:1108:Infinity":175,"s:1109:4:1109:Infinity":176,"b:1110:9:1115:Infinity:1113:9:1115:Infinity":77,"s:1110:9:1115:Infinity":177,"s:1112:4:1112:Infinity":178,"s:1114:4:1114:Infinity":179,"b:1117:2:1125:Infinity:undefined:undefined:undefined:undefined":78,"s:1117:2:1125:Infinity":180,"b:1121:4:1123:Infinity:undefined:undefined:undefined:undefined":79,"s:1121:4:1123:Infinity":181,"s:1122:6:1122:Infinity":182,"s:1124:4:1124:Infinity":183,"b:1127:2:1131:Infinity:undefined:undefined:undefined:undefined":80,"s:1127:2:1131:Infinity":184,"s:1128:4:1130:Infinity":185,"b:1133:2:1135:Infinity:undefined:undefined:undefined:undefined":81,"s:1133:2:1135:Infinity":186,"s:1134:4:1134:Infinity":187,"b:1137:2:1139:Infinity:undefined:undefined:undefined:undefined":82,"s:1137:2:1139:Infinity":188,"b:1137:6:1137:34:1137:34:1137:56":83,"s:1138:4:1138:Infinity":189,"s:1141:16:1141:Infinity":190,"b:1142:2:1145:Infinity:undefined:undefined:undefined:undefined":84,"s:1142:2:1145:Infinity":191,"s:1143:4:1143:Infinity":192,"s:1144:4:1144:Infinity":193,"s:1148:15:1148:Infinity":194,"b:1150:2:1153:Infinity:undefined:undefined:undefined:undefined":85,"s:1150:2:1153:Infinity":195,"s:1151:4:1151:Infinity":196,"s:1152:4:1152:Infinity":197,"s:1155:2:1155:Infinity":198,"s:1156:2:1156:Infinity":199,"f:1156:2:1156:15":26,"s:1156:15:1156:Infinity":200,"s:1158:0:1158:Infinity":201,"f:1174:16:1174:28":27,"s:1175:21:1175:Infinity":202,"b:1176:2:1178:Infinity:undefined:undefined:undefined:undefined":86,"s:1176:2:1178:Infinity":203,"s:1177:4:1177:Infinity":204,"s:1180:18:1180:Infinity":205,"s:1181:26:1181:Infinity":206,"b:1181:38:1181:49:1181:49:1181:51":87,"s:1182:26:1184:Infinity":207,"f:1182:42:1182:50":28,"s:1183:4:1183:Infinity":208,"b:1183:20:1183:53:1183:53:1183:Infinity":88,"s:1186:2:1191:Infinity":209,"f:1194:16:1194:30":29,"s:1195:18:1195:Infinity":210,"b:1196:2:1198:Infinity:undefined:undefined:undefined:undefined":89,"s:1196:2:1198:Infinity":211,"s:1197:4:1197:Infinity":212,"s:1200:17:1200:Infinity":213,"b:1201:2:1203:Infinity:undefined:undefined:undefined:undefined":90,"s:1201:2:1203:Infinity":214,"s:1202:4:1202:Infinity":215,"s:1205:2:1205:Infinity":216,"f:1215:16:1215:23":30,"s:1216:18:1216:Infinity":217,"b:1217:2:1219:Infinity:undefined:undefined:undefined:undefined":91,"s:1217:2:1219:Infinity":218,"s:1218:4:1218:Infinity":219,"s:1221:17:1221:Infinity":220,"b:1222:2:1224:Infinity:undefined:undefined:undefined:undefined":92,"s:1222:2:1224:Infinity":221,"s:1223:4:1223:Infinity":222,"s:1226:16:1226:Infinity":223,"b:1227:2:1235:Infinity:undefined:undefined:undefined:undefined":93,"s:1227:2:1235:Infinity":224,"s:1228:4:1228:Infinity":225,"b:1229:4:1234:Infinity:undefined:undefined:undefined:undefined":94,"s:1229:4:1234:Infinity":226,"s:1230:6:1230:Infinity":227,"b:1231:6:1233:Infinity:undefined:undefined:undefined:undefined":95,"s:1231:6:1233:Infinity":228,"s:1232:8:1232:Infinity":229,"s:1240:24:1240:Infinity":230,"f:1250:16:1250:36":31,"s:1251:31:1251:Infinity":231,"s:1252:2:1252:Infinity":232,"s:1253:2:1257:Infinity":233,"s:1254:4:1254:Infinity":234,"s:1256:4:1256:Infinity":235,"f:1270:9:1270:Infinity":32,"b:1277:2:1279:Infinity:undefined:undefined:undefined:undefined":96,"s:1277:2:1279:Infinity":236,"b:1277:6:1277:28:1277:28:1277:42":97,"s:1278:4:1278:Infinity":237,"s:1280:21:1280:Infinity":238,"b:1280:21:1280:29:1280:29:1280:Infinity":98,"s:1281:21:1281:Infinity":239,"s:1283:18:1283:Infinity":240,"b:1284:2:1286:Infinity:undefined:undefined:undefined:undefined":99,"s:1284:2:1286:Infinity":241,"s:1285:4:1285:Infinity":242,"s:1288:17:1288:Infinity":243,"b:1289:2:1291:Infinity:undefined:undefined:undefined:undefined":100,"s:1289:2:1291:Infinity":244,"s:1290:4:1290:Infinity":245,"s:1295:2:1295:Infinity":246,"s:1297:14:1297:Infinity":247,"s:1298:8:1306:Infinity":248,"f:1298:8:1298:18":33,"b:1299:4:1305:Infinity:1302:11:1305:Infinity":101,"s:1299:4:1305:Infinity":249,"s:1300:17:1300:Infinity":250,"s:1301:6:1301:Infinity":251,"s:1303:6:1303:Infinity":252,"s:1304:6:1304:Infinity":253,"s:1308:2:1308:Infinity":254},"fnNames":{}}}
,"/media/neuronet/projekty/hooks/src/index.ts": {"path":"/media/neuronet/projekty/hooks/src/index.ts","statementMap":{},"fnMap":{},"branchMap":{},"s":{},"f":{},"b":{},"meta":{"lastBranch":0,"lastFunction":0,"lastStatement":0,"seen":{},"fnNames":{}}}
}
