{"/media/neuronet/projekty/hooks/src/builder.ts": {"path":"/media/neuronet/projekty/hooks/src/builder.ts","statementMap":{"0":{"start":{"line":213,"column":4},"end":{"line":213,"column":null}},"1":{"start":{"line":217,"column":4},"end":{"line":217,"column":null}},"2":{"start":{"line":218,"column":4},"end":{"line":218,"column":null}},"3":{"start":{"line":249,"column":4},"end":{"line":249,"column":null}},"4":{"start":{"line":250,"column":4},"end":{"line":250,"column":null}},"5":{"start":{"line":278,"column":4},"end":{"line":278,"column":null}},"6":{"start":{"line":279,"column":4},"end":{"line":279,"column":null}},"7":{"start":{"line":310,"column":4},"end":{"line":310,"column":null}},"8":{"start":{"line":311,"column":4},"end":{"line":311,"column":null}},"9":{"start":{"line":342,"column":4},"end":{"line":342,"column":null}},"10":{"start":{"line":343,"column":4},"end":{"line":343,"column":null}},"11":{"start":{"line":374,"column":4},"end":{"line":374,"column":null}},"12":{"start":{"line":375,"column":4},"end":{"line":375,"column":null}},"13":{"start":{"line":379,"column":4},"end":{"line":379,"column":null}},"14":{"start":{"line":408,"column":2},"end":{"line":408,"column":null}},"15":{"start":{"line":417,"column":0},"end":{"line":417,"column":null}}},"fnMap":{"0":{"name":"constructor","decl":{"start":{"line":212,"column":2},"end":{"line":212,"column":14}},"loc":{"start":{"line":212,"column":29},"end":{"line":214,"column":null}},"line":212},"1":{"name":"run","decl":{"start":{"line":216,"column":2},"end":{"line":216,"column":6}},"loc":{"start":{"line":216,"column":66},"end":{"line":219,"column":null}},"line":216},"2":{"name":"accessor","decl":{"start":{"line":244,"column":2},"end":{"line":244,"column":null}},"loc":{"start":{"line":248,"column":10},"end":{"line":251,"column":null}},"line":248},"3":{"name":"field","decl":{"start":{"line":273,"column":2},"end":{"line":273,"column":null}},"loc":{"start":{"line":277,"column":10},"end":{"line":280,"column":null}},"line":277},"4":{"name":"getter","decl":{"start":{"line":305,"column":2},"end":{"line":305,"column":null}},"loc":{"start":{"line":309,"column":10},"end":{"line":312,"column":null}},"line":309},"5":{"name":"method","decl":{"start":{"line":337,"column":2},"end":{"line":337,"column":null}},"loc":{"start":{"line":341,"column":10},"end":{"line":344,"column":null}},"line":341},"6":{"name":"setter","decl":{"start":{"line":369,"column":2},"end":{"line":369,"column":null}},"loc":{"start":{"line":373,"column":10},"end":{"line":376,"column":null}},"line":373},"7":{"name":"get","decl":{"start":{"line":378,"column":2},"end":{"line":378,"column":16}},"loc":{"start":{"line":378,"column":16},"end":{"line":380,"column":null}},"line":378},"8":{"name":"Hooks","decl":{"start":{"line":407,"column":16},"end":{"line":407,"column":57}},"loc":{"start":{"line":407,"column":103},"end":{"line":409,"column":null}},"line":407}},"branchMap":{},"s":{"0":3,"1":1,"2":1,"3":2,"4":2,"5":2,"6":2,"7":3,"8":3,"9":4,"10":4,"11":3,"12":3,"13":2,"14":3,"15":6},"f":{"0":3,"1":1,"2":2,"3":2,"4":3,"5":4,"6":3,"7":2,"8":3},"b":{},"meta":{"lastBranch":0,"lastFunction":9,"lastStatement":16,"seen":{"f:212:2:212:14":0,"s:213:4:213:Infinity":0,"f:216:2:216:6":1,"s:217:4:217:Infinity":1,"s:218:4:218:Infinity":2,"f:244:2:244:Infinity":2,"s:249:4:249:Infinity":3,"s:250:4:250:Infinity":4,"f:273:2:273:Infinity":3,"s:278:4:278:Infinity":5,"s:279:4:279:Infinity":6,"f:305:2:305:Infinity":4,"s:310:4:310:Infinity":7,"s:311:4:311:Infinity":8,"f:337:2:337:Infinity":5,"s:342:4:342:Infinity":9,"s:343:4:343:Infinity":10,"f:369:2:369:Infinity":6,"s:374:4:374:Infinity":11,"s:375:4:375:Infinity":12,"f:378:2:378:16":7,"s:379:4:379:Infinity":13,"f:407:16:407:57":8,"s:408:2:408:Infinity":14,"s:417:0:417:Infinity":15},"fnNames":{}}}
,"/media/neuronet/projekty/hooks/src/class-utilities.ts": {"path":"/media/neuronet/projekty/hooks/src/class-utilities.ts","statementMap":{"0":{"start":{"line":14,"column":19},"end":{"line":14,"column":null}},"1":{"start":{"line":50,"column":2},"end":{"line":52,"column":null}},"2":{"start":{"line":51,"column":4},"end":{"line":51,"column":null}},"3":{"start":{"line":53,"column":81},"end":{"line":53,"column":null}},"4":{"start":{"line":54,"column":42},"end":{"line":56,"column":null}},"5":{"start":{"line":57,"column":2},"end":{"line":57,"column":null}},"6":{"start":{"line":58,"column":2},"end":{"line":58,"column":null}},"7":{"start":{"line":72,"column":2},"end":{"line":74,"column":null}},"8":{"start":{"line":73,"column":4},"end":{"line":73,"column":null}},"9":{"start":{"line":75,"column":2},"end":{"line":75,"column":null}},"10":{"start":{"line":97,"column":39},"end":{"line":97,"column":null}},"11":{"start":{"line":98,"column":2},"end":{"line":106,"column":null}},"12":{"start":{"line":99,"column":23},"end":{"line":99,"column":null}},"13":{"start":{"line":100,"column":4},"end":{"line":104,"column":null}},"14":{"start":{"line":101,"column":6},"end":{"line":103,"column":null}},"15":{"start":{"line":105,"column":4},"end":{"line":105,"column":null}},"16":{"start":{"line":107,"column":29},"end":{"line":107,"column":null}},"17":{"start":{"line":108,"column":2},"end":{"line":115,"column":null}},"18":{"start":{"line":109,"column":4},"end":{"line":114,"column":null}},"19":{"start":{"line":117,"column":2},"end":{"line":119,"column":null}},"20":{"start":{"line":131,"column":42},"end":{"line":131,"column":null}},"21":{"start":{"line":132,"column":18},"end":{"line":134,"column":null}},"22":{"start":{"line":133,"column":4},"end":{"line":133,"column":null}},"23":{"start":{"line":135,"column":2},"end":{"line":135,"column":null}},"24":{"start":{"line":135,"column":14},"end":{"line":135,"column":null}},"25":{"start":{"line":136,"column":2},"end":{"line":138,"column":null}},"26":{"start":{"line":137,"column":4},"end":{"line":137,"column":null}},"27":{"start":{"line":139,"column":2},"end":{"line":139,"column":null}},"28":{"start":{"line":141,"column":0},"end":{"line":141,"column":null}},"29":{"start":{"line":209,"column":2},"end":{"line":209,"column":null}},"30":{"start":{"line":210,"column":40},"end":{"line":215,"column":null}},"31":{"start":{"line":213,"column":19},"end":{"line":213,"column":null}},"32":{"start":{"line":216,"column":42},"end":{"line":216,"column":null}},"33":{"start":{"line":217,"column":20},"end":{"line":217,"column":null}},"34":{"start":{"line":219,"column":2},"end":{"line":226,"column":null}},"35":{"start":{"line":220,"column":4},"end":{"line":224,"column":null}},"36":{"start":{"line":225,"column":4},"end":{"line":225,"column":null}},"37":{"start":{"line":229,"column":4},"end":{"line":229,"column":null}},"38":{"start":{"line":232,"column":2},"end":{"line":232,"column":null}},"39":{"start":{"line":234,"column":2},"end":{"line":234,"column":null}},"40":{"start":{"line":236,"column":0},"end":{"line":236,"column":null}},"41":{"start":{"line":304,"column":2},"end":{"line":304,"column":null}},"42":{"start":{"line":305,"column":48},"end":{"line":310,"column":null}},"43":{"start":{"line":308,"column":19},"end":{"line":308,"column":null}},"44":{"start":{"line":311,"column":42},"end":{"line":311,"column":null}},"45":{"start":{"line":312,"column":20},"end":{"line":312,"column":null}},"46":{"start":{"line":313,"column":17},"end":{"line":313,"column":null}},"47":{"start":{"line":315,"column":2},"end":{"line":324,"column":null}},"48":{"start":{"line":326,"column":2},"end":{"line":326,"column":null}},"49":{"start":{"line":328,"column":0},"end":{"line":328,"column":null}},"50":{"start":{"line":396,"column":2},"end":{"line":396,"column":null}},"51":{"start":{"line":397,"column":48},"end":{"line":402,"column":null}},"52":{"start":{"line":400,"column":19},"end":{"line":400,"column":null}},"53":{"start":{"line":403,"column":42},"end":{"line":403,"column":null}},"54":{"start":{"line":404,"column":20},"end":{"line":404,"column":null}},"55":{"start":{"line":405,"column":17},"end":{"line":405,"column":null}},"56":{"start":{"line":407,"column":2},"end":{"line":416,"column":null}},"57":{"start":{"line":418,"column":2},"end":{"line":418,"column":null}},"58":{"start":{"line":420,"column":0},"end":{"line":420,"column":null}},"59":{"start":{"line":434,"column":36},"end":{"line":434,"column":null}},"60":{"start":{"line":435,"column":2},"end":{"line":450,"column":null}},"61":{"start":{"line":436,"column":29},"end":{"line":436,"column":null}},"62":{"start":{"line":437,"column":4},"end":{"line":449,"column":null}},"63":{"start":{"line":438,"column":6},"end":{"line":444,"column":null}},"64":{"start":{"line":443,"column":8},"end":{"line":443,"column":null}},"65":{"start":{"line":446,"column":6},"end":{"line":446,"column":null}},"66":{"start":{"line":448,"column":6},"end":{"line":448,"column":null}},"67":{"start":{"line":452,"column":29},"end":{"line":452,"column":null}},"68":{"start":{"line":453,"column":2},"end":{"line":461,"column":null}},"69":{"start":{"line":454,"column":4},"end":{"line":460,"column":null}},"70":{"start":{"line":459,"column":6},"end":{"line":459,"column":null}},"71":{"start":{"line":463,"column":2},"end":{"line":463,"column":null}},"72":{"start":{"line":538,"column":28},"end":{"line":538,"column":null}},"73":{"start":{"line":539,"column":42},"end":{"line":539,"column":null}},"74":{"start":{"line":540,"column":20},"end":{"line":540,"column":null}},"75":{"start":{"line":541,"column":17},"end":{"line":541,"column":null}},"76":{"start":{"line":543,"column":25},"end":{"line":543,"column":null}},"77":{"start":{"line":545,"column":2},"end":{"line":548,"column":null}},"78":{"start":{"line":546,"column":4},"end":{"line":546,"column":null}},"79":{"start":{"line":547,"column":4},"end":{"line":547,"column":null}},"80":{"start":{"line":550,"column":16},"end":{"line":550,"column":null}},"81":{"start":{"line":551,"column":2},"end":{"line":553,"column":null}},"82":{"start":{"line":552,"column":4},"end":{"line":552,"column":null}},"83":{"start":{"line":555,"column":2},"end":{"line":555,"column":null}},"84":{"start":{"line":557,"column":0},"end":{"line":557,"column":null}},"85":{"start":{"line":628,"column":16},"end":{"line":628,"column":null}},"86":{"start":{"line":629,"column":39},"end":{"line":629,"column":null}},"87":{"start":{"line":630,"column":42},"end":{"line":630,"column":null}},"88":{"start":{"line":631,"column":20},"end":{"line":631,"column":null}},"89":{"start":{"line":633,"column":27},"end":{"line":633,"column":null}},"90":{"start":{"line":634,"column":2},"end":{"line":672,"column":null}},"91":{"start":{"line":635,"column":24},"end":{"line":635,"column":null}},"92":{"start":{"line":636,"column":24},"end":{"line":636,"column":null}},"93":{"start":{"line":637,"column":30},"end":{"line":645,"column":null}},"94":{"start":{"line":646,"column":27},"end":{"line":646,"column":null}},"95":{"start":{"line":648,"column":6},"end":{"line":650,"column":null}},"96":{"start":{"line":649,"column":8},"end":{"line":649,"column":null}},"97":{"start":{"line":652,"column":27},"end":{"line":652,"column":null}},"98":{"start":{"line":653,"column":24},"end":{"line":653,"column":null}},"99":{"start":{"line":654,"column":6},"end":{"line":654,"column":null}},"100":{"start":{"line":655,"column":6},"end":{"line":655,"column":null}},"101":{"start":{"line":658,"column":4},"end":{"line":668,"column":null}},"102":{"start":{"line":661,"column":8},"end":{"line":661,"column":null}},"103":{"start":{"line":662,"column":8},"end":{"line":662,"column":null}},"104":{"start":{"line":665,"column":8},"end":{"line":665,"column":null}},"105":{"start":{"line":666,"column":8},"end":{"line":666,"column":null}},"106":{"start":{"line":670,"column":4},"end":{"line":670,"column":null}},"107":{"start":{"line":671,"column":4},"end":{"line":671,"column":null}},"108":{"start":{"line":674,"column":29},"end":{"line":674,"column":null}},"109":{"start":{"line":675,"column":2},"end":{"line":715,"column":null}},"110":{"start":{"line":676,"column":24},"end":{"line":676,"column":null}},"111":{"start":{"line":677,"column":24},"end":{"line":677,"column":null}},"112":{"start":{"line":678,"column":30},"end":{"line":685,"column":null}},"113":{"start":{"line":686,"column":27},"end":{"line":686,"column":null}},"114":{"start":{"line":688,"column":6},"end":{"line":690,"column":null}},"115":{"start":{"line":689,"column":8},"end":{"line":689,"column":null}},"116":{"start":{"line":692,"column":27},"end":{"line":692,"column":null}},"117":{"start":{"line":693,"column":24},"end":{"line":693,"column":null}},"118":{"start":{"line":694,"column":6},"end":{"line":694,"column":null}},"119":{"start":{"line":695,"column":6},"end":{"line":695,"column":null}},"120":{"start":{"line":698,"column":4},"end":{"line":708,"column":null}},"121":{"start":{"line":701,"column":8},"end":{"line":701,"column":null}},"122":{"start":{"line":702,"column":8},"end":{"line":702,"column":null}},"123":{"start":{"line":705,"column":8},"end":{"line":705,"column":null}},"124":{"start":{"line":706,"column":8},"end":{"line":706,"column":null}},"125":{"start":{"line":710,"column":4},"end":{"line":712,"column":null}},"126":{"start":{"line":711,"column":6},"end":{"line":711,"column":null}},"127":{"start":{"line":714,"column":4},"end":{"line":714,"column":null}},"128":{"start":{"line":717,"column":2},"end":{"line":729,"column":null}},"129":{"start":{"line":726,"column":4},"end":{"line":728,"column":null}},"130":{"start":{"line":731,"column":21},"end":{"line":731,"column":null}},"131":{"start":{"line":733,"column":19},"end":{"line":733,"column":null}},"132":{"start":{"line":735,"column":4},"end":{"line":735,"column":null}},"133":{"start":{"line":738,"column":4},"end":{"line":738,"column":null}},"134":{"start":{"line":740,"column":28},"end":{"line":740,"column":null}},"135":{"start":{"line":741,"column":17},"end":{"line":741,"column":null}},"136":{"start":{"line":743,"column":2},"end":{"line":752,"column":null}},"137":{"start":{"line":747,"column":6},"end":{"line":747,"column":null}},"138":{"start":{"line":750,"column":6},"end":{"line":750,"column":null}},"139":{"start":{"line":754,"column":2},"end":{"line":758,"column":null}},"140":{"start":{"line":755,"column":22},"end":{"line":755,"column":null}},"141":{"start":{"line":756,"column":4},"end":{"line":756,"column":null}},"142":{"start":{"line":757,"column":4},"end":{"line":757,"column":null}},"143":{"start":{"line":760,"column":2},"end":{"line":765,"column":null}},"144":{"start":{"line":761,"column":25},"end":{"line":761,"column":null}},"145":{"start":{"line":762,"column":4},"end":{"line":762,"column":null}},"146":{"start":{"line":763,"column":22},"end":{"line":763,"column":null}},"147":{"start":{"line":764,"column":4},"end":{"line":764,"column":null}},"148":{"start":{"line":767,"column":2},"end":{"line":767,"column":null}},"149":{"start":{"line":769,"column":0},"end":{"line":769,"column":null}},"150":{"start":{"line":783,"column":2},"end":{"line":786,"column":null}},"151":{"start":{"line":784,"column":4},"end":{"line":784,"column":null}},"152":{"start":{"line":785,"column":4},"end":{"line":785,"column":null}},"153":{"start":{"line":787,"column":16},"end":{"line":787,"column":null}},"154":{"start":{"line":788,"column":17},"end":{"line":788,"column":null}},"155":{"start":{"line":789,"column":38},"end":{"line":789,"column":null}},"156":{"start":{"line":790,"column":38},"end":{"line":790,"column":null}},"157":{"start":{"line":791,"column":2},"end":{"line":820,"column":null}},"158":{"start":{"line":793,"column":21},"end":{"line":793,"column":null}},"159":{"start":{"line":794,"column":6},"end":{"line":800,"column":null}},"160":{"start":{"line":795,"column":8},"end":{"line":795,"column":null}},"161":{"start":{"line":796,"column":8},"end":{"line":796,"column":null}},"162":{"start":{"line":797,"column":8},"end":{"line":797,"column":null}},"163":{"start":{"line":799,"column":8},"end":{"line":799,"column":null}},"164":{"start":{"line":801,"column":6},"end":{"line":801,"column":null}},"165":{"start":{"line":804,"column":6},"end":{"line":806,"column":null}},"166":{"start":{"line":805,"column":8},"end":{"line":805,"column":null}},"167":{"start":{"line":807,"column":6},"end":{"line":807,"column":null}},"168":{"start":{"line":808,"column":21},"end":{"line":808,"column":null}},"169":{"start":{"line":809,"column":6},"end":{"line":814,"column":null}},"170":{"start":{"line":810,"column":8},"end":{"line":810,"column":null}},"171":{"start":{"line":811,"column":8},"end":{"line":811,"column":null}},"172":{"start":{"line":813,"column":8},"end":{"line":813,"column":null}},"173":{"start":{"line":815,"column":6},"end":{"line":815,"column":null}},"174":{"start":{"line":818,"column":6},"end":{"line":818,"column":null}},"175":{"start":{"line":821,"column":2},"end":{"line":837,"column":null}},"176":{"start":{"line":823,"column":6},"end":{"line":823,"column":null}},"177":{"start":{"line":826,"column":6},"end":{"line":826,"column":null}},"178":{"start":{"line":829,"column":6},"end":{"line":829,"column":null}},"179":{"start":{"line":832,"column":6},"end":{"line":832,"column":null}},"180":{"start":{"line":835,"column":6},"end":{"line":835,"column":null}},"181":{"start":{"line":841,"column":0},"end":{"line":841,"column":null}}},"fnMap":{"0":{"name":"classUtilitiesState","decl":{"start":{"line":49,"column":9},"end":{"line":49,"column":64}},"loc":{"start":{"line":49,"column":105},"end":{"line":59,"column":null}},"line":49},"1":{"name":"parseStaticPrefix","decl":{"start":{"line":71,"column":9},"end":{"line":71,"column":27}},"loc":{"start":{"line":71,"column":92},"end":{"line":76,"column":null}},"line":71},"2":{"name":"resolveMemberDescriptorWithStatic","decl":{"start":{"line":91,"column":9},"end":{"line":91,"column":null}},"loc":{"start":{"line":96,"column":2},"end":{"line":120,"column":null}},"line":96},"3":{"name":"hookInit","decl":{"start":{"line":127,"column":16},"end":{"line":127,"column":null}},"loc":{"start":{"line":130,"column":7},"end":{"line":140,"column":null}},"line":130},"4":{"name":"(anonymous_4)","decl":{"start":{"line":132,"column":57},"end":{"line":132,"column":78}},"loc":{"start":{"line":132,"column":95},"end":{"line":134,"column":3}},"line":132},"5":{"name":"hookMethod","decl":{"start":{"line":203,"column":16},"end":{"line":203,"column":null}},"loc":{"start":{"line":208,"column":10},"end":{"line":235,"column":null}},"line":208},"6":{"name":"(anonymous_6)","decl":{"start":{"line":212,"column":4},"end":{"line":212,"column":null}},"loc":{"start":{"line":213,"column":19},"end":{"line":213,"column":null}},"line":213},"7":{"name":"defaultKey","decl":{"start":{"line":228,"column":11},"end":{"line":228,"column":33}},"loc":{"start":{"line":228,"column":33},"end":{"line":230,"column":null}},"line":228},"8":{"name":"hookGetter","decl":{"start":{"line":298,"column":16},"end":{"line":298,"column":null}},"loc":{"start":{"line":303,"column":10},"end":{"line":327,"column":null}},"line":303},"9":{"name":"(anonymous_9)","decl":{"start":{"line":307,"column":4},"end":{"line":307,"column":null}},"loc":{"start":{"line":308,"column":19},"end":{"line":308,"column":null}},"line":308},"10":{"name":"hookSetter","decl":{"start":{"line":390,"column":16},"end":{"line":390,"column":null}},"loc":{"start":{"line":395,"column":10},"end":{"line":419,"column":null}},"line":395},"11":{"name":"(anonymous_11)","decl":{"start":{"line":399,"column":4},"end":{"line":399,"column":null}},"loc":{"start":{"line":400,"column":19},"end":{"line":400,"column":null}},"line":400},"12":{"name":"isStaticField","decl":{"start":{"line":433,"column":9},"end":{"line":433,"column":23}},"loc":{"start":{"line":433,"column":76},"end":{"line":464,"column":null}},"line":433},"13":{"name":"hookField","decl":{"start":{"line":532,"column":16},"end":{"line":532,"column":null}},"loc":{"start":{"line":537,"column":10},"end":{"line":556,"column":null}},"line":537},"14":{"name":"(anonymous_14)","decl":{"start":{"line":551,"column":29},"end":{"line":551,"column":35}},"loc":{"start":{"line":551,"column":48},"end":{"line":553,"column":3}},"line":551},"15":{"name":"hookAccessor","decl":{"start":{"line":622,"column":16},"end":{"line":622,"column":null}},"loc":{"start":{"line":627,"column":10},"end":{"line":768,"column":null}},"line":627},"16":{"name":"ensureInitialized","decl":{"start":{"line":647,"column":13},"end":{"line":647,"column":42}},"loc":{"start":{"line":647,"column":42},"end":{"line":656,"column":null}},"line":647},"17":{"name":"get","decl":{"start":{"line":660,"column":6},"end":{"line":660,"column":11}},"loc":{"start":{"line":660,"column":65},"end":{"line":663,"column":null}},"line":660},"18":{"name":"set","decl":{"start":{"line":664,"column":6},"end":{"line":664,"column":11}},"loc":{"start":{"line":664,"column":65},"end":{"line":667,"column":null}},"line":664},"19":{"name":"ensureInitialized_2","decl":{"start":{"line":687,"column":13},"end":{"line":687,"column":42}},"loc":{"start":{"line":687,"column":42},"end":{"line":696,"column":null}},"line":687},"20":{"name":"get_2","decl":{"start":{"line":700,"column":6},"end":{"line":700,"column":11}},"loc":{"start":{"line":700,"column":65},"end":{"line":703,"column":null}},"line":700},"21":{"name":"set_2","decl":{"start":{"line":704,"column":6},"end":{"line":704,"column":11}},"loc":{"start":{"line":704,"column":65},"end":{"line":707,"column":null}},"line":704},"22":{"name":"(anonymous_22)","decl":{"start":{"line":710,"column":31},"end":{"line":710,"column":37}},"loc":{"start":{"line":710,"column":50},"end":{"line":712,"column":5}},"line":710},"23":{"name":"originalGet","decl":{"start":{"line":734,"column":11},"end":{"line":734,"column":34}},"loc":{"start":{"line":734,"column":34},"end":{"line":736,"column":null}},"line":734},"24":{"name":"originalSet","decl":{"start":{"line":737,"column":11},"end":{"line":737,"column":34}},"loc":{"start":{"line":737,"column":46},"end":{"line":739,"column":null}},"line":737},"25":{"name":"get_3","decl":{"start":{"line":746,"column":4},"end":{"line":746,"column":9}},"loc":{"start":{"line":746,"column":68},"end":{"line":748,"column":null}},"line":746},"26":{"name":"set_3","decl":{"start":{"line":749,"column":4},"end":{"line":749,"column":9}},"loc":{"start":{"line":749,"column":68},"end":{"line":751,"column":null}},"line":749},"27":{"name":"(anonymous_27)","decl":{"start":{"line":760,"column":29},"end":{"line":760,"column":35}},"loc":{"start":{"line":760,"column":48},"end":{"line":765,"column":3}},"line":760},"28":{"name":"hookClass","decl":{"start":{"line":779,"column":16},"end":{"line":779,"column":null}},"loc":{"start":{"line":782,"column":10},"end":{"line":840,"column":null}},"line":782}},"branchMap":{"0":{"loc":{"start":{"line":50,"column":2},"end":{"line":52,"column":null}},"type":"if","locations":[{"start":{"line":50,"column":2},"end":{"line":52,"column":null}},{"start":{},"end":{}}],"line":50},"1":{"loc":{"start":{"line":72,"column":2},"end":{"line":74,"column":null}},"type":"if","locations":[{"start":{"line":72,"column":2},"end":{"line":74,"column":null}},{"start":{},"end":{}}],"line":72},"2":{"loc":{"start":{"line":72,"column":6},"end":{"line":72,"column":76}},"type":"binary-expr","locations":[{"start":{"line":72,"column":6},"end":{"line":72,"column":41}},{"start":{"line":72,"column":41},"end":{"line":72,"column":76}}],"line":72},"3":{"loc":{"start":{"line":98,"column":2},"end":{"line":106,"column":null}},"type":"if","locations":[{"start":{"line":98,"column":2},"end":{"line":106,"column":null}},{"start":{},"end":{}}],"line":98},"4":{"loc":{"start":{"line":100,"column":4},"end":{"line":104,"column":null}},"type":"if","locations":[{"start":{"line":100,"column":4},"end":{"line":104,"column":null}},{"start":{},"end":{}}],"line":100},"5":{"loc":{"start":{"line":108,"column":2},"end":{"line":115,"column":null}},"type":"if","locations":[{"start":{"line":108,"column":2},"end":{"line":115,"column":null}},{"start":{},"end":{}}],"line":108},"6":{"loc":{"start":{"line":135,"column":2},"end":{"line":135,"column":null}},"type":"if","locations":[{"start":{"line":135,"column":2},"end":{"line":135,"column":null}},{"start":{},"end":{}}],"line":135},"7":{"loc":{"start":{"line":217,"column":20},"end":{"line":217,"column":null}},"type":"binary-expr","locations":[{"start":{"line":217,"column":20},"end":{"line":217,"column":39}},{"start":{"line":217,"column":39},"end":{"line":217,"column":null}}],"line":217},"8":{"loc":{"start":{"line":219,"column":2},"end":{"line":226,"column":null}},"type":"if","locations":[{"start":{"line":219,"column":2},"end":{"line":226,"column":null}},{"start":{},"end":{}}],"line":219},"9":{"loc":{"start":{"line":221,"column":6},"end":{"line":221,"column":null}},"type":"binary-expr","locations":[{"start":{"line":221,"column":6},"end":{"line":221,"column":20}},{"start":{"line":221,"column":20},"end":{"line":221,"column":null}}],"line":221},"10":{"loc":{"start":{"line":232,"column":30},"end":{"line":232,"column":61}},"type":"binary-expr","locations":[{"start":{"line":232,"column":30},"end":{"line":232,"column":44}},{"start":{"line":232,"column":44},"end":{"line":232,"column":61}}],"line":232},"11":{"loc":{"start":{"line":312,"column":20},"end":{"line":312,"column":null}},"type":"binary-expr","locations":[{"start":{"line":312,"column":20},"end":{"line":312,"column":39}},{"start":{"line":312,"column":39},"end":{"line":312,"column":null}}],"line":312},"12":{"loc":{"start":{"line":313,"column":17},"end":{"line":313,"column":null}},"type":"cond-expr","locations":[{"start":{"line":313,"column":28},"end":{"line":313,"column":44}},{"start":{"line":313,"column":44},"end":{"line":313,"column":null}}],"line":313},"13":{"loc":{"start":{"line":322,"column":6},"end":{"line":322,"column":null}},"type":"cond-expr","locations":[{"start":{"line":322,"column":17},"end":{"line":322,"column":25}},{"start":{"line":322,"column":25},"end":{"line":322,"column":null}}],"line":322},"14":{"loc":{"start":{"line":404,"column":20},"end":{"line":404,"column":null}},"type":"binary-expr","locations":[{"start":{"line":404,"column":20},"end":{"line":404,"column":39}},{"start":{"line":404,"column":39},"end":{"line":404,"column":null}}],"line":404},"15":{"loc":{"start":{"line":405,"column":17},"end":{"line":405,"column":null}},"type":"cond-expr","locations":[{"start":{"line":405,"column":28},"end":{"line":405,"column":44}},{"start":{"line":405,"column":44},"end":{"line":405,"column":null}}],"line":405},"16":{"loc":{"start":{"line":414,"column":6},"end":{"line":414,"column":null}},"type":"cond-expr","locations":[{"start":{"line":414,"column":17},"end":{"line":414,"column":25}},{"start":{"line":414,"column":25},"end":{"line":414,"column":null}}],"line":414},"17":{"loc":{"start":{"line":435,"column":2},"end":{"line":450,"column":null}},"type":"if","locations":[{"start":{"line":435,"column":2},"end":{"line":450,"column":null}},{"start":{},"end":{}}],"line":435},"18":{"loc":{"start":{"line":437,"column":4},"end":{"line":449,"column":null}},"type":"if","locations":[{"start":{"line":437,"column":4},"end":{"line":449,"column":null}},{"start":{"line":447,"column":11},"end":{"line":449,"column":null}}],"line":437},"19":{"loc":{"start":{"line":438,"column":6},"end":{"line":444,"column":null}},"type":"if","locations":[{"start":{"line":438,"column":6},"end":{"line":444,"column":null}},{"start":{},"end":{}}],"line":438},"20":{"loc":{"start":{"line":439,"column":8},"end":{"line":441,"column":null}},"type":"binary-expr","locations":[{"start":{"line":439,"column":8},"end":{"line":439,"column":null}},{"start":{"line":440,"column":8},"end":{"line":440,"column":null}},{"start":{"line":441,"column":8},"end":{"line":441,"column":null}}],"line":439},"21":{"loc":{"start":{"line":453,"column":2},"end":{"line":461,"column":null}},"type":"if","locations":[{"start":{"line":453,"column":2},"end":{"line":461,"column":null}},{"start":{},"end":{}}],"line":453},"22":{"loc":{"start":{"line":454,"column":4},"end":{"line":460,"column":null}},"type":"if","locations":[{"start":{"line":454,"column":4},"end":{"line":460,"column":null}},{"start":{},"end":{}}],"line":454},"23":{"loc":{"start":{"line":455,"column":6},"end":{"line":457,"column":null}},"type":"binary-expr","locations":[{"start":{"line":455,"column":6},"end":{"line":455,"column":null}},{"start":{"line":456,"column":6},"end":{"line":456,"column":null}},{"start":{"line":457,"column":6},"end":{"line":457,"column":null}}],"line":455},"24":{"loc":{"start":{"line":540,"column":20},"end":{"line":540,"column":null}},"type":"binary-expr","locations":[{"start":{"line":540,"column":20},"end":{"line":540,"column":39}},{"start":{"line":540,"column":39},"end":{"line":540,"column":null}}],"line":540},"25":{"loc":{"start":{"line":541,"column":17},"end":{"line":541,"column":null}},"type":"cond-expr","locations":[{"start":{"line":541,"column":28},"end":{"line":541,"column":45}},{"start":{"line":541,"column":45},"end":{"line":541,"column":null}}],"line":541},"26":{"loc":{"start":{"line":545,"column":2},"end":{"line":548,"column":null}},"type":"if","locations":[{"start":{"line":545,"column":2},"end":{"line":548,"column":null}},{"start":{},"end":{}}],"line":545},"27":{"loc":{"start":{"line":631,"column":20},"end":{"line":631,"column":null}},"type":"binary-expr","locations":[{"start":{"line":631,"column":20},"end":{"line":631,"column":39}},{"start":{"line":631,"column":39},"end":{"line":631,"column":null}}],"line":631},"28":{"loc":{"start":{"line":634,"column":2},"end":{"line":672,"column":null}},"type":"if","locations":[{"start":{"line":634,"column":2},"end":{"line":672,"column":null}},{"start":{},"end":{}}],"line":634},"29":{"loc":{"start":{"line":634,"column":6},"end":{"line":634,"column":113}},"type":"binary-expr","locations":[{"start":{"line":634,"column":6},"end":{"line":634,"column":21}},{"start":{"line":634,"column":21},"end":{"line":634,"column":68}},{"start":{"line":634,"column":68},"end":{"line":634,"column":113}}],"line":634},"30":{"loc":{"start":{"line":648,"column":6},"end":{"line":650,"column":null}},"type":"if","locations":[{"start":{"line":648,"column":6},"end":{"line":650,"column":null}},{"start":{},"end":{}}],"line":648},"31":{"loc":{"start":{"line":675,"column":2},"end":{"line":715,"column":null}},"type":"if","locations":[{"start":{"line":675,"column":2},"end":{"line":715,"column":null}},{"start":{},"end":{}}],"line":675},"32":{"loc":{"start":{"line":675,"column":6},"end":{"line":675,"column":118}},"type":"binary-expr","locations":[{"start":{"line":675,"column":6},"end":{"line":675,"column":22}},{"start":{"line":675,"column":22},"end":{"line":675,"column":71}},{"start":{"line":675,"column":71},"end":{"line":675,"column":118}}],"line":675},"33":{"loc":{"start":{"line":688,"column":6},"end":{"line":690,"column":null}},"type":"if","locations":[{"start":{"line":688,"column":6},"end":{"line":690,"column":null}},{"start":{},"end":{}}],"line":688},"34":{"loc":{"start":{"line":717,"column":2},"end":{"line":729,"column":null}},"type":"if","locations":[{"start":{"line":717,"column":2},"end":{"line":729,"column":null}},{"start":{},"end":{}}],"line":717},"35":{"loc":{"start":{"line":718,"column":5},"end":{"line":724,"column":null}},"type":"binary-expr","locations":[{"start":{"line":718,"column":5},"end":{"line":718,"column":20}},{"start":{"line":718,"column":20},"end":{"line":718,"column":null}},{"start":{"line":719,"column":5},"end":{"line":719,"column":null}},{"start":{"line":720,"column":6},"end":{"line":720,"column":null}},{"start":{"line":721,"column":7},"end":{"line":721,"column":53}},{"start":{"line":721,"column":53},"end":{"line":721,"column":null}},{"start":{"line":722,"column":5},"end":{"line":722,"column":null}},{"start":{"line":723,"column":6},"end":{"line":723,"column":null}},{"start":{"line":724,"column":7},"end":{"line":724,"column":55}},{"start":{"line":724,"column":55},"end":{"line":724,"column":null}}],"line":718},"36":{"loc":{"start":{"line":731,"column":21},"end":{"line":731,"column":null}},"type":"binary-expr","locations":[{"start":{"line":731,"column":21},"end":{"line":731,"column":42}},{"start":{"line":731,"column":42},"end":{"line":731,"column":null}}],"line":731},"37":{"loc":{"start":{"line":731,"column":42},"end":{"line":731,"column":null}},"type":"cond-expr","locations":[{"start":{"line":731,"column":56},"end":{"line":731,"column":68}},{"start":{"line":731,"column":68},"end":{"line":731,"column":null}}],"line":731},"38":{"loc":{"start":{"line":741,"column":17},"end":{"line":741,"column":null}},"type":"cond-expr","locations":[{"start":{"line":741,"column":31},"end":{"line":741,"column":39}},{"start":{"line":741,"column":39},"end":{"line":741,"column":null}}],"line":741},"39":{"loc":{"start":{"line":744,"column":18},"end":{"line":744,"column":null}},"type":"binary-expr","locations":[{"start":{"line":744,"column":18},"end":{"line":744,"column":46}},{"start":{"line":744,"column":46},"end":{"line":744,"column":null}}],"line":744},"40":{"loc":{"start":{"line":745,"column":16},"end":{"line":745,"column":null}},"type":"binary-expr","locations":[{"start":{"line":745,"column":16},"end":{"line":745,"column":42}},{"start":{"line":745,"column":42},"end":{"line":745,"column":null}}],"line":745},"41":{"loc":{"start":{"line":754,"column":2},"end":{"line":758,"column":null}},"type":"if","locations":[{"start":{"line":754,"column":2},"end":{"line":758,"column":null}},{"start":{},"end":{}}],"line":754},"42":{"loc":{"start":{"line":783,"column":2},"end":{"line":786,"column":null}},"type":"if","locations":[{"start":{"line":783,"column":2},"end":{"line":786,"column":null}},{"start":{},"end":{}}],"line":783},"43":{"loc":{"start":{"line":791,"column":2},"end":{"line":820,"column":null}},"type":"switch","locations":[{"start":{"line":792,"column":4},"end":{"line":802,"column":null}},{"start":{"line":803,"column":4},"end":{"line":816,"column":null}},{"start":{"line":817,"column":4},"end":{"line":819,"column":null}}],"line":791},"44":{"loc":{"start":{"line":794,"column":6},"end":{"line":800,"column":null}},"type":"if","locations":[{"start":{"line":794,"column":6},"end":{"line":800,"column":null}},{"start":{"line":798,"column":13},"end":{"line":800,"column":null}}],"line":794},"45":{"loc":{"start":{"line":794,"column":10},"end":{"line":794,"column":117}},"type":"binary-expr","locations":[{"start":{"line":794,"column":10},"end":{"line":794,"column":33}},{"start":{"line":794,"column":33},"end":{"line":794,"column":54}},{"start":{"line":794,"column":54},"end":{"line":794,"column":74}},{"start":{"line":794,"column":74},"end":{"line":794,"column":94}},{"start":{"line":794,"column":94},"end":{"line":794,"column":117}}],"line":794},"46":{"loc":{"start":{"line":804,"column":6},"end":{"line":806,"column":null}},"type":"if","locations":[{"start":{"line":804,"column":6},"end":{"line":806,"column":null}},{"start":{},"end":{}}],"line":804},"47":{"loc":{"start":{"line":809,"column":6},"end":{"line":814,"column":null}},"type":"if","locations":[{"start":{"line":809,"column":6},"end":{"line":814,"column":null}},{"start":{"line":812,"column":13},"end":{"line":814,"column":null}}],"line":809},"48":{"loc":{"start":{"line":809,"column":10},"end":{"line":809,"column":117}},"type":"binary-expr","locations":[{"start":{"line":809,"column":10},"end":{"line":809,"column":33}},{"start":{"line":809,"column":33},"end":{"line":809,"column":54}},{"start":{"line":809,"column":54},"end":{"line":809,"column":74}},{"start":{"line":809,"column":74},"end":{"line":809,"column":94}},{"start":{"line":809,"column":94},"end":{"line":809,"column":117}}],"line":809},"49":{"loc":{"start":{"line":821,"column":2},"end":{"line":837,"column":null}},"type":"switch","locations":[{"start":{"line":822,"column":4},"end":{"line":824,"column":null}},{"start":{"line":825,"column":4},"end":{"line":827,"column":null}},{"start":{"line":828,"column":4},"end":{"line":830,"column":null}},{"start":{"line":831,"column":4},"end":{"line":833,"column":null}},{"start":{"line":834,"column":4},"end":{"line":836,"column":null}}],"line":821},"50":{"loc":{"start":{"line":823,"column":32},"end":{"line":823,"column":61}},"type":"cond-expr","locations":[{"start":{"line":823,"column":43},"end":{"line":823,"column":55}},{"start":{"line":823,"column":55},"end":{"line":823,"column":61}}],"line":823},"51":{"loc":{"start":{"line":826,"column":33},"end":{"line":826,"column":62}},"type":"cond-expr","locations":[{"start":{"line":826,"column":44},"end":{"line":826,"column":56}},{"start":{"line":826,"column":56},"end":{"line":826,"column":62}}],"line":826},"52":{"loc":{"start":{"line":829,"column":33},"end":{"line":829,"column":62}},"type":"cond-expr","locations":[{"start":{"line":829,"column":44},"end":{"line":829,"column":56}},{"start":{"line":829,"column":56},"end":{"line":829,"column":62}}],"line":829},"53":{"loc":{"start":{"line":832,"column":35},"end":{"line":832,"column":64}},"type":"cond-expr","locations":[{"start":{"line":832,"column":46},"end":{"line":832,"column":58}},{"start":{"line":832,"column":58},"end":{"line":832,"column":64}}],"line":832},"54":{"loc":{"start":{"line":835,"column":33},"end":{"line":835,"column":62}},"type":"cond-expr","locations":[{"start":{"line":835,"column":44},"end":{"line":835,"column":56}},{"start":{"line":835,"column":56},"end":{"line":835,"column":62}}],"line":835}},"s":{"0":6,"1":86,"2":34,"3":52,"4":52,"5":52,"6":52,"7":74,"8":29,"9":45,"10":41,"11":41,"12":16,"13":16,"14":3,"15":13,"16":25,"17":25,"18":21,"19":4,"20":15,"21":15,"22":15,"23":15,"24":1,"25":14,"26":17,"27":14,"28":6,"29":22,"30":22,"31":22,"32":22,"33":22,"34":22,"35":6,"36":6,"37":21,"38":13,"39":22,"40":6,"41":10,"42":10,"43":10,"44":10,"45":10,"46":10,"47":10,"48":10,"49":6,"50":9,"51":9,"52":9,"53":9,"54":9,"55":9,"56":9,"57":9,"58":6,"59":19,"60":19,"61":7,"62":7,"63":6,"64":2,"65":4,"66":1,"67":12,"68":12,"69":5,"70":5,"71":7,"72":19,"73":19,"74":19,"75":19,"76":19,"77":19,"78":4,"79":4,"80":7,"81":7,"82":8,"83":7,"84":6,"85":14,"86":14,"87":14,"88":14,"89":14,"90":14,"91":1,"92":1,"93":1,"94":1,"95":4,"96":3,"97":1,"98":1,"99":1,"100":1,"101":1,"102":2,"103":2,"104":1,"105":1,"106":1,"107":1,"108":13,"109":13,"110":1,"111":1,"112":1,"113":1,"114":5,"115":4,"116":1,"117":1,"118":1,"119":1,"120":1,"121":3,"122":3,"123":1,"124":1,"125":1,"126":1,"127":1,"128":12,"129":1,"130":11,"131":14,"132":25,"133":25,"134":14,"135":14,"136":14,"137":25,"138":12,"139":14,"140":5,"141":5,"142":5,"143":6,"144":8,"145":8,"146":8,"147":8,"148":6,"149":6,"150":40,"151":24,"152":24,"153":16,"154":16,"155":16,"156":16,"157":16,"158":4,"159":4,"160":3,"161":3,"162":3,"163":1,"164":3,"165":9,"166":1,"167":8,"168":8,"169":8,"170":7,"171":7,"172":1,"173":7,"174":3,"175":10,"176":1,"177":2,"178":1,"179":2,"180":4,"181":6},"f":{"0":86,"1":74,"2":41,"3":15,"4":15,"5":22,"6":22,"7":21,"8":10,"9":10,"10":9,"11":9,"12":19,"13":19,"14":8,"15":14,"16":4,"17":1,"18":1,"19":5,"20":1,"21":1,"22":1,"23":25,"24":25,"25":14,"26":14,"27":8,"28":40},"b":{"0":[34,52],"1":[29,45],"2":[74,74],"3":[16,25],"4":[3,13],"5":[21,4],"6":[1,14],"7":[22,16],"8":[6,16],"9":[6,6],"10":[13,11],"11":[10,5],"12":[4,4],"13":[4,4],"14":[9,4],"15":[3,4],"16":[3,4],"17":[7,12],"18":[6,1],"19":[2,4],"20":[6,6,5],"21":[5,7],"22":[5,0],"23":[5,2,1],"24":[19,6],"25":[4,7],"26":[4,15],"27":[14,11],"28":[1,13],"29":[14,6,1],"30":[3,1],"31":[1,12],"32":[13,8,2],"33":[4,1],"34":[1,11],"35":[12,5,12,5,5,5,12,7,1,0],"36":[11,5],"37":[0,5],"38":[5,6],"39":[14,5],"40":[14,5],"41":[5,9],"42":[24,16],"43":[4,9,3],"44":[3,1],"45":[4,2,2,2,2],"46":[1,8],"47":[7,1],"48":[8,6,5,3,2],"49":[1,2,1,2,4],"50":[1,0],"51":[2,0],"52":[1,0],"53":[1,1],"54":[2,2]},"meta":{"lastBranch":55,"lastFunction":29,"lastStatement":182,"seen":{"s:14:19:14:Infinity":0,"f:49:9:49:64":0,"b:50:2:52:Infinity:undefined:undefined:undefined:undefined":0,"s:50:2:52:Infinity":1,"s:51:4:51:Infinity":2,"s:53:81:53:Infinity":3,"s:54:42:56:Infinity":4,"s:57:2:57:Infinity":5,"s:58:2:58:Infinity":6,"f:71:9:71:27":1,"b:72:2:74:Infinity:undefined:undefined:undefined:undefined":1,"s:72:2:74:Infinity":7,"b:72:6:72:41:72:41:72:76":2,"s:73:4:73:Infinity":8,"s:75:2:75:Infinity":9,"f:91:9:91:Infinity":2,"s:97:39:97:Infinity":10,"b:98:2:106:Infinity:undefined:undefined:undefined:undefined":3,"s:98:2:106:Infinity":11,"s:99:23:99:Infinity":12,"b:100:4:104:Infinity:undefined:undefined:undefined:undefined":4,"s:100:4:104:Infinity":13,"s:101:6:103:Infinity":14,"s:105:4:105:Infinity":15,"s:107:29:107:Infinity":16,"b:108:2:115:Infinity:undefined:undefined:undefined:undefined":5,"s:108:2:115:Infinity":17,"s:109:4:114:Infinity":18,"s:117:2:119:Infinity":19,"f:127:16:127:Infinity":3,"s:131:42:131:Infinity":20,"s:132:18:134:Infinity":21,"f:132:57:132:78":4,"s:133:4:133:Infinity":22,"b:135:2:135:Infinity:undefined:undefined:undefined:undefined":6,"s:135:2:135:Infinity":23,"s:135:14:135:Infinity":24,"s:136:2:138:Infinity":25,"s:137:4:137:Infinity":26,"s:139:2:139:Infinity":27,"s:141:0:141:Infinity":28,"f:203:16:203:Infinity":5,"s:209:2:209:Infinity":29,"s:210:40:215:Infinity":30,"f:212:4:212:Infinity":6,"s:213:19:213:Infinity":31,"s:216:42:216:Infinity":32,"s:217:20:217:Infinity":33,"b:217:20:217:39:217:39:217:Infinity":7,"b:219:2:226:Infinity:undefined:undefined:undefined:undefined":8,"s:219:2:226:Infinity":34,"s:220:4:224:Infinity":35,"b:221:6:221:20:221:20:221:Infinity":9,"s:225:4:225:Infinity":36,"f:228:11:228:33":7,"s:229:4:229:Infinity":37,"s:232:2:232:Infinity":38,"b:232:30:232:44:232:44:232:61":10,"s:234:2:234:Infinity":39,"s:236:0:236:Infinity":40,"f:298:16:298:Infinity":8,"s:304:2:304:Infinity":41,"s:305:48:310:Infinity":42,"f:307:4:307:Infinity":9,"s:308:19:308:Infinity":43,"s:311:42:311:Infinity":44,"s:312:20:312:Infinity":45,"b:312:20:312:39:312:39:312:Infinity":11,"s:313:17:313:Infinity":46,"b:313:28:313:44:313:44:313:Infinity":12,"s:315:2:324:Infinity":47,"b:322:17:322:25:322:25:322:Infinity":13,"s:326:2:326:Infinity":48,"s:328:0:328:Infinity":49,"f:390:16:390:Infinity":10,"s:396:2:396:Infinity":50,"s:397:48:402:Infinity":51,"f:399:4:399:Infinity":11,"s:400:19:400:Infinity":52,"s:403:42:403:Infinity":53,"s:404:20:404:Infinity":54,"b:404:20:404:39:404:39:404:Infinity":14,"s:405:17:405:Infinity":55,"b:405:28:405:44:405:44:405:Infinity":15,"s:407:2:416:Infinity":56,"b:414:17:414:25:414:25:414:Infinity":16,"s:418:2:418:Infinity":57,"s:420:0:420:Infinity":58,"f:433:9:433:23":12,"s:434:36:434:Infinity":59,"b:435:2:450:Infinity:undefined:undefined:undefined:undefined":17,"s:435:2:450:Infinity":60,"s:436:29:436:Infinity":61,"b:437:4:449:Infinity:447:11:449:Infinity":18,"s:437:4:449:Infinity":62,"b:438:6:444:Infinity:undefined:undefined:undefined:undefined":19,"s:438:6:444:Infinity":63,"b:439:8:439:Infinity:440:8:440:Infinity:441:8:441:Infinity":20,"s:443:8:443:Infinity":64,"s:446:6:446:Infinity":65,"s:448:6:448:Infinity":66,"s:452:29:452:Infinity":67,"b:453:2:461:Infinity:undefined:undefined:undefined:undefined":21,"s:453:2:461:Infinity":68,"b:454:4:460:Infinity:undefined:undefined:undefined:undefined":22,"s:454:4:460:Infinity":69,"b:455:6:455:Infinity:456:6:456:Infinity:457:6:457:Infinity":23,"s:459:6:459:Infinity":70,"s:463:2:463:Infinity":71,"f:532:16:532:Infinity":13,"s:538:28:538:Infinity":72,"s:539:42:539:Infinity":73,"s:540:20:540:Infinity":74,"b:540:20:540:39:540:39:540:Infinity":24,"s:541:17:541:Infinity":75,"b:541:28:541:45:541:45:541:Infinity":25,"s:543:25:543:Infinity":76,"b:545:2:548:Infinity:undefined:undefined:undefined:undefined":26,"s:545:2:548:Infinity":77,"s:546:4:546:Infinity":78,"s:547:4:547:Infinity":79,"s:550:16:550:Infinity":80,"s:551:2:553:Infinity":81,"f:551:29:551:35":14,"s:552:4:552:Infinity":82,"s:555:2:555:Infinity":83,"s:557:0:557:Infinity":84,"f:622:16:622:Infinity":15,"s:628:16:628:Infinity":85,"s:629:39:629:Infinity":86,"s:630:42:630:Infinity":87,"s:631:20:631:Infinity":88,"b:631:20:631:39:631:39:631:Infinity":27,"s:633:27:633:Infinity":89,"b:634:2:672:Infinity:undefined:undefined:undefined:undefined":28,"s:634:2:672:Infinity":90,"b:634:6:634:21:634:21:634:68:634:68:634:113":29,"s:635:24:635:Infinity":91,"s:636:24:636:Infinity":92,"s:637:30:645:Infinity":93,"s:646:27:646:Infinity":94,"f:647:13:647:42":16,"b:648:6:650:Infinity:undefined:undefined:undefined:undefined":30,"s:648:6:650:Infinity":95,"s:649:8:649:Infinity":96,"s:652:27:652:Infinity":97,"s:653:24:653:Infinity":98,"s:654:6:654:Infinity":99,"s:655:6:655:Infinity":100,"s:658:4:668:Infinity":101,"f:660:6:660:11":17,"s:661:8:661:Infinity":102,"s:662:8:662:Infinity":103,"f:664:6:664:11":18,"s:665:8:665:Infinity":104,"s:666:8:666:Infinity":105,"s:670:4:670:Infinity":106,"s:671:4:671:Infinity":107,"s:674:29:674:Infinity":108,"b:675:2:715:Infinity:undefined:undefined:undefined:undefined":31,"s:675:2:715:Infinity":109,"b:675:6:675:22:675:22:675:71:675:71:675:118":32,"s:676:24:676:Infinity":110,"s:677:24:677:Infinity":111,"s:678:30:685:Infinity":112,"s:686:27:686:Infinity":113,"f:687:13:687:42":19,"b:688:6:690:Infinity:undefined:undefined:undefined:undefined":33,"s:688:6:690:Infinity":114,"s:689:8:689:Infinity":115,"s:692:27:692:Infinity":116,"s:693:24:693:Infinity":117,"s:694:6:694:Infinity":118,"s:695:6:695:Infinity":119,"s:698:4:708:Infinity":120,"f:700:6:700:11":20,"s:701:8:701:Infinity":121,"s:702:8:702:Infinity":122,"f:704:6:704:11":21,"s:705:8:705:Infinity":123,"s:706:8:706:Infinity":124,"s:710:4:712:Infinity":125,"f:710:31:710:37":22,"s:711:6:711:Infinity":126,"s:714:4:714:Infinity":127,"b:717:2:729:Infinity:undefined:undefined:undefined:undefined":34,"s:717:2:729:Infinity":128,"b:718:5:718:20:718:20:718:Infinity:719:5:719:Infinity:720:6:720:Infinity:721:7:721:53:721:53:721:Infinity:722:5:722:Infinity:723:6:723:Infinity:724:7:724:55:724:55:724:Infinity":35,"s:726:4:728:Infinity":129,"s:731:21:731:Infinity":130,"b:731:21:731:42:731:42:731:Infinity":36,"b:731:56:731:68:731:68:731:Infinity":37,"s:733:19:733:Infinity":131,"f:734:11:734:34":23,"s:735:4:735:Infinity":132,"f:737:11:737:34":24,"s:738:4:738:Infinity":133,"s:740:28:740:Infinity":134,"s:741:17:741:Infinity":135,"b:741:31:741:39:741:39:741:Infinity":38,"s:743:2:752:Infinity":136,"b:744:18:744:46:744:46:744:Infinity":39,"b:745:16:745:42:745:42:745:Infinity":40,"f:746:4:746:9":25,"s:747:6:747:Infinity":137,"f:749:4:749:9":26,"s:750:6:750:Infinity":138,"b:754:2:758:Infinity:undefined:undefined:undefined:undefined":41,"s:754:2:758:Infinity":139,"s:755:22:755:Infinity":140,"s:756:4:756:Infinity":141,"s:757:4:757:Infinity":142,"s:760:2:765:Infinity":143,"f:760:29:760:35":27,"s:761:25:761:Infinity":144,"s:762:4:762:Infinity":145,"s:763:22:763:Infinity":146,"s:764:4:764:Infinity":147,"s:767:2:767:Infinity":148,"s:769:0:769:Infinity":149,"f:779:16:779:Infinity":28,"b:783:2:786:Infinity:undefined:undefined:undefined:undefined":42,"s:783:2:786:Infinity":150,"s:784:4:784:Infinity":151,"s:785:4:785:Infinity":152,"s:787:16:787:Infinity":153,"s:788:17:788:Infinity":154,"s:789:38:789:Infinity":155,"s:790:38:790:Infinity":156,"b:792:4:802:Infinity:803:4:816:Infinity:817:4:819:Infinity":43,"s:791:2:820:Infinity":157,"s:793:21:793:Infinity":158,"b:794:6:800:Infinity:798:13:800:Infinity":44,"s:794:6:800:Infinity":159,"b:794:10:794:33:794:33:794:54:794:54:794:74:794:74:794:94:794:94:794:117":45,"s:795:8:795:Infinity":160,"s:796:8:796:Infinity":161,"s:797:8:797:Infinity":162,"s:799:8:799:Infinity":163,"s:801:6:801:Infinity":164,"b:804:6:806:Infinity:undefined:undefined:undefined:undefined":46,"s:804:6:806:Infinity":165,"s:805:8:805:Infinity":166,"s:807:6:807:Infinity":167,"s:808:21:808:Infinity":168,"b:809:6:814:Infinity:812:13:814:Infinity":47,"s:809:6:814:Infinity":169,"b:809:10:809:33:809:33:809:54:809:54:809:74:809:74:809:94:809:94:809:117":48,"s:810:8:810:Infinity":170,"s:811:8:811:Infinity":171,"s:813:8:813:Infinity":172,"s:815:6:815:Infinity":173,"s:818:6:818:Infinity":174,"b:822:4:824:Infinity:825:4:827:Infinity:828:4:830:Infinity:831:4:833:Infinity:834:4:836:Infinity":49,"s:821:2:837:Infinity":175,"s:823:6:823:Infinity":176,"b:823:43:823:55:823:55:823:61":50,"s:826:6:826:Infinity":177,"b:826:44:826:56:826:56:826:62":51,"s:829:6:829:Infinity":178,"b:829:44:829:56:829:56:829:62":52,"s:832:6:832:Infinity":179,"b:832:46:832:58:832:58:832:64":53,"s:835:6:835:Infinity":180,"b:835:44:835:56:835:56:835:62":54,"s:841:0:841:Infinity":181},"fnNames":{}}}
,"/media/neuronet/projekty/hooks/src/hook.ts": {"path":"/media/neuronet/projekty/hooks/src/hook.ts","statementMap":{"0":{"start":{"line":1,"column":22},"end":{"line":1,"column":null}},"1":{"start":{"line":3,"column":33},"end":{"line":3,"column":null}},"2":{"start":{"line":8,"column":25},"end":{"line":8,"column":null}},"3":{"start":{"line":10,"column":32},"end":{"line":10,"column":null}},"4":{"start":{"line":12,"column":13},"end":{"line":12,"column":null}},"5":{"start":{"line":17,"column":13},"end":{"line":17,"column":null}},"6":{"start":{"line":17,"column":45},"end":{"line":17,"column":null}},"7":{"start":{"line":30,"column":4},"end":{"line":30,"column":null}},"8":{"start":{"line":41,"column":2},"end":{"line":41,"column":null}},"9":{"start":{"line":52,"column":19},"end":{"line":52,"column":null}},"10":{"start":{"line":60,"column":4},"end":{"line":60,"column":null}},"11":{"start":{"line":60,"column":58},"end":{"line":60,"column":null}},"12":{"start":{"line":73,"column":2},"end":{"line":73,"column":null}},"13":{"start":{"line":76,"column":20},"end":{"line":76,"column":null}},"14":{"start":{"line":113,"column":43},"end":{"line":113,"column":null}},"15":{"start":{"line":122,"column":2},"end":{"line":122,"column":null}},"16":{"start":{"line":342,"column":2},"end":{"line":344,"column":null}},"17":{"start":{"line":343,"column":4},"end":{"line":343,"column":null}},"18":{"start":{"line":345,"column":2},"end":{"line":347,"column":null}},"19":{"start":{"line":346,"column":4},"end":{"line":346,"column":null}},"20":{"start":{"line":348,"column":2},"end":{"line":350,"column":null}},"21":{"start":{"line":349,"column":4},"end":{"line":349,"column":null}},"22":{"start":{"line":351,"column":2},"end":{"line":353,"column":null}},"23":{"start":{"line":352,"column":4},"end":{"line":352,"column":null}},"24":{"start":{"line":356,"column":23},"end":{"line":356,"column":null}},"25":{"start":{"line":357,"column":33},"end":{"line":357,"column":null}},"26":{"start":{"line":360,"column":2},"end":{"line":410,"column":null}},"27":{"start":{"line":362,"column":4},"end":{"line":362,"column":null}},"28":{"start":{"line":363,"column":4},"end":{"line":363,"column":null}},"29":{"start":{"line":364,"column":4},"end":{"line":364,"column":null}},"30":{"start":{"line":365,"column":4},"end":{"line":365,"column":null}},"31":{"start":{"line":366,"column":9},"end":{"line":410,"column":null}},"32":{"start":{"line":368,"column":4},"end":{"line":385,"column":null}},"33":{"start":{"line":369,"column":6},"end":{"line":371,"column":null}},"34":{"start":{"line":370,"column":8},"end":{"line":370,"column":null}},"35":{"start":{"line":372,"column":6},"end":{"line":372,"column":null}},"36":{"start":{"line":373,"column":6},"end":{"line":373,"column":null}},"37":{"start":{"line":374,"column":6},"end":{"line":374,"column":null}},"38":{"start":{"line":375,"column":6},"end":{"line":375,"column":null}},"39":{"start":{"line":377,"column":6},"end":{"line":377,"column":null}},"40":{"start":{"line":378,"column":6},"end":{"line":384,"column":null}},"41":{"start":{"line":379,"column":8},"end":{"line":379,"column":null}},"42":{"start":{"line":380,"column":8},"end":{"line":380,"column":null}},"43":{"start":{"line":382,"column":8},"end":{"line":382,"column":null}},"44":{"start":{"line":383,"column":8},"end":{"line":383,"column":null}},"45":{"start":{"line":386,"column":9},"end":{"line":410,"column":null}},"46":{"start":{"line":388,"column":4},"end":{"line":405,"column":null}},"47":{"start":{"line":389,"column":6},"end":{"line":391,"column":null}},"48":{"start":{"line":390,"column":8},"end":{"line":390,"column":null}},"49":{"start":{"line":392,"column":6},"end":{"line":392,"column":null}},"50":{"start":{"line":393,"column":6},"end":{"line":393,"column":null}},"51":{"start":{"line":394,"column":6},"end":{"line":394,"column":null}},"52":{"start":{"line":395,"column":11},"end":{"line":405,"column":null}},"53":{"start":{"line":396,"column":6},"end":{"line":396,"column":null}},"54":{"start":{"line":397,"column":6},"end":{"line":397,"column":null}},"55":{"start":{"line":398,"column":6},"end":{"line":400,"column":null}},"56":{"start":{"line":399,"column":8},"end":{"line":399,"column":null}},"57":{"start":{"line":401,"column":6},"end":{"line":401,"column":null}},"58":{"start":{"line":403,"column":6},"end":{"line":403,"column":null}},"59":{"start":{"line":404,"column":6},"end":{"line":404,"column":null}},"60":{"start":{"line":408,"column":4},"end":{"line":408,"column":null}},"61":{"start":{"line":409,"column":4},"end":{"line":409,"column":null}},"62":{"start":{"line":412,"column":37},"end":{"line":417,"column":null}},"63":{"start":{"line":420,"column":14},"end":{"line":420,"column":null}},"64":{"start":{"line":421,"column":23},"end":{"line":421,"column":null}},"65":{"start":{"line":425,"column":4},"end":{"line":427,"column":null}},"66":{"start":{"line":426,"column":6},"end":{"line":426,"column":null}},"67":{"start":{"line":428,"column":4},"end":{"line":428,"column":null}},"68":{"start":{"line":430,"column":37},"end":{"line":430,"column":null}},"69":{"start":{"line":432,"column":4},"end":{"line":450,"column":null}},"70":{"start":{"line":433,"column":6},"end":{"line":439,"column":null}},"71":{"start":{"line":434,"column":26},"end":{"line":434,"column":null}},"72":{"start":{"line":435,"column":27},"end":{"line":435,"column":null}},"73":{"start":{"line":436,"column":23},"end":{"line":436,"column":null}},"74":{"start":{"line":437,"column":8},"end":{"line":437,"column":null}},"75":{"start":{"line":438,"column":8},"end":{"line":438,"column":null}},"76":{"start":{"line":440,"column":14},"end":{"line":440,"column":null}},"77":{"start":{"line":441,"column":20},"end":{"line":441,"column":null}},"78":{"start":{"line":442,"column":6},"end":{"line":442,"column":null}},"79":{"start":{"line":443,"column":6},"end":{"line":449,"column":null}},"80":{"start":{"line":444,"column":8},"end":{"line":448,"column":null}},"81":{"start":{"line":445,"column":10},"end":{"line":445,"column":null}},"82":{"start":{"line":447,"column":10},"end":{"line":447,"column":null}},"83":{"start":{"line":451,"column":19},"end":{"line":451,"column":null}},"84":{"start":{"line":452,"column":4},"end":{"line":452,"column":null}},"85":{"start":{"line":453,"column":4},"end":{"line":453,"column":null}},"86":{"start":{"line":456,"column":2},"end":{"line":456,"column":null}},"87":{"start":{"line":458,"column":2},"end":{"line":458,"column":null}},"88":{"start":{"line":460,"column":20},"end":{"line":460,"column":null}},"89":{"start":{"line":484,"column":33},"end":{"line":484,"column":null}},"90":{"start":{"line":485,"column":18},"end":{"line":485,"column":null}},"91":{"start":{"line":488,"column":2},"end":{"line":490,"column":null}},"92":{"start":{"line":489,"column":4},"end":{"line":489,"column":null}},"93":{"start":{"line":492,"column":15},"end":{"line":492,"column":null}},"94":{"start":{"line":493,"column":2},"end":{"line":496,"column":null}},"95":{"start":{"line":494,"column":4},"end":{"line":494,"column":null}},"96":{"start":{"line":495,"column":4},"end":{"line":495,"column":null}},"97":{"start":{"line":498,"column":2},"end":{"line":498,"column":null}},"98":{"start":{"line":500,"column":0},"end":{"line":500,"column":null}},"99":{"start":{"line":508,"column":2},"end":{"line":522,"column":null}},"100":{"start":{"line":509,"column":4},"end":{"line":521,"column":null}},"101":{"start":{"line":510,"column":36},"end":{"line":510,"column":null}},"102":{"start":{"line":511,"column":6},"end":{"line":520,"column":null}},"103":{"start":{"line":512,"column":23},"end":{"line":512,"column":null}},"104":{"start":{"line":513,"column":8},"end":{"line":519,"column":null}},"105":{"start":{"line":514,"column":10},"end":{"line":518,"column":null}},"106":{"start":{"line":555,"column":2},"end":{"line":560,"column":null}},"107":{"start":{"line":556,"column":4},"end":{"line":559,"column":null}},"108":{"start":{"line":562,"column":2},"end":{"line":565,"column":null}},"109":{"start":{"line":595,"column":18},"end":{"line":595,"column":null}},"110":{"start":{"line":596,"column":2},"end":{"line":601,"column":null}},"111":{"start":{"line":597,"column":4},"end":{"line":599,"column":null}},"112":{"start":{"line":598,"column":6},"end":{"line":598,"column":null}},"113":{"start":{"line":600,"column":4},"end":{"line":600,"column":null}},"114":{"start":{"line":629,"column":21},"end":{"line":629,"column":null}},"115":{"start":{"line":630,"column":21},"end":{"line":630,"column":null}},"116":{"start":{"line":631,"column":22},"end":{"line":631,"column":null}},"117":{"start":{"line":632,"column":17},"end":{"line":632,"column":null}},"118":{"start":{"line":634,"column":2},"end":{"line":664,"column":null}},"119":{"start":{"line":636,"column":6},"end":{"line":643,"column":null}},"120":{"start":{"line":637,"column":25},"end":{"line":637,"column":null}},"121":{"start":{"line":638,"column":8},"end":{"line":642,"column":null}},"122":{"start":{"line":644,"column":6},"end":{"line":644,"column":null}},"123":{"start":{"line":647,"column":6},"end":{"line":654,"column":null}},"124":{"start":{"line":648,"column":25},"end":{"line":648,"column":null}},"125":{"start":{"line":649,"column":8},"end":{"line":653,"column":null}},"126":{"start":{"line":655,"column":6},"end":{"line":655,"column":null}},"127":{"start":{"line":658,"column":6},"end":{"line":661,"column":null}},"128":{"start":{"line":659,"column":25},"end":{"line":659,"column":null}},"129":{"start":{"line":660,"column":8},"end":{"line":660,"column":null}},"130":{"start":{"line":662,"column":6},"end":{"line":662,"column":null}},"131":{"start":{"line":701,"column":26},"end":{"line":701,"column":null}},"132":{"start":{"line":702,"column":2},"end":{"line":702,"column":null}},"133":{"start":{"line":703,"column":2},"end":{"line":703,"column":null}},"134":{"start":{"line":705,"column":2},"end":{"line":753,"column":null}},"135":{"start":{"line":706,"column":22},"end":{"line":706,"column":null}},"136":{"start":{"line":707,"column":20},"end":{"line":707,"column":null}},"137":{"start":{"line":709,"column":4},"end":{"line":728,"column":null}},"138":{"start":{"line":710,"column":48},"end":{"line":710,"column":null}},"139":{"start":{"line":711,"column":36},"end":{"line":711,"column":null}},"140":{"start":{"line":712,"column":6},"end":{"line":712,"column":null}},"141":{"start":{"line":714,"column":6},"end":{"line":725,"column":null}},"142":{"start":{"line":719,"column":8},"end":{"line":724,"column":null}},"143":{"start":{"line":720,"column":10},"end":{"line":720,"column":null}},"144":{"start":{"line":723,"column":10},"end":{"line":723,"column":null}},"145":{"start":{"line":727,"column":6},"end":{"line":727,"column":null}},"146":{"start":{"line":730,"column":4},"end":{"line":733,"column":null}},"147":{"start":{"line":731,"column":27},"end":{"line":731,"column":null}},"148":{"start":{"line":732,"column":6},"end":{"line":732,"column":null}},"149":{"start":{"line":735,"column":4},"end":{"line":745,"column":null}},"150":{"start":{"line":736,"column":6},"end":{"line":736,"column":null}},"151":{"start":{"line":737,"column":6},"end":{"line":737,"column":null}},"152":{"start":{"line":738,"column":6},"end":{"line":738,"column":null}},"153":{"start":{"line":739,"column":11},"end":{"line":745,"column":null}},"154":{"start":{"line":740,"column":6},"end":{"line":740,"column":null}},"155":{"start":{"line":741,"column":6},"end":{"line":741,"column":null}},"156":{"start":{"line":742,"column":11},"end":{"line":745,"column":null}},"157":{"start":{"line":743,"column":6},"end":{"line":743,"column":null}},"158":{"start":{"line":744,"column":6},"end":{"line":744,"column":null}},"159":{"start":{"line":747,"column":4},"end":{"line":750,"column":null}},"160":{"start":{"line":748,"column":6},"end":{"line":748,"column":null}},"161":{"start":{"line":749,"column":6},"end":{"line":749,"column":null}},"162":{"start":{"line":752,"column":4},"end":{"line":752,"column":null}},"163":{"start":{"line":913,"column":70},"end":{"line":913,"column":null}},"164":{"start":{"line":1086,"column":23},"end":{"line":1086,"column":null}},"165":{"start":{"line":1089,"column":2},"end":{"line":1091,"column":null}},"166":{"start":{"line":1090,"column":4},"end":{"line":1090,"column":null}},"167":{"start":{"line":1093,"column":2},"end":{"line":1095,"column":null}},"168":{"start":{"line":1094,"column":4},"end":{"line":1094,"column":null}},"169":{"start":{"line":1097,"column":21},"end":{"line":1097,"column":null}},"170":{"start":{"line":1099,"column":2},"end":{"line":1104,"column":null}},"171":{"start":{"line":1100,"column":4},"end":{"line":1100,"column":null}},"172":{"start":{"line":1101,"column":4},"end":{"line":1101,"column":null}},"173":{"start":{"line":1103,"column":4},"end":{"line":1103,"column":null}},"174":{"start":{"line":1106,"column":2},"end":{"line":1115,"column":null}},"175":{"start":{"line":1108,"column":4},"end":{"line":1108,"column":null}},"176":{"start":{"line":1109,"column":4},"end":{"line":1109,"column":null}},"177":{"start":{"line":1110,"column":9},"end":{"line":1115,"column":null}},"178":{"start":{"line":1112,"column":4},"end":{"line":1112,"column":null}},"179":{"start":{"line":1114,"column":4},"end":{"line":1114,"column":null}},"180":{"start":{"line":1117,"column":2},"end":{"line":1125,"column":null}},"181":{"start":{"line":1121,"column":4},"end":{"line":1123,"column":null}},"182":{"start":{"line":1122,"column":6},"end":{"line":1122,"column":null}},"183":{"start":{"line":1124,"column":4},"end":{"line":1124,"column":null}},"184":{"start":{"line":1127,"column":2},"end":{"line":1131,"column":null}},"185":{"start":{"line":1128,"column":4},"end":{"line":1130,"column":null}},"186":{"start":{"line":1133,"column":2},"end":{"line":1135,"column":null}},"187":{"start":{"line":1134,"column":4},"end":{"line":1134,"column":null}},"188":{"start":{"line":1137,"column":2},"end":{"line":1139,"column":null}},"189":{"start":{"line":1138,"column":4},"end":{"line":1138,"column":null}},"190":{"start":{"line":1141,"column":16},"end":{"line":1141,"column":null}},"191":{"start":{"line":1142,"column":2},"end":{"line":1145,"column":null}},"192":{"start":{"line":1143,"column":4},"end":{"line":1143,"column":null}},"193":{"start":{"line":1144,"column":4},"end":{"line":1144,"column":null}},"194":{"start":{"line":1148,"column":15},"end":{"line":1148,"column":null}},"195":{"start":{"line":1150,"column":2},"end":{"line":1153,"column":null}},"196":{"start":{"line":1151,"column":4},"end":{"line":1151,"column":null}},"197":{"start":{"line":1152,"column":4},"end":{"line":1152,"column":null}},"198":{"start":{"line":1155,"column":2},"end":{"line":1155,"column":null}},"199":{"start":{"line":1156,"column":2},"end":{"line":1156,"column":null}},"200":{"start":{"line":1156,"column":15},"end":{"line":1156,"column":null}},"201":{"start":{"line":1158,"column":0},"end":{"line":1158,"column":null}},"202":{"start":{"line":1175,"column":21},"end":{"line":1175,"column":null}},"203":{"start":{"line":1176,"column":2},"end":{"line":1178,"column":null}},"204":{"start":{"line":1177,"column":4},"end":{"line":1177,"column":null}},"205":{"start":{"line":1180,"column":18},"end":{"line":1180,"column":null}},"206":{"start":{"line":1181,"column":26},"end":{"line":1181,"column":null}},"207":{"start":{"line":1182,"column":26},"end":{"line":1184,"column":null}},"208":{"start":{"line":1183,"column":4},"end":{"line":1183,"column":null}},"209":{"start":{"line":1186,"column":2},"end":{"line":1191,"column":null}},"210":{"start":{"line":1195,"column":18},"end":{"line":1195,"column":null}},"211":{"start":{"line":1196,"column":2},"end":{"line":1198,"column":null}},"212":{"start":{"line":1197,"column":4},"end":{"line":1197,"column":null}},"213":{"start":{"line":1200,"column":17},"end":{"line":1200,"column":null}},"214":{"start":{"line":1201,"column":2},"end":{"line":1203,"column":null}},"215":{"start":{"line":1202,"column":4},"end":{"line":1202,"column":null}},"216":{"start":{"line":1205,"column":2},"end":{"line":1205,"column":null}},"217":{"start":{"line":1216,"column":18},"end":{"line":1216,"column":null}},"218":{"start":{"line":1217,"column":2},"end":{"line":1219,"column":null}},"219":{"start":{"line":1218,"column":4},"end":{"line":1218,"column":null}},"220":{"start":{"line":1221,"column":17},"end":{"line":1221,"column":null}},"221":{"start":{"line":1222,"column":2},"end":{"line":1224,"column":null}},"222":{"start":{"line":1223,"column":4},"end":{"line":1223,"column":null}},"223":{"start":{"line":1226,"column":16},"end":{"line":1226,"column":null}},"224":{"start":{"line":1227,"column":2},"end":{"line":1235,"column":null}},"225":{"start":{"line":1228,"column":4},"end":{"line":1228,"column":null}},"226":{"start":{"line":1229,"column":4},"end":{"line":1234,"column":null}},"227":{"start":{"line":1230,"column":6},"end":{"line":1230,"column":null}},"228":{"start":{"line":1231,"column":6},"end":{"line":1233,"column":null}},"229":{"start":{"line":1232,"column":8},"end":{"line":1232,"column":null}},"230":{"start":{"line":1240,"column":24},"end":{"line":1240,"column":null}},"231":{"start":{"line":1251,"column":31},"end":{"line":1251,"column":null}},"232":{"start":{"line":1252,"column":2},"end":{"line":1252,"column":null}},"233":{"start":{"line":1253,"column":2},"end":{"line":1257,"column":null}},"234":{"start":{"line":1254,"column":4},"end":{"line":1254,"column":null}},"235":{"start":{"line":1256,"column":4},"end":{"line":1256,"column":null}},"236":{"start":{"line":1277,"column":2},"end":{"line":1279,"column":null}},"237":{"start":{"line":1278,"column":4},"end":{"line":1278,"column":null}},"238":{"start":{"line":1280,"column":21},"end":{"line":1280,"column":null}},"239":{"start":{"line":1281,"column":21},"end":{"line":1281,"column":null}},"240":{"start":{"line":1283,"column":18},"end":{"line":1283,"column":null}},"241":{"start":{"line":1284,"column":2},"end":{"line":1286,"column":null}},"242":{"start":{"line":1285,"column":4},"end":{"line":1285,"column":null}},"243":{"start":{"line":1288,"column":17},"end":{"line":1288,"column":null}},"244":{"start":{"line":1289,"column":2},"end":{"line":1291,"column":null}},"245":{"start":{"line":1290,"column":4},"end":{"line":1290,"column":null}},"246":{"start":{"line":1295,"column":2},"end":{"line":1295,"column":null}},"247":{"start":{"line":1297,"column":14},"end":{"line":1297,"column":null}},"248":{"start":{"line":1298,"column":8},"end":{"line":1306,"column":null}},"249":{"start":{"line":1299,"column":4},"end":{"line":1305,"column":null}},"250":{"start":{"line":1300,"column":17},"end":{"line":1300,"column":null}},"251":{"start":{"line":1301,"column":6},"end":{"line":1301,"column":null}},"252":{"start":{"line":1303,"column":6},"end":{"line":1303,"column":null}},"253":{"start":{"line":1304,"column":6},"end":{"line":1304,"column":null}},"254":{"start":{"line":1308,"column":2},"end":{"line":1308,"column":null}}},"fnMap":{"0":{"name":"(anonymous_0)","decl":{"start":{"line":12,"column":13},"end":{"line":12,"column":21}},"loc":{"start":{"line":12,"column":46},"end":{"line":12,"column":null}},"line":12},"1":{"name":"(anonymous_1)","decl":{"start":{"line":17,"column":13},"end":{"line":17,"column":29}},"loc":{"start":{"line":17,"column":45},"end":{"line":17,"column":null}},"line":17},"2":{"name":"constructor","decl":{"start":{"line":29,"column":2},"end":{"line":29,"column":14}},"loc":{"start":{"line":29,"column":36},"end":{"line":31,"column":null}},"line":29},"3":{"name":"dynamicHookKey","decl":{"start":{"line":40,"column":16},"end":{"line":40,"column":31}},"loc":{"start":{"line":40,"column":69},"end":{"line":42,"column":null}},"line":40},"4":{"name":"constructor_2","decl":{"start":{"line":59,"column":2},"end":{"line":59,"column":14}},"loc":{"start":{"line":59,"column":35},"end":{"line":61,"column":null}},"line":59},"5":{"name":"(anonymous_5)","decl":{"start":{"line":60,"column":45},"end":{"line":60,"column":58}},"loc":{"start":{"line":60,"column":58},"end":{"line":60,"column":null}},"line":60},"6":{"name":"argsProvider","decl":{"start":{"line":72,"column":16},"end":{"line":72,"column":46}},"loc":{"start":{"line":72,"column":84},"end":{"line":74,"column":null}},"line":72},"7":{"name":"getCurrentHookKeyContext","decl":{"start":{"line":121,"column":16},"end":{"line":121,"column":65}},"loc":{"start":{"line":121,"column":65},"end":{"line":123,"column":null}},"line":121},"8":{"name":"hookBase","decl":{"start":{"line":330,"column":9},"end":{"line":330,"column":null}},"loc":{"start":{"line":341,"column":57},"end":{"line":459,"column":null}},"line":341},"9":{"name":"runHook","decl":{"start":{"line":419,"column":11},"end":{"line":419,"column":30}},"loc":{"start":{"line":419,"column":42},"end":{"line":454,"column":null}},"line":419},"10":{"name":"(anonymous_10)","decl":{"start":{"line":443,"column":6},"end":{"line":443,"column":14}},"loc":{"start":{"line":443,"column":29},"end":{"line":449,"column":null}},"line":443},"11":{"name":"inherit","decl":{"start":{"line":483,"column":16},"end":{"line":483,"column":24}},"loc":{"start":{"line":483,"column":59},"end":{"line":499,"column":null}},"line":483},"12":{"name":"Hook","decl":{"start":{"line":507,"column":16},"end":{"line":507,"column":23}},"loc":{"start":{"line":507,"column":23},"end":{"line":523,"column":null}},"line":507},"13":{"name":"HookClass","decl":{"start":{"line":508,"column":18},"end":{"line":508,"column":28}},"loc":{"start":{"line":508,"column":73},"end":{"line":522,"column":null}},"line":508},"14":{"name":"(anonymous_14)","decl":{"start":{"line":509,"column":27},"end":{"line":509,"column":48}},"loc":{"start":{"line":509,"column":48},"end":{"line":521,"column":5}},"line":509},"15":{"name":"_resolveHookDecoratorOptions","decl":{"start":{"line":551,"column":16},"end":{"line":551,"column":null}},"loc":{"start":{"line":554,"column":25},"end":{"line":566,"column":null}},"line":554},"16":{"name":"_createHookInvoker","decl":{"start":{"line":587,"column":16},"end":{"line":587,"column":null}},"loc":{"start":{"line":594,"column":2},"end":{"line":602,"column":null}},"line":594},"17":{"name":"runHook_2","decl":{"start":{"line":596,"column":18},"end":{"line":596,"column":37}},"loc":{"start":{"line":596,"column":53},"end":{"line":601,"column":null}},"line":596},"18":{"name":"_createAccessorDecorator","decl":{"start":{"line":620,"column":16},"end":{"line":620,"column":null}},"loc":{"start":{"line":628,"column":27},"end":{"line":665,"column":null}},"line":628},"19":{"name":"get","decl":{"start":{"line":635,"column":4},"end":{"line":635,"column":9}},"loc":{"start":{"line":635,"column":53},"end":{"line":645,"column":null}},"line":635},"20":{"name":"set","decl":{"start":{"line":646,"column":4},"end":{"line":646,"column":9}},"loc":{"start":{"line":646,"column":53},"end":{"line":656,"column":null}},"line":646},"21":{"name":"init","decl":{"start":{"line":657,"column":4},"end":{"line":657,"column":10}},"loc":{"start":{"line":657,"column":57},"end":{"line":663,"column":null}},"line":657},"22":{"name":"hookDecorator","decl":{"start":{"line":697,"column":16},"end":{"line":697,"column":null}},"loc":{"start":{"line":700,"column":19},"end":{"line":754,"column":null}},"line":700},"23":{"name":"decorate","decl":{"start":{"line":705,"column":18},"end":{"line":705,"column":38}},"loc":{"start":{"line":705,"column":86},"end":{"line":753,"column":null}},"line":705},"24":{"name":"(anonymous_24)","decl":{"start":{"line":714,"column":29},"end":{"line":714,"column":50}},"loc":{"start":{"line":714,"column":50},"end":{"line":725,"column":7}},"line":714},"25":{"name":"attach","decl":{"start":{"line":1080,"column":16},"end":{"line":1080,"column":null}},"loc":{"start":{"line":1084,"column":2},"end":{"line":1157,"column":null}},"line":1084},"26":{"name":"(anonymous_26)","decl":{"start":{"line":1156,"column":2},"end":{"line":1156,"column":15}},"loc":{"start":{"line":1156,"column":15},"end":{"line":1156,"column":null}},"line":1156},"27":{"name":"inspectHook","decl":{"start":{"line":1174,"column":16},"end":{"line":1174,"column":28}},"loc":{"start":{"line":1174,"column":72},"end":{"line":1192,"column":null}},"line":1174},"28":{"name":"(anonymous_28)","decl":{"start":{"line":1182,"column":42},"end":{"line":1182,"column":50}},"loc":{"start":{"line":1182,"column":72},"end":{"line":1184,"column":5}},"line":1182},"29":{"name":"getMiddleware","decl":{"start":{"line":1194,"column":16},"end":{"line":1194,"column":30}},"loc":{"start":{"line":1194,"column":86},"end":{"line":1206,"column":null}},"line":1194},"30":{"name":"detach","decl":{"start":{"line":1215,"column":16},"end":{"line":1215,"column":23}},"loc":{"start":{"line":1215,"column":87},"end":{"line":1236,"column":null}},"line":1215},"31":{"name":"bypassMiddleware","decl":{"start":{"line":1250,"column":16},"end":{"line":1250,"column":36}},"loc":{"start":{"line":1250,"column":52},"end":{"line":1258,"column":null}},"line":1250},"32":{"name":"runMiddleware","decl":{"start":{"line":1270,"column":9},"end":{"line":1270,"column":null}},"loc":{"start":{"line":1276,"column":5},"end":{"line":1309,"column":null}},"line":1276},"33":{"name":"(anonymous_33)","decl":{"start":{"line":1298,"column":8},"end":{"line":1298,"column":18}},"loc":{"start":{"line":1298,"column":42},"end":{"line":1306,"column":null}},"line":1298}},"branchMap":{"0":{"loc":{"start":{"line":60,"column":16},"end":{"line":60,"column":null}},"type":"cond-expr","locations":[{"start":{"line":60,"column":45},"end":{"line":60,"column":58}},{"start":{"line":60,"column":45},"end":{"line":60,"column":null}}],"line":60},"1":{"loc":{"start":{"line":73,"column":31},"end":{"line":73,"column":98}},"type":"cond-expr","locations":[{"start":{"line":73,"column":84},"end":{"line":73,"column":94}},{"start":{"line":73,"column":94},"end":{"line":73,"column":98}}],"line":73},"2":{"loc":{"start":{"line":73,"column":31},"end":{"line":73,"column":84}},"type":"binary-expr","locations":[{"start":{"line":73,"column":31},"end":{"line":73,"column":52}},{"start":{"line":73,"column":52},"end":{"line":73,"column":84}}],"line":73},"3":{"loc":{"start":{"line":342,"column":2},"end":{"line":344,"column":null}},"type":"if","locations":[{"start":{"line":342,"column":2},"end":{"line":344,"column":null}},{"start":{},"end":{}}],"line":342},"4":{"loc":{"start":{"line":345,"column":2},"end":{"line":347,"column":null}},"type":"if","locations":[{"start":{"line":345,"column":2},"end":{"line":347,"column":null}},{"start":{},"end":{}}],"line":345},"5":{"loc":{"start":{"line":345,"column":2},"end":{"line":345,"column":90}},"type":"binary-expr","locations":[{"start":{"line":345,"column":7},"end":{"line":345,"column":41}},{"start":{"line":345,"column":41},"end":{"line":345,"column":70}},{"start":{"line":345,"column":70},"end":{"line":345,"column":90}}],"line":345},"6":{"loc":{"start":{"line":348,"column":2},"end":{"line":350,"column":null}},"type":"if","locations":[{"start":{"line":348,"column":2},"end":{"line":350,"column":null}},{"start":{},"end":{}}],"line":348},"7":{"loc":{"start":{"line":348,"column":6},"end":{"line":348,"column":88}},"type":"binary-expr","locations":[{"start":{"line":348,"column":6},"end":{"line":348,"column":34}},{"start":{"line":348,"column":34},"end":{"line":348,"column":68}},{"start":{"line":348,"column":68},"end":{"line":348,"column":88}}],"line":348},"8":{"loc":{"start":{"line":351,"column":2},"end":{"line":353,"column":null}},"type":"if","locations":[{"start":{"line":351,"column":2},"end":{"line":353,"column":null}},{"start":{},"end":{}}],"line":351},"9":{"loc":{"start":{"line":351,"column":6},"end":{"line":351,"column":88}},"type":"binary-expr","locations":[{"start":{"line":351,"column":6},"end":{"line":351,"column":40}},{"start":{"line":351,"column":40},"end":{"line":351,"column":68}},{"start":{"line":351,"column":68},"end":{"line":351,"column":88}}],"line":351},"10":{"loc":{"start":{"line":360,"column":2},"end":{"line":410,"column":null}},"type":"if","locations":[{"start":{"line":360,"column":2},"end":{"line":410,"column":null}},{"start":{"line":366,"column":9},"end":{"line":410,"column":null}}],"line":360},"11":{"loc":{"start":{"line":365,"column":10},"end":{"line":365,"column":null}},"type":"binary-expr","locations":[{"start":{"line":365,"column":10},"end":{"line":365,"column":18}},{"start":{"line":365,"column":18},"end":{"line":365,"column":null}}],"line":365},"12":{"loc":{"start":{"line":366,"column":9},"end":{"line":410,"column":null}},"type":"if","locations":[{"start":{"line":366,"column":9},"end":{"line":410,"column":null}},{"start":{"line":386,"column":9},"end":{"line":410,"column":null}}],"line":366},"13":{"loc":{"start":{"line":368,"column":4},"end":{"line":385,"column":null}},"type":"if","locations":[{"start":{"line":368,"column":4},"end":{"line":385,"column":null}},{"start":{"line":376,"column":11},"end":{"line":385,"column":null}}],"line":368},"14":{"loc":{"start":{"line":369,"column":6},"end":{"line":371,"column":null}},"type":"if","locations":[{"start":{"line":369,"column":6},"end":{"line":371,"column":null}},{"start":{},"end":{}}],"line":369},"15":{"loc":{"start":{"line":375,"column":12},"end":{"line":375,"column":null}},"type":"binary-expr","locations":[{"start":{"line":375,"column":12},"end":{"line":375,"column":20}},{"start":{"line":375,"column":20},"end":{"line":375,"column":null}}],"line":375},"16":{"loc":{"start":{"line":378,"column":6},"end":{"line":384,"column":null}},"type":"if","locations":[{"start":{"line":378,"column":6},"end":{"line":384,"column":null}},{"start":{"line":381,"column":13},"end":{"line":384,"column":null}}],"line":378},"17":{"loc":{"start":{"line":378,"column":10},"end":{"line":378,"column":64}},"type":"binary-expr","locations":[{"start":{"line":378,"column":10},"end":{"line":378,"column":38}},{"start":{"line":378,"column":38},"end":{"line":378,"column":64}}],"line":378},"18":{"loc":{"start":{"line":380,"column":14},"end":{"line":380,"column":null}},"type":"binary-expr","locations":[{"start":{"line":380,"column":14},"end":{"line":380,"column":22}},{"start":{"line":380,"column":22},"end":{"line":380,"column":null}}],"line":380},"19":{"loc":{"start":{"line":383,"column":14},"end":{"line":383,"column":null}},"type":"binary-expr","locations":[{"start":{"line":383,"column":14},"end":{"line":383,"column":22}},{"start":{"line":383,"column":22},"end":{"line":383,"column":null}}],"line":383},"20":{"loc":{"start":{"line":386,"column":9},"end":{"line":410,"column":null}},"type":"if","locations":[{"start":{"line":386,"column":9},"end":{"line":410,"column":null}},{"start":{"line":406,"column":9},"end":{"line":410,"column":null}}],"line":386},"21":{"loc":{"start":{"line":388,"column":4},"end":{"line":405,"column":null}},"type":"if","locations":[{"start":{"line":388,"column":4},"end":{"line":405,"column":null}},{"start":{"line":395,"column":11},"end":{"line":405,"column":null}}],"line":388},"22":{"loc":{"start":{"line":389,"column":6},"end":{"line":391,"column":null}},"type":"if","locations":[{"start":{"line":389,"column":6},"end":{"line":391,"column":null}},{"start":{},"end":{}}],"line":389},"23":{"loc":{"start":{"line":394,"column":12},"end":{"line":394,"column":null}},"type":"binary-expr","locations":[{"start":{"line":394,"column":12},"end":{"line":394,"column":20}},{"start":{"line":394,"column":20},"end":{"line":394,"column":null}}],"line":394},"24":{"loc":{"start":{"line":395,"column":11},"end":{"line":405,"column":null}},"type":"if","locations":[{"start":{"line":395,"column":11},"end":{"line":405,"column":null}},{"start":{"line":402,"column":11},"end":{"line":405,"column":null}}],"line":395},"25":{"loc":{"start":{"line":397,"column":12},"end":{"line":397,"column":null}},"type":"binary-expr","locations":[{"start":{"line":397,"column":12},"end":{"line":397,"column":20}},{"start":{"line":397,"column":20},"end":{"line":397,"column":null}}],"line":397},"26":{"loc":{"start":{"line":398,"column":6},"end":{"line":400,"column":null}},"type":"if","locations":[{"start":{"line":398,"column":6},"end":{"line":400,"column":null}},{"start":
[...]
tart":{"line":1196,"column":2},"end":{"line":1198,"column":null}},{"start":{},"end":{}}],"line":1196},"90":{"loc":{"start":{"line":1201,"column":2},"end":{"line":1203,"column":null}},"type":"if","locations":[{"start":{"line":1201,"column":2},"end":{"line":1203,"column":null}},{"start":{},"end":{}}],"line":1201},"91":{"loc":{"start":{"line":1217,"column":2},"end":{"line":1219,"column":null}},"type":"if","locations":[{"start":{"line":1217,"column":2},"end":{"line":1219,"column":null}},{"start":{},"end":{}}],"line":1217},"92":{"loc":{"start":{"line":1222,"column":2},"end":{"line":1224,"column":null}},"type":"if","locations":[{"start":{"line":1222,"column":2},"end":{"line":1224,"column":null}},{"start":{},"end":{}}],"line":1222},"93":{"loc":{"start":{"line":1227,"column":2},"end":{"line":1235,"column":null}},"type":"if","locations":[{"start":{"line":1227,"column":2},"end":{"line":1235,"column":null}},{"start":{},"end":{}}],"line":1227},"94":{"loc":{"start":{"line":1229,"column":4},"end":{"line":1234,"column":null}},"type":"if","locations":[{"start":{"line":1229,"column":4},"end":{"line":1234,"column":null}},{"start":{},"end":{}}],"line":1229},"95":{"loc":{"start":{"line":1231,"column":6},"end":{"line":1233,"column":null}},"type":"if","locations":[{"start":{"line":1231,"column":6},"end":{"line":1233,"column":null}},{"start":{},"end":{}}],"line":1231},"96":{"loc":{"start":{"line":1277,"column":2},"end":{"line":1279,"column":null}},"type":"if","locations":[{"start":{"line":1277,"column":2},"end":{"line":1279,"column":null}},{"start":{},"end":{}}],"line":1277},"97":{"loc":{"start":{"line":1277,"column":6},"end":{"line":1277,"column":42}},"type":"binary-expr","locations":[{"start":{"line":1277,"column":6},"end":{"line":1277,"column":28}},{"start":{"line":1277,"column":28},"end":{"line":1277,"column":42}}],"line":1277},"98":{"loc":{"start":{"line":1280,"column":21},"end":{"line":1280,"column":null}},"type":"binary-expr","locations":[{"start":{"line":1280,"column":21},"end":{"line":1280,"column":29}},{"start":{"line":1280,"column":29},"end":{"line":1280,"column":null}}],"line":1280},"99":{"loc":{"start":{"line":1284,"column":2},"end":{"line":1286,"column":null}},"type":"if","locations":[{"start":{"line":1284,"column":2},"end":{"line":1286,"column":null}},{"start":{},"end":{}}],"line":1284},"100":{"loc":{"start":{"line":1289,"column":2},"end":{"line":1291,"column":null}},"type":"if","locations":[{"start":{"line":1289,"column":2},"end":{"line":1291,"column":null}},{"start":{},"end":{}}],"line":1289},"101":{"loc":{"start":{"line":1299,"column":4},"end":{"line":1305,"column":null}},"type":"if","locations":[{"start":{"line":1299,"column":4},"end":{"line":1305,"column":null}},{"start":{"line":1302,"column":11},"end":{"line":1305,"column":null}}],"line":1299}},"s":{"0":6,"1":6,"2":6,"3":6,"4":6,"5":6,"6":95,"7":93,"8":93,"9":6,"10":22,"11":19,"12":22,"13":6,"14":6,"15":101,"16":652,"17":11,"18":641,"19":67,"20":574,"21":21,"22":553,"23":22,"24":531,"25":531,"26":531,"27":10,"28":10,"29":10,"30":10,"31":521,"32":368,"33":6,"34":1,"35":5,"36":5,"37":5,"38":5,"39":362,"40":362,"41":359,"42":359,"43":3,"44":3,"45":153,"46":148,"47":134,"48":1,"49":133,"50":133,"51":133,"52":14,"53":3,"54":3,"55":3,"56":1,"57":2,"58":11,"59":11,"60":5,"61":5,"62":528,"63":737,"64":737,"65":737,"66":237,"67":737,"68":737,"69":737,"70":647,"71":4,"72":4,"73":4,"74":4,"75":4,"76":643,"77":643,"78":643,"79":643,"80":1083,"81":441,"82":642,"83":733,"84":737,"85":737,"86":528,"87":528,"88":6,"89":282,"90":282,"91":282,"92":178,"93":282,"94":282,"95":303,"96":303,"97":282,"98":6,"99":84,"100":84,"101":84,"102":84,"103":17,"104":17,"105":11,"106":180,"107":79,"108":101,"109":105,"110":105,"111":210,"112":123,"113":210,"114":38,"115":38,"116":38,"117":38,"118":38,"119":114,"120":44,"121":44,"122":114,"123":41,"124":34,"125":34,"126":41,"127":46,"128":45,"129":45,"130":46,"131":121,"132":121,"133":121,"134":121,"135":121,"136":121,"137":121,"138":17,"139":17,"140":17,"141":17,"142":18,"143":6,"144":12,"145":17,"146":104,"147":25,"148":25,"149":79,"150":23,"151":23,"152":23,"153":56,"154":22,"155":22,"156":34,"157":22,"158":22,"159":79,"160":35,"161":35,"162":79,"163":6,"164":381,"165":381,"166":1,"167":380,"168":2,"169":378,"170":378,"171":18,"172":18,"173":360,"174":378,"175":353,"176":353,"177":25,"178":24,"179":1,"180":377,"181":6,"182":2,"183":4,"184":375,"185":3,"186":372,"187":1,"188":371,"189":108,"190":371,"191":371,"192":190,"193":190,"194":371,"195":371,"196":350,"197":350,"198":371,"199":371,"200":26,"201":6,"202":5,"203":5,"204":1,"205":4,"206":4,"207":5,"208":3,"209":5,"210":3,"211":3,"212":1,"213":2,"214":2,"215":1,"216":1,"217":33,"218":33,"219":1,"220":32,"221":32,"222":1,"223":31,"224":31,"225":30,"226":30,"227":27,"228":27,"229":15,"230":6,"231":1,"232":1,"233":1,"234":1,"235":1,"236":1174,"237":1,"238":1173,"239":1174,"240":1174,"241":1174,"242":491,"243":682,"244":682,"245":120,"246":562,"247":562,"248":562,"249":1150,"250":589,"251":589,"252":561,"253":561,"254":562},"f":{"0":79,"1":95,"2":93,"3":93,"4":22,"5":19,"6":22,"7":101,"8":652,"9":737,"10":1083,"11":282,"12":84,"13":84,"14":84,"15":180,"16":105,"17":210,"18":38,"19":38,"20":38,"21":38,"22":121,"23":121,"24":18,"25":381,"26":26,"27":5,"28":3,"29":3,"30":33,"31":1,"32":1174,"33":1150},"b":{"0":[2,19],"1":[2,20],"2":[22,21],"3":[11,641],"4":[67,574],"5":[641,453,389],"6":[21,553],"7":[574,161,21],"8":[22,531],"9":[553,161,161],"10":[10,521],"11":[10,1],"12":[368,153],"13":[6,362],"14":[1,5],"15":[5,1],"16":[359,3],"17":[362,3],"18":[359,1],"19":[3,1],"20":[148,5],"21":[134,14],"22":[1,133],"23":[133,70],"24":[3,11],"25":[3,1],"26":[1,2],"27":[3,1],"28":[11,3],"29":[5,1],"30":[647,90],"31":[4,643],"32":[4,2],"33":[441,642],"34":[733,715],"35":[282,104],"36":[178,104],"37":[282,178],"38":[282,585],"39":[84,68],"40":[11,6],"41":[17,11],"42":[79,101],"43":[24,55],"44":[53,48],"45":[21,80],"46":[123,87],"47":[123,61],"48":[61,61],"49":[123,116],"50":[17,21],"51":[44,70],"52":[44,43],"53":[44,27],"54":[34,7],"55":[34,33],"56":[34,19],"57":[45,1],"58":[45,44],"59":[45,28],"60":[121,38],"61":[17,104],"62":[121,68],"63":[17,16],"64":[6,12],"65":[6,3],"66":[12,6],"67":[25,79],"68":[23,56],"69":[22,34],"70":[22,12],"71":[35,44],"72":[1,380],"73":[381,165,34,1],"74":[2,378],"75":[18,360],"76":[353,25],"77":[24,1],"78":[6,371],"79":[2,4],"80":[3,372],"81":[1,371],"82":[108,263],"83":[371,362],"84":[190,181],"85":[350,21],"86":[1,4],"87":[4,1],"88":[3,1],"89":[1,2],"90":[1,1],"91":[1,32],"92":[1,31],"93":[30,1],"94":[27,3],"95":[15,12],"96":[1,1173],"97":[1174,1173],"98":[1173,1],"99":[491,683],"100":[120,562],"101":[589,561]},"meta":{"lastBranch":102,"lastFunction":34,"lastStatement":255,"seen":{"s:1:22:1:Infinity":0,"s:3:33:3:Infinity":1,"s:8:25:8:Infinity":2,"s:10:32:10:Infinity":3,"s:12:13:12:Infinity":4,"f:12:13:12:21":0,"s:17:13:17:Infinity":5,"f:17:13:17:29":1,"s:17:45:17:Infinity":6,"f:29:2:29:14":2,"s:30:4:30:Infinity":7,"f:40:16:40:31":3,"s:41:2:41:Infinity":8,"s:52:19:52:Infinity":9,"f:59:2:59:14":4,"s:60:4:60:Infinity":10,"b:60:45:60:58:60:45:60:Infinity":0,"f:60:45:60:58":5,"s:60:58:60:Infinity":11,"f:72:16:72:46":6,"s:73:2:73:Infinity":12,"b:73:84:73:94:73:94:73:98":1,"b:73:31:73:52:73:52:73:84":2,"s:76:20:76:Infinity":13,"s:113:43:113:Infinity":14,"f:121:16:121:65":7,"s:122:2:122:Infinity":15,"f:330:9:330:Infinity":8,"b:342:2:344:Infinity:undefined:undefined:undefined:undefined":3,"s:342:2:344:Infinity":16,"s:343:4:343:Infinity":17,"b:345:2:347:Infinity:undefined:undefined:undefined:undefined":4,"s:345:2:347:Infinity":18,"b:345:7:345:41:345:41:345:70:345:70:345:90":5,"s:346:4:346:Infinity":19,"b:348:2:350:Infinity:undefined:undefined:undefined:undefined":6,"s:348:2:350:Infinity":20,"b:348:6:348:34:348:34:348:68:348:68:348:88":7,"s:349:4:349:Infinity":21,"b:351:2:353:Infinity:undefined:undefined:undefined:undefined":8,"s:351:2:353:Infinity":22,"b:351:6:351:40:351:40:351:68:351:68:351:88":9,"s:352:4:352:Infinity":23,"s:356:23:356:Infinity":24,"s:357:33:357:Infinity":25,"b:360:2:410:Infinity:366:9:410:Infinity":10,"s:360:2:410:Infinity":26,"s:362:4:362:Infinity":27,"s:363:4:363:Infinity":28,"s:364:4:364:Infinity":29,"s:365:4:365:Infinity":30,"b:365:10:365:18:365:18:365:Infinity":11,"b:366:9:410:Infinity:386:9:410:Infinity":12,"s:366:9:410:Infinity":31,"b:368:4:385:Infinity:376:11:385:Infinity":13,"s:368:4:385:Infinity":32,"b:369:6:371:Infinity:undefined:undefined:undefined:undefined":14,"s:369:6:371:Infinity":33,"s:370:8:370:Infinity":34,"s:372:6:372:Infinity":35,"s:373:6:373:Infinity":36,"s:374:6:374:Infinity":37,"s:375:6:375:Infinity":38,"b:375:12:375:20:375:20:375:Infinity":15,"s:377:6:377:Infinity":39,"b:378:6:384:Infinity:381:13:384:Infinity":16,"s:378:6:384:Infinity":40,"b:378:10:378:38:378:38:378:64":17,"s:379:8:379:Infinity":41,"s:380:8:380:Infinity":42,"b:380:14:380:22:380:22:380:Infinity":18,"s:382:8:382:Infinity":43,"s:383:8:383:Infinity":44,"b:383:14:383:22:383:22:383:Infinity":19,"b:386:9:410:Infinity:406:9:410:Infinity":20,"s:386:9:410:Infinity":45,"b:388:4:405:Infinity:395:11:405:Infinity":21,"s:388:4:405:Infinity":46,"b:389:6:391:Infinity:undefined:undefined:undefined:undefined":22,"s:389:6:391:Infinity":47,"s:390:8:390:Infinity":48,"s:392:6:392:Infinity":49,"s:393:6:393:Infinity":50,"s:394:6:394:Infinity":51,"b:394:12:394:20:394:20:394:Infinity":23,"b:395:11:405:Infinity:402:11:405:Infinity":24,"s:395:11:405:Infinity":52,"s:396:6:396:Infinity":53,"s:397:6:397:Infinity":54,"b:397:12:397:20:397:20:397:Infinity":25,"b:398:6:400:Infinity:undefined:undefined:undefined:undefined":26,"s:398:6:400:Infinity":55,"b:398:10:398:25:398:25:398:42":27,"s:399:8:399:Infinity":56,"s:401:6:401:Infinity":57,"s:403:6:403:Infinity":58,"s:404:6:404:Infinity":59,"b:404:12:404:20:404:20:404:Infinity":28,"s:408:4:408:Infinity":60,"b:408:10:408:18:408:18:408:Infinity":29,"s:409:4:409:Infinity":61,"s:412:37:417:Infinity":62,"f:419:11:419:30":9,"s:420:14:420:Infinity":63,"s:421:23:421:Infinity":64,"s:425:4:427:Infinity":65,"s:426:6:426:Infinity":66,"s:428:4:428:Infinity":67,"s:430:37:430:Infinity":68,"b:432:4:450:Infinity:undefined:undefined:undefined:undefined":30,"s:432:4:450:Infinity":69,"b:433:6:439:Infinity:undefined:undefined:undefined:undefined":31,"s:433:6:439:Infinity":70,"s:434:26:434:Infinity":71,"b:434:26:434:56:434:56:434:Infinity":32,"s:435:27:435:Infinity":72,"s:436:23:436:Infinity":73,"s:437:8:437:Infinity":74,"s:438:8:438:Infinity":75,"s:440:14:440:Infinity":76,"s:441:20:441:Infinity":77,"s:442:6:442:Infinity":78,"s:443:6:449:Infinity":79,"f:443:6:443:14":10,"b:444:8:448:Infinity:446:15:448:Infinity":33,"s:444:8:448:Infinity":80,"s:445:10:445:Infinity":81,"s:447:10:447:Infinity":82,"s:451:19:451:Infinity":83,"b:451:70:451:99:451:99:451:104":34,"s:452:4:452:Infinity":84,"s:453:4:453:Infinity":85,"s:456:2:456:Infinity":86,"s:458:2:458:Infinity":87,"s:460:20:460:Infinity":88,"f:483:16:483:24":11,"s:484:33:484:Infinity":89,"s:485:18:485:Infinity":90,"b:485:18:485:60:485:60:485:Infinity":35,"b:488:2:490:Infinity:undefined:undefined:undefined:undefined":36,"s:488:2:490:Infinity":91,"s:489:4:489:Infinity":92,"s:492:15:492:Infinity":93,"b:492:15:492:65:492:65:492:Infinity":37,"s:493:2:496:Infinity":94,"b:493:9:493:18:493:18:493:49":38,"s:494:4:494:Infinity":95,"s:495:4:495:Infinity":96,"s:498:2:498:Infinity":97,"s:500:0:500:Infinity":98,"f:507:16:507:23":12,"s:508:2:522:Infinity":99,"f:508:18:508:28":13,"s:509:4:521:Infinity":100,"f:509:27:509:48":14,"s:510:36:510:Infinity":101,"b:510:36:510:80:510:80:510:Infinity":39,"s:511:6:520:Infinity":102,"s:512:23:512:Infinity":103,"b:513:8:519:Infinity:undefined:undefined:undefined:undefined":40,"s:513:8:519:Infinity":104,"b:513:12:513:23:513:23:513:64":41,"s:514:10:518:Infinity":105,"f:551:16:551:Infinity":15,"b:555:2:560:Infinity:undefined:undefined:undefined:undefined":42,"s:555:2:560:Infinity":106,"s:556:4:559:Infinity":107,"b:558:51:558:58:558:58:558:Infinity":43,"s:562:2:565:Infinity":108,"b:563:49:563:56:563:56:563:Infinity":44,"b:564:48:564:55:564:55:564:Infinity":45,"f:587:16:587:Infinity":16,"s:595:18:595:Infinity":109,"s:596:2:601:Infinity":110,"f:596:18:596:37":17,"b:597:4:599:Infinity:undefined:undefined:undefined:undefined":46,"s:597:4:599:Infinity":111,"s:598:6:598:Infinity":112,"b:598:27:598:41:598:41:598:71":47,"b:598:49:598:64:598:64:598:68":48,"b:598:92:598:102:598:102:598:106":49,"s:600:4:600:Infinity":113,"f:620:16:620:Infinity":18,"s:629:21:629:Infinity":114,"s:630:21:630:Infinity":115,"s:631:22:631:Infinity":116,"s:632:17:632:Infinity":117,"b:632:28:632:40:632:40:632:Infinity":50,"s:634:2:664:Infinity":118,"f:635:4:635:9":19,"b:636:6:643:Infinity:undefined:undefined:undefined:undefined":51,"s:636:6:643:Infinity":119,"s:637:25:637:Infinity":120,"b:637:25:637:34:637:34:637:Infinity":52,"s:638:8:642:Infinity":121,"b:639:10:639:24:639:24:639:Infinity":53,"s:644:6:644:Infinity":122,"f:646:4:646:9":20,"b:647:6:654:Infinity:undefined:undefined:undefined:undefined":54,"s:647:6:654:Infinity":123,"s:648:25:648:Infinity":124,"b:648:25:648:34:648:34:648:Infinity":55,"s:649:8:653:Infinity":125,"b:650:10:650:24:650:24:650:Infinity":56,"s:655:6:655:Infinity":126,"f:657:4:657:10":21,"b:658:6:661:Infinity:undefined:undefined:undefined:undefined":57,"s:658:6:661:Infinity":127,"s:659:25:659:Infinity":128,"b:659:25:659:34:659:34:659:Infinity":58,"s:660:8:660:Infinity":129,"b:660:33:660:47:660:47:660:66":59,"s:662:6:662:Infinity":130,"f:697:16:697:Infinity":22,"s:701:26:701:Infinity":131,"s:702:2:702:Infinity":132,"s:703:2:703:Infinity":133,"s:705:2:753:Infinity":134,"f:705:18:705:38":23,"s:706:22:706:Infinity":135,"s:707:20:707:Infinity":136,"b:707:20:707:39:707:39:707:Infinity":60,"b:709:4:728:Infinity:undefined:undefined:undefined:undefined":61,"s:709:4:728:Infinity":137,"b:709:8:709:28:709:28:709:55":62,"s:710:48:710:Infinity":138,"s:711:36:711:Infinity":139,"b:711:36:711:73:711:73:711:Infinity":63,"s:712:6:712:Infinity":140,"s:714:6:725:Infinity":141,"f:714:29:714:50":24,"b:719:8:724:Infinity:721:15:724:Infinity":64,"s:719:8:724:Infinity":142,"s:720:10:720:Infinity":143,"b:720:35:720:49:720:49:720:64":65,"s:723:10:723:Infinity":144,"b:723:35:723:49:723:49:723:64":66,"s:727:6:727:Infinity":145,"b:730:4:733:Infinity:undefined:undefined:undefined:undefined":67,"s:730:4:733:Infinity":146,"s:731:27:731:Infinity":147,"s:732:6:732:Infinity":148,"b:735:4:745:Infinity:739:11:745:Infinity":68,"s:735:4:745:Infinity":149,"s:736:6:736:Infinity":150,"s:737:6:737:Infinity":151,"s:738:6:738:Infinity":152,"b:739:11:745:Infinity:742:11:745:Infinity":69,"s:739:11:745:Infinity":153,"s:740:6:740:Infinity":154,"s:741:6:741:Infinity":155,"b:742:11:745:Infinity:undefined:undefined:undefined:undefined":70,"s:742:11:745:Infinity":156,"s:743:6:743:Infinity":157,"s:744:6:744:Infinity":158,"b:747:4:750:Infinity:undefined:undefined:undefined:undefined":71,"s:747:4:750:Infinity":159,"s:748:6:748:Infinity":160,"s:749:6:749:Infinity":161,"s:752:4:752:Infinity":162,"s:913:70:913:Infinity":163,"f:1080:16:1080:Infinity":25,"s:1086:23:1086:Infinity":164,"b:1089:2:1091:Infinity:undefined:undefined:undefined:undefined":72,"s:1089:2:1091:Infinity":165,"b:1089:6:1089:36:1089:36:1089:64:1089:64:1089:92:1089:92:1089:114":73,"s:1090:4:1090:Infinity":166,"b:1093:2:1095:Infinity:undefined:undefined:undefined:undefined":74,"s:1093:2:1095:Infinity":167,"s:1094:4:1094:Infinity":168,"s:1097:21:1097:Infinity":169,"b:1099:2:1104:Infinity:1102:9:1104:Infinity":75,"s:1099:2:1104:Infinity":170,"s:1100:4:1100:Infinity":171,"s:1101:4:1101:Infinity":172,"s:1103:4:1103:Infinity":173,"b:1106:2:1115:Infinity:1110:9:1115:Infinity":76,"s:1106:2:1115:Infinity":174,"s:1108:4:1108:Infinity":175,"s:1109:4:1109:Infinity":176,"b:1110:9:1115:Infinity:1113:9:1115:Infinity":77,"s:1110:9:1115:Infinity":177,"s:1112:4:1112:Infinity":178,"s:1114:4:1114:Infinity":179,"b:1117:2:1125:Infinity:undefined:undefined:undefined:undefined":78,"s:1117:2:1125:Infinity":180,"b:1121:4:1123:Infinity:undefined:undefined:undefined:undefined":79,"s:1121:4:1123:Infinity":181,"s:1122:6:1122:Infinity":182,"s:1124:4:1124:Infinity":183,"b:1127:2:1131:Infinity:undefined:undefined:undefined:undefined":80,"s:1127:2:1131:Infinity":184,"s:1128:4:1130:Infinity":185,"b:1133:2:1135:Infinity:undefined:undefined:undefined:undefined":81,"s:1133:2:1135:Infinity":186,"s:1134:4:1134:Infinity":187,"b:1137:2:1139:Infinity:undefined:undefined:undefined:undefined":82,"s:1137:2:1139:Infinity":188,"b:1137:6:1137:34:1137:34:1137:56":83,"s:1138:4:1138:Infinity":189,"s:1141:16:1141:Infinity":190,"b:1142:2:1145:Infinity:undefined:undefined:undefined:undefined":84,"s:1142:2:1145:Infinity":191,"s:1143:4:1143:Infinity":192,"s:1144:4:1144:Infinity":193,"s:1148:15:1148:Infinity":194,"b:1150:2:1153:Infinity:undefined:undefined:undefined:undefined":85,"s:1150:2:1153:Infinity":195,"s:1151:4:1151:Infinity":196,"s:1152:4:1152:Infinity":197,"s:1155:2:1155:Infinity":198,"s:1156:2:1156:Infinity":199,"f:1156:2:1156:15":26,"s:1156:15:1156:Infinity":200,"s:1158:0:1158:Infinity":201,"f:1174:16:1174:28":27,"s:1175:21:1175:Infinity":202,"b:1176:2:1178:Infinity:undefined:undefined:undefined:undefined":86,"s:1176:2:1178:Infinity":203,"s:1177:4:1177:Infinity":204,"s:1180:18:1180:Infinity":205,"s:1181:26:1181:Infinity":206,"b:1181:38:1181:49:1181:49:1181:51":87,"s:1182:26:1184:Infinity":207,"f:1182:42:1182:50":28,"s:1183:4:1183:Infinity":208,"b:1183:20:1183:53:1183:53:1183:Infinity":88,"s:1186:2:1191:Infinity":209,"f:1194:16:1194:30":29,"s:1195:18:1195:Infinity":210,"b:1196:2:1198:Infinity:undefined:undefined:undefined:undefined":89,"s:1196:2:1198:Infinity":211,"s:1197:4:1197:Infinity":212,"s:1200:17:1200:Infinity":213,"b:1201:2:1203:Infinity:undefined:undefined:undefined:undefined":90,"s:1201:2:1203:Infinity":214,"s:1202:4:1202:Infinity":215,"s:1205:2:1205:Infinity":216,"f:1215:16:1215:23":30,"s:1216:18:1216:Infinity":217,"b:1217:2:1219:Infinity:undefined:undefined:undefined:undefined":91,"s:1217:2:1219:Infinity":218,"s:1218:4:1218:Infinity":219,"s:1221:17:1221:Infinity":220,"b:1222:2:1224:Infinity:undefined:undefined:undefined:undefined":92,"s:1222:2:1224:Infinity":221,"s:1223:4:1223:Infinity":222,"s:1226:16:1226:Infinity":223,"b:1227:2:1235:Infinity:undefined:undefined:undefined:undefined":93,"s:1227:2:1235:Infinity":224,"s:1228:4:1228:Infinity":225,"b:1229:4:1234:Infinity:undefined:undefined:undefined:undefined":94,"s:1229:4:1234:Infinity":226,"s:1230:6:1230:Infinity":227,"b:1231:6:1233:Infinity:undefined:undefined:undefined:undefined":95,"s:1231:6:1233:Infinity":228,"s:1232:8:1232:Infinity":229,"s:1240:24:1240:Infinity":230,"f:1250:16:1250:36":31,"s:1251:31:1251:Infinity":231,"s:1252:2:1252:Infinity":232,"s:1253:2:1257:Infinity":233,"s:1254:4:1254:Infinity":234,"s:1256:4:1256:Infinity":235,"f:1270:9:1270:Infinity":32,"b:1277:2:1279:Infinity:undefined:undefined:undefined:undefined":96,"s:1277:2:1279:Infinity":236,"b:1277:6:1277:28:1277:28:1277:42":97,"s:1278:4:1278:Infinity":237,"s:1280:21:1280:Infinity":238,"b:1280:21:1280:29:1280:29:1280:Infinity":98,"s:1281:21:1281:Infinity":239,"s:1283:18:1283:Infinity":240,"b:1284:2:1286:Infinity:undefined:undefined:undefined:undefined":99,"s:1284:2:1286:Infinity":241,"s:1285:4:1285:Infinity":242,"s:1288:17:1288:Infinity":243,"b:1289:2:1291:Infinity:undefined:undefined:undefined:undefined":100,"s:1289:2:1291:Infinity":244,"s:1290:4:1290:Infinity":245,"s:1295:2:1295:Infinity":246,"s:1297:14:1297:Infinity":247,"s:1298:8:1306:Infinity":248,"f:1298:8:1298:18":33,"b:1299:4:1305:Infinity:1302:11:1305:Infinity":101,"s:1299:4:1305:Infinity":249,"s:1300:17:1300:Infinity":250,"s:1301:6:1301:Infinity":251,"s:1303:6:1303:Infinity":252,"s:1304:6:1304:Infinity":253,"s:1308:2:1308:Infinity":254},"fnNames":{}}}
,"/media/neuronet/projekty/hooks/src/index.ts": {"path":"/media/neuronet/projekty/hooks/src/index.ts","statementMap":{},"fnMap":{},"branchMap":{},"s":{},"f":{},"b":{},"meta":{"lastBranch":0,"lastFunction":0,"lastStatement":0,"seen":{},"fnNames":{}}}
}
